#
# A fatal error has been detected by the Java Runtime Environment:
#
#  EXCEPTION_ACCESS_VIOLATION (0xc0000005) at pc=0x046dfcb6, pid=6000, tid=4124
#
# JRE version: 7.0_25-b17
# Java VM: Java HotSpot(TM) Client VM (23.25-b01 mixed mode, sharing windows-x86 )
# Problematic frame:
# C  0x046dfcb6
#
# Failed to write core dump. Minidumps are not enabled by default on client versions of Windows
#
# If you would like to submit a bug report, please visit:
#   http://bugreport.sun.com/bugreport/crash.jsp
# The crash happened outside the Java Virtual Machine in native code.
# See problematic frame for where to report the bug.
#

---------------  T H R E A D  ---------------

Current thread (0x04b73400):  JavaThread "AWT-EventQueue-0" [_thread_in_native, id=4124, stack(0x06550000,0x065a0000)]

siginfo: ExceptionCode=0xc0000005, reading address 0x00000000

Registers:
EAX=0x0b2b01e0, EBX=0x08450000, ECX=0x00000000, EDX=0x00000004
ESP=0x0659e864, EBP=0x0659e8ac, ESI=0x00000000, EDI=0x00000000
EIP=0x046dfcb6, EFLAGS=0x00010246

Top of Stack: (sp=0x0659e864)
0x0659e864:   00000004 09020020 08450000 00000004
0x0659e874:   0659e8ac 5c3dc322 08450000 0b2b01e0
0x0659e884:   00000000 00000004 09020020 08450000
0x0659e894:   00000004 0871d8f8 0b2b01e0 00000080
0x0659e8a4:   09020020 00000000 0659e8cc 5c3da572
0x0659e8b4:   00450000 00000005 00000000 00000004
0x0659e8c4:   00000005 08450000 0659e8f8 5bb8718d
0x0659e8d4:   08450000 00000005 00000000 00000004 

Instructions: (pc=0x046dfcb6)
0x046dfc96:   18 8b 44 24 1c 8b 4c 24 20 8b 54 24 24 8b 35 88
0x046dfca6:   ba 47 08 8b b6 c4 02 00 00 8b f9 c1 e7 04 03 f7
0x046dfcb6:   8b 3e 8b 6e 04 89 38 89 68 04 8b 7e 08 8b 6e 0c
0x046dfcc6:   89 78 08 89 68 0c 8b 35 88 ba 47 08 8b b6 f0 02 


Register to memory mapping:

EAX=0x0b2b01e0 is an unknown value
EBX=0x08450000 is an unknown value
ECX=0x00000000 is an unknown value
EDX=0x00000004 is an unknown value
ESP=0x0659e864 is pointing into the stack for thread: 0x04b73400
EBP=0x0659e8ac is pointing into the stack for thread: 0x04b73400
ESI=0x00000000 is an unknown value
EDI=0x00000000 is an unknown value


Stack: [0x06550000,0x065a0000],  sp=0x0659e864,  free space=314k
Native frames: (J=compiled Java code, j=interpreted, Vv=VM code, C=native code)
C  0x046dfcb6
C  [nvoglv32.DLL+0x9ca572]  DrvPresentBuffers+0x116f62
C  [nvoglv32.DLL+0x17718d]
C  [jogl_desktop.dll+0x971d]  Java_jogamp_opengl_gl4_GL4bcImpl_dispatch_1glDrawArrays1__IIIJ+0x1d
j  jogamp.opengl.gl4.GL4bcImpl.dispatch_glDrawArrays1(IIIJ)V+0
j  jogamp.opengl.gl4.GL4bcImpl.glDrawArrays(III)V+39
j  processing.opengl.PGL.drawArrays(III)V+6
j  processing.opengl.PGL.drawTexture2D(IIIIIIIIIIIII)V+528
j  processing.opengl.PGL.drawTexture(IIIIIIIIIIIIII)V+32
j  processing.opengl.PGL.endDraw(Z)V+243
j  processing.opengl.PGraphicsOpenGL.endOnscreenDraw()V+7
j  processing.opengl.PGraphicsOpenGL.endDraw()V+61
j  processing.core.PApplet.handleDraw()V+319
j  processing.opengl.PGL$PGLListener.display(Ljavax/media/opengl/GLAutoDrawable;)V+376
j  jogamp.opengl.GLDrawableHelper.displayImpl(Ljavax/media/opengl/GLAutoDrawable;)V+58
j  jogamp.opengl.GLDrawableHelper.display(Ljavax/media/opengl/GLAutoDrawable;)V+2
j  javax.media.opengl.awt.GLCanvas$7.run()V+118
j  jogamp.opengl.GLDrawableHelper.invokeGLImpl(Ljavax/media/opengl/GLDrawable;Ljavax/media/opengl/GLContext;Ljava/lang/Runnable;Ljava/lang/Runnable;)V+206
j  jogamp.opengl.GLDrawableHelper.invokeGL(Ljavax/media/opengl/GLDrawable;Ljavax/media/opengl/GLContext;Ljava/lang/Runnable;Ljava/lang/Runnable;)V+80
j  javax.media.opengl.awt.GLCanvas$8.run()V+73
j  javax.media.opengl.Threading.invoke(ZLjava/lang/Runnable;Ljava/lang/Object;)V+33
j  javax.media.opengl.awt.GLCanvas.display()V+57
j  javax.media.opengl.awt.GLCanvas.paint(Ljava/awt/Graphics;)V+137
j  sun.awt.RepaintArea.paintComponent(Ljava/awt/Component;Ljava/awt/Graphics;)V+6
j  sun.awt.RepaintArea.paint(Ljava/lang/Object;Z)V+326
j  sun.awt.windows.WComponentPeer.handleEvent(Ljava/awt/AWTEvent;)V+155
j  java.awt.Component.dispatchEventImpl(Ljava/awt/AWTEvent;)V+869
j  java.awt.Component.dispatchEvent(Ljava/awt/AWTEvent;)V+2
j  java.awt.EventQueue.dispatchEventImpl(Ljava/awt/AWTEvent;Ljava/lang/Object;)V+41
j  java.awt.EventQueue.access$200(Ljava/awt/EventQueue;Ljava/awt/AWTEvent;Ljava/lang/Object;)V+3
j  java.awt.EventQueue$3.run()Ljava/lang/Void;+12
j  java.awt.EventQueue$3.run()Ljava/lang/Object;+1
v  ~StubRoutines::call_stub
V  [jvm.dll+0x124afa]
V  [jvm.dll+0x1d224e]
V  [jvm.dll+0x124b7d]
V  [jvm.dll+0xd8e34]
C  [java.dll+0x102f]  Java_java_security_AccessController_doPrivileged__Ljava_security_PrivilegedAction_2Ljava_security_AccessControlContext_2+0x17
j  java.security.ProtectionDomain$1.doIntersectionPrivilege(Ljava/security/PrivilegedAction;Ljava/security/AccessControlContext;Ljava/security/AccessControlContext;)Ljava/lang/Object;+28
j  java.security.ProtectionDomain$1.doIntersectionPrivilege(Ljava/security/PrivilegedAction;Ljava/security/AccessControlContext;)Ljava/lang/Object;+6
j  java.awt.EventQueue$4.run()Ljava/lang/Void;+11
j  java.awt.EventQueue$4.run()Ljava/lang/Object;+1
v  ~StubRoutines::call_stub
V  [jvm.dll+0x124afa]
V  [jvm.dll+0x1d224e]
V  [jvm.dll+0x124b7d]
V  [jvm.dll+0xd8e34]
C  [java.dll+0x102f]  Java_java_security_AccessController_doPrivileged__Ljava_security_PrivilegedAction_2Ljava_security_AccessControlContext_2+0x17
j  java.security.ProtectionDomain$1.doIntersectionPrivilege(Ljava/security/PrivilegedAction;Ljava/security/AccessControlContext;Ljava/security/AccessControlContext;)Ljava/lang/Object;+28
j  java.awt.EventQueue.dispatchEvent(Ljava/awt/AWTEvent;)V+73
j  java.awt.EventDispatchThread.pumpOneEventForFilters(I)V+245
j  java.awt.EventDispatchThread.pumpEventsForFilter(ILjava/awt/Conditional;Ljava/awt/EventFilter;)V+35
j  java.awt.EventDispatchThread.pumpEventsForHierarchy(ILjava/awt/Conditional;Ljava/awt/Component;)V+11
j  java.awt.EventDispatchThread.pumpEvents(ILjava/awt/Conditional;)V+4
j  java.awt.EventDispatchThread.pumpEvents(Ljava/awt/Conditional;)V+3
j  java.awt.EventDispatchThread.run()V+9
v  ~StubRoutines::call_stub
V  [jvm.dll+0x124afa]
V  [jvm.dll+0x1d224e]
V  [jvm.dll+0x124caf]
V  [jvm.dll+0x124d17]
V  [jvm.dll+0xcf06f]
V  [jvm.dll+0x144447]
V  [jvm.dll+0x1445b0]
V  [jvm.dll+0x177bb9]
C  [msvcr100.dll+0x5c6de]  endthreadex+0x3a
C  [msvcr100.dll+0x5c788]  endthreadex+0xe4
C  [kernel32.dll+0x1336a]  BaseThreadInitThunk+0x12
C  [ntdll.dll+0x39f72]  RtlInitializeExceptionChain+0x63
C  [ntdll.dll+0x39f45]  RtlInitializeExceptionChain+0x36

Java frames: (J=compiled Java code, j=interpreted, Vv=VM code)
j  jogamp.opengl.gl4.GL4bcImpl.dispatch_glDrawArrays1(IIIJ)V+0
j  jogamp.opengl.gl4.GL4bcImpl.glDrawArrays(III)V+39
j  processing.opengl.PGL.drawArrays(III)V+6
j  processing.opengl.PGL.drawTexture2D(IIIIIIIIIIIII)V+528
j  processing.opengl.PGL.drawTexture(IIIIIIIIIIIIII)V+32
j  processing.opengl.PGL.endDraw(Z)V+243
j  processing.opengl.PGraphicsOpenGL.endOnscreenDraw()V+7
j  processing.opengl.PGraphicsOpenGL.endDraw()V+61
j  processing.core.PApplet.handleDraw()V+319
j  processing.opengl.PGL$PGLListener.display(Ljavax/media/opengl/GLAutoDrawable;)V+376
j  jogamp.opengl.GLDrawableHelper.displayImpl(Ljavax/media/opengl/GLAutoDrawable;)V+58
j  jogamp.opengl.GLDrawableHelper.display(Ljavax/media/opengl/GLAutoDrawable;)V+2
j  javax.media.opengl.awt.GLCanvas$7.run()V+118
j  jogamp.opengl.GLDrawableHelper.invokeGLImpl(Ljavax/media/opengl/GLDrawable;Ljavax/media/opengl/GLContext;Ljava/lang/Runnable;Ljava/lang/Runnable;)V+206
j  jogamp.opengl.GLDrawableHelper.invokeGL(Ljavax/media/opengl/GLDrawable;Ljavax/media/opengl/GLContext;Ljava/lang/Runnable;Ljava/lang/Runnable;)V+80
j  javax.media.opengl.awt.GLCanvas$8.run()V+73
j  javax.media.opengl.Threading.invoke(ZLjava/lang/Runnable;Ljava/lang/Object;)V+33
j  javax.media.opengl.awt.GLCanvas.display()V+57
j  javax.media.opengl.awt.GLCanvas.paint(Ljava/awt/Graphics;)V+137
j  sun.awt.RepaintArea.paintComponent(Ljava/awt/Component;Ljava/awt/Graphics;)V+6
j  sun.awt.RepaintArea.paint(Ljava/lang/Object;Z)V+326
j  sun.awt.windows.WComponentPeer.handleEvent(Ljava/awt/AWTEvent;)V+155
j  java.awt.Component.dispatchEventImpl(Ljava/awt/AWTEvent;)V+869
j  java.awt.Component.dispatchEvent(Ljava/awt/AWTEvent;)V+2
j  java.awt.EventQueue.dispatchEventImpl(Ljava/awt/AWTEvent;Ljava/lang/Object;)V+41
j  java.awt.EventQueue.access$200(Ljava/awt/EventQueue;Ljava/awt/AWTEvent;Ljava/lang/Object;)V+3
j  java.awt.EventQueue$3.run()Ljava/lang/Void;+12
j  java.awt.EventQueue$3.run()Ljava/lang/Object;+1
v  ~StubRoutines::call_stub
j  java.security.AccessController.doPrivileged(Ljava/security/PrivilegedAction;Ljava/security/AccessControlContext;)Ljava/lang/Object;+0
j  java.security.ProtectionDomain$1.doIntersectionPrivilege(Ljava/security/PrivilegedAction;Ljava/security/AccessControlContext;Ljava/security/AccessControlContext;)Ljava/lang/Object;+28
j  java.security.ProtectionDomain$1.doIntersectionPrivilege(Ljava/security/PrivilegedAction;Ljava/security/AccessControlContext;)Ljava/lang/Object;+6
j  java.awt.EventQueue$4.run()Ljava/lang/Void;+11
j  java.awt.EventQueue$4.run()Ljava/lang/Object;+1
v  ~StubRoutines::call_stub
j  java.security.AccessController.doPrivileged(Ljava/security/PrivilegedAction;Ljava/security/AccessControlContext;)Ljava/lang/Object;+0
j  java.security.ProtectionDomain$1.doIntersectionPrivilege(Ljava/security/PrivilegedAction;Ljava/security/AccessControlContext;Ljava/security/AccessControlContext;)Ljava/lang/Object;+28
j  java.awt.EventQueue.dispatchEvent(Ljava/awt/AWTEvent;)V+73
j  java.awt.EventDispatchThread.pumpOneEventForFilters(I)V+245
j  java.awt.EventDispatchThread.pumpEventsForFilter(ILjava/awt/Conditional;Ljava/awt/EventFilter;)V+35
j  java.awt.EventDispatchThread.pumpEventsForHierarchy(ILjava/awt/Conditional;Ljava/awt/Component;)V+11
j  java.awt.EventDispatchThread.pumpEvents(ILjava/awt/Conditional;)V+4
j  java.awt.EventDispatchThread.pumpEvents(Ljava/awt/Conditional;)V+3
j  java.awt.EventDispatchThread.run()V+9
v  ~StubRoutines::call_stub

---------------  P R O C E S S  ---------------

Java Threads: ( => current thread )
  0x04a89400 JavaThread "Thread-5" [_thread_blocked, id=1476, stack(0x09430000,0x09480000)]
  0x07d04000 JavaThread "Image Fetcher 0" daemon [_thread_blocked, id=6048, stack(0x07820000,0x07870000)]
  0x07a81000 JavaThread "Animation Thread-SharedResourceRunner" daemon [_thread_blocked, id=1236, stack(0x07fa0000,0x07ff0000)]
  0x020cbc00 JavaThread "DestroyJavaVM" [_thread_blocked, id=5712, stack(0x02320000,0x02370000)]
  0x04bd4000 JavaThread "Animation Thread" [_thread_blocked, id=5628, stack(0x07910000,0x07960000)]
  0x04bdac00 JavaThread "D3D Screen Updater" daemon [_thread_blocked, id=1116, stack(0x078c0000,0x07910000)]
=>0x04b73400 JavaThread "AWT-EventQueue-0" [_thread_in_native, id=4124, stack(0x06550000,0x065a0000)]
  0x04b39000 JavaThread "AWT-Windows" daemon [_thread_in_native, id=5076, stack(0x04f50000,0x04fa0000)]
  0x04b37800 JavaThread "AWT-Shutdown" [_thread_blocked, id=5352, stack(0x04d30000,0x04d80000)]
  0x04b31000 JavaThread "Java2D Disposer" daemon [_thread_blocked, id=6032, stack(0x04e90000,0x04ee0000)]
  0x02457400 JavaThread "Service Thread" daemon [_thread_blocked, id=5708, stack(0x04a30000,0x04a80000)]
  0x02453400 JavaThread "C1 CompilerThread0" daemon [_thread_blocked, id=6124, stack(0x006d0000,0x00720000)]
  0x02451c00 JavaThread "Attach Listener" daemon [_thread_blocked, id=1752, stack(0x04840000,0x04890000)]
  0x02447400 JavaThread "Signal Dispatcher" daemon [_thread_blocked, id=4056, stack(0x04740000,0x04790000)]
  0x02432000 JavaThread "Finalizer" daemon [_thread_blocked, id=4100, stack(0x046f0000,0x04740000)]
  0x02430400 JavaThread "Reference Handler" daemon [_thread_blocked, id=6060, stack(0x04490000,0x044e0000)]

Other Threads:
  0x0242e400 VMThread [stack: 0x04550000,0x045a0000] [id=3904]
  0x0246a400 WatcherThread [stack: 0x021b0000,0x02200000] [id=1224]

VM state:not at safepoint (normal execution)

VM Mutex/Monitor currently owned by a thread: None

Heap
 def new generation   total 15488K, used 9703K [0x242a0000, 0x25360000, 0x297f0000)
  eden space 13824K,  58% used [0x242a0000, 0x24a96d50, 0x25020000)
  from space 1664K,  93% used [0x251c0000, 0x25343238, 0x25360000)
  to   space 1664K,   0% used [0x25020000, 0x25020000, 0x251c0000)
 tenured generation   total 34164K, used 20497K [0x297f0000, 0x2b94d000, 0x342a0000)
   the space 34164K,  59% used [0x297f0000, 0x2abf4498, 0x2abf4600, 0x2b94d000)
 compacting perm gen  total 12288K, used 6488K [0x342a0000, 0x34ea0000, 0x382a0000)
   the space 12288K,  52% used [0x342a0000, 0x348f62b0, 0x348f6400, 0x34ea0000)
    ro space 10240K,  42% used [0x382a0000, 0x386e4240, 0x386e4400, 0x38ca0000)
    rw space 12288K,  54% used [0x38ca0000, 0x39324d58, 0x39324e00, 0x398a0000)

Card table byte_map: [0x02250000,0x02300000] byte_map_base: 0x0212eb00

Polling page: 0x00180000

Code Cache  [0x02470000, 0x025d8000, 0x04470000)
 total_blobs=815 nmethods=390 adapters=360 free_code_cache=31359Kb largest_free_block=32112384

Compilation events (10 events):
Event: 10.125 Thread 0x02453400  380             java.util.ArrayList$SubList$1::next (79 bytes)
Event: 10.125 Thread 0x02453400 nmethod 380 0x025cca08 code [0x025ccb40, 0x025ccd94]
Event: 10.125 Thread 0x02453400  381             java.util.ArrayList$SubList$1::checkForComodification (26 bytes)
Event: 10.125 Thread 0x02453400 nmethod 381 0x025cd008 code [0x025cd110, 0x025cd21c]
Event: 10.125 Thread 0x02453400  382             java.lang.String::split (326 bytes)
Event: 10.126 Thread 0x02453400 nmethod 382 0x025cd308 code [0x025cd580, 0x025ce164]
Event: 10.134 Thread 0x02453400  383             sun.misc.VM::isBooted (4 bytes)
Event: 10.134 Thread 0x02453400 nmethod 383 0x025cf488 code [0x025cf580, 0x025cf600]
Event: 10.171 Thread 0x02453400    7 %           processing.opengl.PGL::nativeToJavaARGB @ 101 (339 bytes)
Event: 10.172 Thread 0x02453400 nmethod 7% 0x025cf648 code [0x025cf780, 0x025cfc10]

GC Heap History (10 events):
Event: 9.372 GC heap before
{Heap before GC invocations=8 (full 0):
 def new generation   total 4928K, used 2995K [0x242a0000, 0x247f0000, 0x297f0000)
  eden space 4416K,  67% used [0x242a0000, 0x2458a230, 0x246f0000)
  from space 512K,   2% used [0x246f0000, 0x246f2d88, 0x24770000)
  to   space 512K,   0% used [0x24770000, 0x24770000, 0x247f0000)
 tenured generation   total 10944K, used 5607K [0x297f0000, 0x2a2a0000, 0x342a0000)
   the space 10944K,  51% used [0x297f0000, 0x29d69ed8, 0x29d6a000, 0x2a2a0000)
 compacting perm gen  total 12288K, used 6337K [0x342a0000, 0x34ea0000, 0x382a0000)
   the space 12288K,  51% used [0x342a0000, 0x348d0580, 0x348d0600, 0x34ea0000)
    ro space 10240K,  42% used [0x382a0000, 0x386e4240, 0x386e4400, 0x38ca0000)
    rw space 12288K,  54% used [0x38ca0000, 0x39324d58, 0x39324e00, 0x398a0000)
Event: 9.401 GC heap after
Heap after GC invocations=9 (full 1):
 def new generation   total 4992K, used 0K [0x242a0000, 0x24800000, 0x297f0000)
  eden space 4480K,   0% used [0x242a0000, 0x242a0000, 0x24700000)
  from space 512K,   0% used [0x24700000, 0x24700000, 0x24780000)
  to   space 512K,   0% used [0x24780000, 0x24780000, 0x24800000)
 tenured generation   total 10944K, used 5696K [0x297f0000, 0x2a2a0000, 0x342a0000)
   the space 10944K,  52% used [0x297f0000, 0x29d802b8, 0x29d80400, 0x2a2a0000)
 compacting perm gen  total 12288K, used 6337K [0x342a0000, 0x34ea0000, 0x382a0000)
   the space 12288K,  51% used [0x342a0000, 0x348d0580, 0x348d0600, 0x34ea0000)
    ro space 10240K,  42% used [0x382a0000, 0x386e4240, 0x386e4400, 0x38ca0000)
    rw space 12288K,  54% used [0x38ca0000, 0x39324d58, 0x39324e00, 0x398a0000)
}
Event: 9.407 GC heap before
{Heap before GC invocations=9 (full 1):
 def new generation   total 4992K, used 5K [0x242a0000, 0x24800000, 0x297f0000)
  eden space 4480K,   0% used [0x242a0000, 0x242a14a8, 0x24700000)
  from space 512K,   0% used [0x24700000, 0x24700000, 0x24780000)
  to   space 512K,   0% used [0x24780000, 0x24780000, 0x24800000)
 tenured generation   total 19048K, used 13796K [0x297f0000, 0x2aa8a000, 0x342a0000)
   the space 19048K,  72% used [0x297f0000, 0x2a5692c8, 0x2a569400, 0x2aa8a000)
 compacting perm gen  total 12288K, used 6337K [0x342a0000, 0x34ea0000, 0x382a0000)
   the space 12288K,  51% used [0x342a0000, 0x348d05b0, 0x348d0600, 0x34ea0000)
    ro space 10240K,  42% used [0x382a0000, 0x386e4240, 0x386e4400, 0x38ca0000)
    rw space 12288K,  54% used [0x38ca0000, 0x39324d58, 0x39324e00, 0x398a0000)
Event: 9.429 GC heap after
Heap after GC invocations=10 (full 2):
 def new generation   total 10048K, used 0K [0x242a0000, 0x24d80000, 0x297f0000)
  eden space 8960K,   0% used [0x242a0000, 0x242a0000, 0x24b60000)
  from space 1088K,   0% used [0x24b60000, 0x24b60000, 0x24c70000)
  to   space 1088K,   0% used [0x24c70000, 0x24c70000, 0x24d80000)
 tenured generation   total 22220K, used 13331K [0x297f0000, 0x2ada3000, 0x342a0000)
   the space 22220K,  59% used [0x297f0000, 0x2a4f4e80, 0x2a4f5000, 0x2ada3000)
 compacting perm gen  total 12288K, used 6337K [0x342a0000, 0x34ea0000, 0x382a0000)
   the space 12288K,  51% used [0x342a0000, 0x348d05b0, 0x348d0600, 0x34ea0000)
    ro space 10240K,  42% used [0x382a0000, 0x386e4240, 0x386e4400, 0x38ca0000)
    rw space 12288K,  54% used [0x38ca0000, 0x39324d58, 0x39324e00, 0x398a0000)
}
Event: 9.520 GC heap before
{Heap before GC invocations=10 (full 2):
 def new generation   total 10048K, used 8191K [0x242a0000, 0x24d80000, 0x297f0000)
  eden space 8960K,  91% used [0x242a0000, 0x24a9fd40, 0x24b60000)
  from space 1088K,   0% used [0x24b60000, 0x24b60000, 0x24c70000)
  to   space 1088K,   0% used [0x24c70000, 0x24c70000, 0x24d80000)
 tenured generation   total 22220K, used 13331K [0x297f0000, 0x2ada3000, 0x342a0000)
   the space 22220K,  59% used [0x297f0000, 0x2a4f4e80, 0x2a4f5000, 0x2ada3000)
 compacting perm gen  total 12288K, used 6337K [0x342a0000, 0x34ea0000, 0x382a0000)
   the space 12288K,  51% used [0x342a0000, 0x348d05d0, 0x348d0600, 0x34ea0000)
    ro space 10240K,  42% used [0x382a0000, 0x386e4240, 0x386e4400, 0x38ca0000)
    rw space 12288K,  54% used [0x38ca0000, 0x39324d58, 0x39324e00, 0x398a0000)
Event: 9.526 GC heap after
Heap after GC invocations=11 (full 2):
 def new generation   total 10048K, used 1K [0x242a0000, 0x24d80000, 0x297f0000)
  eden space 8960K,   0% used [0x242a0000, 0x242a0000, 0x24b60000)
  from space 1088K,   0% used [0x24c70000, 0x24c70438, 0x24d80000)
  to   space 1088K,   0% used [0x24b60000, 0x24b60000, 0x24c70000)
 tenured generation   total 22220K, used 21431K [0x297f0000, 0x2ada3000, 0x342a0000)
   the space 22220K,  96% used [0x297f0000, 0x2acdde90, 0x2acde000, 0x2ada3000)
 compacting perm gen  total 12288K, used 6337K [0x342a0000, 0x34ea0000, 0x382a0000)
   the space 12288K,  51% used [0x342a0000, 0x348d05d0, 0x348d0600, 0x34ea0000)
    ro space 10240K,  42% used [0x382a0000, 0x386e4240, 0x386e4400, 0x38ca0000)
    rw space 12288K,  54% used [0x38ca0000, 0x39324d58, 0x39324e00, 0x398a0000)
}
Event: 9.528 GC heap before
{Heap before GC invocations=11 (full 2):
 def new generation   total 10048K, used 8124K [0x242a0000, 0x24d80000, 0x297f0000)
  eden space 8960K,  90% used [0x242a0000, 0x24a8ebe8, 0x24b60000)
  from space 1088K,   0% used [0x24c70000, 0x24c70438, 0x24d80000)
  to   space 1088K,   0% used [0x24b60000, 0x24b60000, 0x24c70000)
 tenured generation   total 22220K, used 21431K [0x297f0000, 0x2ada3000, 0x342a0000)
   the space 22220K,  96% used [0x297f0000, 0x2acdde90, 0x2acde000, 0x2ada3000)
 compacting perm gen  total 12288K, used 6337K [0x342a0000, 0x34ea0000, 0x382a0000)
   the space 12288K,  51% used [0x342a0000, 0x348d05d0, 0x348d0600, 0x34ea0000)
    ro space 10240K,  42% used [0x382a0000, 0x386e4240, 0x386e4400, 0x38ca0000)
    rw space 12288K,  54% used [0x38ca0000, 0x39324d58, 0x39324e00, 0x398a0000)
Event: 9.559 GC heap after
Heap after GC invocations=12 (full 3):
 def new generation   total 15488K, used 0K [0x242a0000, 0x25360000, 0x297f0000)
  eden space 13824K,   0% used [0x242a0000, 0x242a0000, 0x25020000)
  from space 1664K,   0% used [0x25020000, 0x25020000, 0x251c0000)
  to   space 1664K,   0% used [0x251c0000, 0x251c0000, 0x25360000)
 tenured generation   total 34164K, used 20497K [0x297f0000, 0x2b94d000, 0x342a0000)
   the space 34164K,  59% used [0x297f0000, 0x2abf4498, 0x2abf4600, 0x2b94d000)
 compacting perm gen  total 12288K, used 6337K [0x342a0000, 0x34ea0000, 0x382a0000)
   the space 12288K,  51% used [0x342a0000, 0x348d05d0, 0x348d0600, 0x34ea0000)
    ro space 10240K,  42% used [0x382a0000, 0x386e4240, 0x386e4400, 0x38ca0000)
    rw space 12288K,  54% used [0x38ca0000, 0x39324d58, 0x39324e00, 0x398a0000)
}
Event: 10.134 GC heap before
{Heap before GC invocations=12 (full 3):
 def new generation   total 15488K, used 12536K [0x242a0000, 0x25360000, 0x297f0000)
  eden space 13824K,  90% used [0x242a0000, 0x24ede150, 0x25020000)
  from space 1664K,   0% used [0x25020000, 0x25020000, 0x251c0000)
  to   space 1664K,   0% used [0x251c0000, 0x251c0000, 0x25360000)
 tenured generation   total 34164K, used 20497K [0x297f0000, 0x2b94d000, 0x342a0000)
   the space 34164K,  59% used [0x297f0000, 0x2abf4498, 0x2abf4600, 0x2b94d000)
 compacting perm gen  total 12288K, used 6488K [0x342a0000, 0x34ea0000, 0x382a0000)
   the space 12288K,  52% used [0x342a0000, 0x348f62b0, 0x348f6400, 0x34ea0000)
    ro space 10240K,  42% used [0x382a0000, 0x386e4240, 0x386e4400, 0x38ca0000)
    rw space 12288K,  54% used [0x38ca0000, 0x39324d58, 0x39324e00, 0x398a0000)
Event: 10.137 GC heap after
Heap after GC invocations=13 (full 3):
 def new generation   total 15488K, used 1548K [0x242a0000, 0x25360000, 0x297f0000)
  eden space 13824K,   0% used [0x242a0000, 0x242a0000, 0x25020000)
  from space 1664K,  93% used [0x251c0000, 0x25343238, 0x25360000)
  to   space 1664K,   0% used [0x25020000, 0x25020000, 0x251c0000)
 tenured generation   total 34164K, used 20497K [0x297f0000, 0x2b94d000, 0x342a0000)
   the space 34164K,  59% used [0x297f0000, 0x2abf4498, 0x2abf4600, 0x2b94d000)
 compacting perm gen  total 12288K, used 6488K [0x342a0000, 0x34ea0000, 0x382a0000)
   the space 12288K,  52% used [0x342a0000, 0x348f62b0, 0x348f6400, 0x34ea0000)
    ro space 10240K,  42% used [0x382a0000, 0x386e4240, 0x386e4400, 0x38ca0000)
    rw space 12288K,  54% used [0x38ca0000, 0x39324d58, 0x39324e00, 0x398a0000)
}

Deoptimization events (0 events):
No events

Internal exceptions (10 events):
Event: 10.020 Thread 0x04b73400 Threw 0x24cdf6b0 at C:\jdk7u2_32P\jdk7u25\hotspot\src\share\vm\prims\jvm.cpp:1235
Event: 10.030 Thread 0x04b73400 Threw 0x24ce70c8 at C:\jdk7u2_32P\jdk7u25\hotspot\src\share\vm\prims\jvm.cpp:1235
Event: 10.032 Thread 0x04b73400 Threw 0x24ce8da0 at C:\jdk7u2_32P\jdk7u25\hotspot\src\share\vm\prims\jvm.cpp:1235
Event: 10.034 Thread 0x04b73400 Threw 0x24cea8f0 at C:\jdk7u2_32P\jdk7u25\hotspot\src\share\vm\prims\jvm.cpp:1235
Event: 10.042 Thread 0x04b73400 Threw 0x24ceeaf8 at C:\jdk7u2_32P\jdk7u25\hotspot\src\share\vm\prims\jvm.cpp:1235
Event: 10.044 Thread 0x04b73400 Threw 0x24cf4608 at C:\jdk7u2_32P\jdk7u25\hotspot\src\share\vm\prims\jvm.cpp:1235
Event: 10.045 Thread 0x04b73400 Threw 0x24cf60a8 at C:\jdk7u2_32P\jdk7u25\hotspot\src\share\vm\prims\jvm.cpp:1235
Event: 10.068 Thread 0x04b73400 Threw 0x24cf9b78 at C:\jdk7u2_32P\jdk7u25\hotspot\src\share\vm\prims\jvm.cpp:1235
Event: 10.126 Thread 0x04b73400 Threw 0x24ed1280 at C:\jdk7u2_32P\jdk7u25\hotspot\src\share\vm\prims\jvm.cpp:1235
Event: 10.127 Thread 0x04b73400 Threw 0x24ed2d18 at C:\jdk7u2_32P\jdk7u25\hotspot\src\share\vm\prims\jvm.cpp:1235

Events (10 events):
Event: 10.146 Executing VM operation: RevokeBias
Event: 10.146 Executing VM operation: RevokeBias done
Event: 10.146 Executing VM operation: RevokeBias
Event: 10.146 Executing VM operation: RevokeBias done
Event: 10.146 Executing VM operation: RevokeBias
Event: 10.146 Executing VM operation: RevokeBias done
Event: 10.146 Executing VM operation: RevokeBias
Event: 10.146 Executing VM operation: RevokeBias done
Event: 10.146 Executing VM operation: BulkRevokeBias
Event: 10.147 Executing VM operation: BulkRevokeBias done


Dynamic libraries:
0x002a0000 - 0x002cf000 	C:\Program Files (x86)\Java\jre7\bin\javaw.exe
0x76f70000 - 0x770f0000 	C:\Windows\SysWOW64\ntdll.dll
0x750e0000 - 0x751f0000 	C:\Windows\syswow64\kernel32.dll
0x76810000 - 0x76857000 	C:\Windows\syswow64\KERNELBASE.dll
0x74ed0000 - 0x74f70000 	C:\Windows\syswow64\ADVAPI32.dll
0x74e20000 - 0x74ecc000 	C:\Windows\syswow64\msvcrt.dll
0x762f0000 - 0x76309000 	C:\Windows\SysWOW64\sechost.dll
0x74b90000 - 0x74c80000 	C:\Windows\syswow64\RPCRT4.dll
0x749c0000 - 0x74a20000 	C:\Windows\syswow64\SspiCli.dll
0x749b0000 - 0x749bc000 	C:\Windows\syswow64\CRYPTBASE.dll
0x74a20000 - 0x74b20000 	C:\Windows\syswow64\USER32.dll
0x752e0000 - 0x75370000 	C:\Windows\syswow64\GDI32.dll
0x74b80000 - 0x74b8a000 	C:\Windows\syswow64\LPK.dll
0x74cc0000 - 0x74d5d000 	C:\Windows\syswow64\USP10.dll
0x719d0000 - 0x71b6e000 	C:\Windows\WinSxS\x86_microsoft.windows.common-controls_6595b64144ccf1df_6.0.7601.17514_none_41e6975e2bd6f2b2\COMCTL32.dll
0x74dc0000 - 0x74e17000 	C:\Windows\syswow64\SHLWAPI.dll
0x74b20000 - 0x74b80000 	C:\Windows\system32\IMM32.DLL
0x75200000 - 0x752cc000 	C:\Windows\syswow64\MSCTF.dll
0x623d0000 - 0x6248e000 	C:\Program Files (x86)\Java\jre7\bin\msvcr100.dll
0x61d10000 - 0x62052000 	C:\Program Files (x86)\Java\jre7\bin\client\jvm.dll
0x70d00000 - 0x70d07000 	C:\Windows\system32\WSOCK32.dll
0x762b0000 - 0x762e5000 	C:\Windows\syswow64\WS2_32.dll
0x75470000 - 0x75476000 	C:\Windows\syswow64\NSI.dll
0x74760000 - 0x74792000 	C:\Windows\system32\WINMM.dll
0x74cb0000 - 0x74cb5000 	C:\Windows\syswow64\PSAPI.DLL
0x69c20000 - 0x69c2c000 	C:\Program Files (x86)\Java\jre7\bin\verify.dll
0x64a60000 - 0x64a80000 	C:\Program Files (x86)\Java\jre7\bin\java.dll
0x64a40000 - 0x64a53000 	C:\Program Files (x86)\Java\jre7\bin\zip.dll
0x5f780000 - 0x5f8c4000 	C:\Program Files (x86)\Java\jre7\bin\awt.dll
0x75370000 - 0x753ff000 	C:\Windows\syswow64\OLEAUT32.dll
0x74f80000 - 0x750dc000 	C:\Windows\syswow64\ole32.dll
0x71e00000 - 0x71e13000 	C:\Windows\system32\DWMAPI.DLL
0x716b0000 - 0x71730000 	C:\Windows\system32\uxtheme.dll
0x69980000 - 0x69b43000 	C:\Windows\system32\d3d9.dll
0x748e0000 - 0x748e9000 	C:\Windows\system32\VERSION.dll
0x69ca0000 - 0x69ca6000 	C:\Windows\system32\d3d8thk.dll
0x62a20000 - 0x63679000 	C:\Windows\system32\nvd3dum.dll
0x74730000 - 0x74755000 	C:\Windows\system32\powrprof.dll
0x76510000 - 0x766ad000 	C:\Windows\syswow64\SETUPAPI.dll
0x74c80000 - 0x74ca7000 	C:\Windows\syswow64\CFGMGR32.dll
0x76290000 - 0x762a2000 	C:\Windows\syswow64\DEVOBJ.dll
0x62270000 - 0x6239c000 	C:\Program Files (x86)\NVIDIA Corporation\3D Vision\nvSCPAPI.dll
0x75480000 - 0x760ca000 	C:\Windows\syswow64\SHELL32.dll
0x63d30000 - 0x63d61000 	C:\Program Files (x86)\Java\jre7\bin\fontmanager.dll
0x76ae0000 - 0x76b63000 	C:\Windows\syswow64\CLBCatQ.DLL
0x71de0000 - 0x71df6000 	C:\Windows\system32\CRYPTSP.dll
0x71670000 - 0x716ab000 	C:\Windows\system32\rsaenh.dll
0x71880000 - 0x71897000 	C:\Windows\system32\USERENV.dll
0x722f0000 - 0x722fb000 	C:\Windows\system32\profapi.dll
0x64a20000 - 0x64a34000 	C:\Program Files (x86)\Java\jre7\bin\net.dll
0x72440000 - 0x7247c000 	C:\Windows\system32\mswsock.dll
0x719c0000 - 0x719c6000 	C:\Windows\System32\wship6.dll
0x719b0000 - 0x719c0000 	C:\Windows\system32\NLAapi.dll
0x719a0000 - 0x719b0000 	C:\Windows\system32\napinsp.dll
0x71650000 - 0x71662000 	C:\Windows\system32\pnrpnsp.dll
0x71600000 - 0x71644000 	C:\Windows\system32\DNSAPI.dll
0x715f0000 - 0x715f8000 	C:\Windows\System32\winrnr.dll
0x715e0000 - 0x715e5000 	C:\Windows\System32\wshtcpip.dll
0x720f0000 - 0x7210c000 	C:\Windows\system32\IPHLPAPI.DLL
0x720e0000 - 0x720e7000 	C:\Windows\system32\WINNSI.DLL
0x715d0000 - 0x715d6000 	C:\Windows\system32\rasadhlp.dll
0x71520000 - 0x71558000 	C:\Windows\System32\fwpuclnt.dll
0x69b80000 - 0x69b8f000 	C:\Program Files (x86)\Java\jre7\bin\nio.dll
0x637c0000 - 0x637ca000 	C:\Users\Jacques\AppData\Local\Temp\jogamp_0000\file_cache\jln8123358889774912610\jln442816714732733338\gluegen-rt.dll
0x66360000 - 0x66366000 	C:\Program Files (x86)\Java\jre7\bin\jawt.dll
0x6a440000 - 0x6a44a000 	C:\Users\Jacques\AppData\Local\Temp\jogamp_0000\file_cache\jln8123358889774912610\jln442816714732733338\nativewindow_awt.dll
0x6c100000 - 0x6c110000 	C:\Users\Jacques\AppData\Local\Temp\jogamp_0000\file_cache\jln8123358889774912610\jln442816714732733338\nativewindow_win32.dll
0x68a30000 - 0x68af8000 	C:\Windows\system32\OpenGL32.dll
0x698a0000 - 0x698c2000 	C:\Windows\system32\GLU32.dll
0x71b70000 - 0x71c57000 	C:\Windows\system32\DDRAW.dll
0x71e20000 - 0x71e26000 	C:\Windows\system32\DCIMAN32.dll
0x64500000 - 0x6456c000 	C:\Users\Jacques\AppData\Local\Temp\jogamp_0000\file_cache\jln8123358889774912610\jln442816714732733338\jogl_desktop.dll
0x5ba10000 - 0x5cf4b000 	C:\Windows\system32\nvoglv32.DLL
0x76ab0000 - 0x76ade000 	C:\Windows\syswow64\WINTRUST.dll
0x760d0000 - 0x761f0000 	C:\Windows\syswow64\CRYPT32.dll
0x75460000 - 0x7546c000 	C:\Windows\syswow64\MSASN1.dll
0x74850000 - 0x74871000 	C:\Windows\system32\ntmarta.dll
0x74d60000 - 0x74da5000 	C:\Windows\syswow64\WLDAP32.dll
0x63d00000 - 0x63d30000 	C:\Program Files (x86)\Java\jre7\bin\t2k.dll
0x718a0000 - 0x7198b000 	C:\Windows\system32\dbghelp.dll

VM Arguments:
jvm_args: -Djava.library.path=C:\Users\Jacques\Documents\GitHub\Sketchup-Blocks\EclipseProject\SketchupBlocks\libs;C:\Users\Jacques\Documents\GitHub\Sketchup-Blocks\EclipseProject\SketchupBlocks\libs -Dfile.encoding=Cp1252 
java_command: sketchupblocks.base.SketchupBlocks
Launcher Type: SUN_STANDARD

Environment Variables:
PATH=C:\Program Files (x86)\NVIDIA Corporation\PhysX\Common;C:\Program Files\NVIDIA GPU Computing Toolkit\CUDA\v5.5\bin;C:\Program Files\NVIDIA GPU Computing Toolkit\CUDA\v5.5\libnvvp;C:\Program Files (x86)\AMD APP\bin\x86_64;C:\Program Files (x86)\AMD APP\bin\x86;C:\Windows\system32;C:\Windows;C:\Windows\System32\Wbem;C:\Windows\System32\WindowsPowerShell\v1.0\;C:\MinGW\bin;C:\MinGW\msys\1.0\bin;C:\Program Files\Microsoft\Web Platform Installer\;C:\Program Files (x86)\Microsoft ASP.NET\ASP.NET Web Pages\v1.0\;C:\Program Files (x86)\Windows Kits\8.0\Windows Performance Toolkit\;C:\Program Files\Microsoft SQL Server\110\Tools\Binn\;C:\Program Files\Java\jdk1.7.0_25\bin;
USERNAME=Jacques
OS=Windows_NT
PROCESSOR_IDENTIFIER=AMD64 Family 21 Model 1 Stepping 2, AuthenticAMD



---------------  S Y S T E M  ---------------

OS: Windows 7 , 64 bit Build 7601 Service Pack 1

CPU:total 6 (6 cores per cpu, 1 threads per core) family 21 model 1 stepping 2, cmov, cx8, fxsr, mmx, sse, sse2, sse3, ssse3, sse4.1, sse4.2, popcnt, avx, mmxext, 3dnowpref, lzcnt, sse4a, tsc, tscinvbit, tscinv

Memory: 4k page, physical 8054708k(4281128k free), swap 16107556k(11148264k free)

vm_info: Java HotSpot(TM) Client VM (23.25-b01) for windows-x86 JRE (1.7.0_25-b17), built on Jun 21 2013 13:06:48 by "java_re" with unknown MS VC++:1600

time: Sat Sep 21 17:45:56 2013
elapsed time: 10 seconds

