#
# A fatal error has been detected by the Java Runtime Environment:
#
#  EXCEPTION_ACCESS_VIOLATION (0xc0000005) at pc=0x01e5fcb6, pid=4896, tid=5096
#
# JRE version: 7.0_25-b17
# Java VM: Java HotSpot(TM) Client VM (23.25-b01 mixed mode, sharing windows-x86 )
# Problematic frame:
# C  0x01e5fcb6
#
# Failed to write core dump. Minidumps are not enabled by default on client versions of Windows
#
# If you would like to submit a bug report, please visit:
#   http://bugreport.sun.com/bugreport/crash.jsp
# The crash happened outside the Java Virtual Machine in native code.
# See problematic frame for where to report the bug.
#

---------------  T H R E A D  ---------------

Current thread (0x04adf800):  JavaThread "AWT-EventQueue-0" [_thread_in_native, id=5096, stack(0x06850000,0x068a0000)]

siginfo: ExceptionCode=0xc0000005, reading address 0x00000000

Registers:
EAX=0x0c8b01e0, EBX=0x0a890000, ECX=0x00000000, EDX=0x00000004
ESP=0x0689e9e4, EBP=0x0689ea2c, ESI=0x00000000, EDI=0x00000000
EIP=0x01e5fcb6, EFLAGS=0x00010246

Top of Stack: (sp=0x0689e9e4)
0x0689e9e4:   00000004 0a5a0020 0a890000 00000004
0x0689e9f4:   0689ea2c 08c6c322 0a890000 0c8b01e0
0x0689ea04:   00000000 00000004 0a5a0020 0a890000
0x0689ea14:   00000004 09a56e68 0c8b01e0 00000080
0x0689ea24:   0a5a0020 00000000 0689ea4c 08c6a572
0x0689ea34:   00890000 00000005 00000000 00000004
0x0689ea44:   00000005 0a890000 0689ea78 0841718d
0x0689ea54:   0a890000 00000005 00000000 00000004 

Instructions: (pc=0x01e5fcb6)
0x01e5fc96:   18 8b 44 24 1c 8b 4c 24 20 8b 54 24 24 8b 35 88
0x01e5fca6:   ba 8b 0a 8b b6 c4 02 00 00 8b f9 c1 e7 04 03 f7
0x01e5fcb6:   8b 3e 8b 6e 04 89 38 89 68 04 8b 7e 08 8b 6e 0c
0x01e5fcc6:   89 78 08 89 68 0c 8b 35 88 ba 8b 0a 8b b6 f0 02 


Register to memory mapping:

EAX=0x0c8b01e0 is an unknown value
EBX=0x0a890000 is an unknown value
ECX=0x00000000 is an unknown value
EDX=0x00000004 is an unknown value
ESP=0x0689e9e4 is pointing into the stack for thread: 0x04adf800
EBP=0x0689ea2c is pointing into the stack for thread: 0x04adf800
ESI=0x00000000 is an unknown value
EDI=0x00000000 is an unknown value


Stack: [0x06850000,0x068a0000],  sp=0x0689e9e4,  free space=314k
Native frames: (J=compiled Java code, j=interpreted, Vv=VM code, C=native code)
C  0x01e5fcb6
C  [nvoglv32.DLL+0x9ca572]  DrvPresentBuffers+0x116f62
C  [nvoglv32.DLL+0x17718d]
C  [jogl_desktop.dll+0x971d]  Java_jogamp_opengl_gl4_GL4bcImpl_dispatch_1glDrawArrays1__IIIJ+0x1d
j  jogamp.opengl.gl4.GL4bcImpl.dispatch_glDrawArrays1(IIIJ)V+0
j  jogamp.opengl.gl4.GL4bcImpl.glDrawArrays(III)V+39
j  processing.opengl.PGL.drawArrays(III)V+6
j  processing.opengl.PGL.drawTexture2D(IIIIIIIIIIIII)V+528
j  processing.opengl.PGL.drawTexture(IIIIIIIIIIIIII)V+32
j  processing.opengl.PGL.endDraw(Z)V+243
j  processing.opengl.PGraphicsOpenGL.endOnscreenDraw()V+7
j  processing.opengl.PGraphicsOpenGL.endDraw()V+61
j  processing.core.PApplet.handleDraw()V+319
j  processing.opengl.PGL$PGLListener.display(Ljavax/media/opengl/GLAutoDrawable;)V+376
j  jogamp.opengl.GLDrawableHelper.displayImpl(Ljavax/media/opengl/GLAutoDrawable;)V+58
j  jogamp.opengl.GLDrawableHelper.display(Ljavax/media/opengl/GLAutoDrawable;)V+2
j  javax.media.opengl.awt.GLCanvas$7.run()V+118
j  jogamp.opengl.GLDrawableHelper.invokeGLImpl(Ljavax/media/opengl/GLDrawable;Ljavax/media/opengl/GLContext;Ljava/lang/Runnable;Ljava/lang/Runnable;)V+206
j  jogamp.opengl.GLDrawableHelper.invokeGL(Ljavax/media/opengl/GLDrawable;Ljavax/media/opengl/GLContext;Ljava/lang/Runnable;Ljava/lang/Runnable;)V+80
j  javax.media.opengl.awt.GLCanvas$8.run()V+73
j  javax.media.opengl.Threading.invoke(ZLjava/lang/Runnable;Ljava/lang/Object;)V+33
j  javax.media.opengl.awt.GLCanvas.display()V+57
j  javax.media.opengl.awt.GLCanvas.paint(Ljava/awt/Graphics;)V+137
j  sun.awt.RepaintArea.paintComponent(Ljava/awt/Component;Ljava/awt/Graphics;)V+6
j  sun.awt.RepaintArea.paint(Ljava/lang/Object;Z)V+326
j  sun.awt.windows.WComponentPeer.handleEvent(Ljava/awt/AWTEvent;)V+155
j  java.awt.Component.dispatchEventImpl(Ljava/awt/AWTEvent;)V+869
j  java.awt.Component.dispatchEvent(Ljava/awt/AWTEvent;)V+2
j  java.awt.EventQueue.dispatchEventImpl(Ljava/awt/AWTEvent;Ljava/lang/Object;)V+41
j  java.awt.EventQueue.access$200(Ljava/awt/EventQueue;Ljava/awt/AWTEvent;Ljava/lang/Object;)V+3
j  java.awt.EventQueue$3.run()Ljava/lang/Void;+12
j  java.awt.EventQueue$3.run()Ljava/lang/Object;+1
v  ~StubRoutines::call_stub
V  [jvm.dll+0x124afa]
V  [jvm.dll+0x1d224e]
V  [jvm.dll+0x124b7d]
V  [jvm.dll+0xd8e34]
C  [java.dll+0x102f]  Java_java_security_AccessController_doPrivileged__Ljava_security_PrivilegedAction_2Ljava_security_AccessControlContext_2+0x17
j  java.security.ProtectionDomain$1.doIntersectionPrivilege(Ljava/security/PrivilegedAction;Ljava/security/AccessControlContext;Ljava/security/AccessControlContext;)Ljava/lang/Object;+28
j  java.security.ProtectionDomain$1.doIntersectionPrivilege(Ljava/security/PrivilegedAction;Ljava/security/AccessControlContext;)Ljava/lang/Object;+6
j  java.awt.EventQueue$4.run()Ljava/lang/Void;+11
j  java.awt.EventQueue$4.run()Ljava/lang/Object;+1
v  ~StubRoutines::call_stub
V  [jvm.dll+0x124afa]
V  [jvm.dll+0x1d224e]
V  [jvm.dll+0x124b7d]
V  [jvm.dll+0xd8e34]
C  [java.dll+0x102f]  Java_java_security_AccessController_doPrivileged__Ljava_security_PrivilegedAction_2Ljava_security_AccessControlContext_2+0x17
j  java.security.ProtectionDomain$1.doIntersectionPrivilege(Ljava/security/PrivilegedAction;Ljava/security/AccessControlContext;Ljava/security/AccessControlContext;)Ljava/lang/Object;+28
j  java.awt.EventQueue.dispatchEvent(Ljava/awt/AWTEvent;)V+73
j  java.awt.EventDispatchThread.pumpOneEventForFilters(I)V+245
j  java.awt.EventDispatchThread.pumpEventsForFilter(ILjava/awt/Conditional;Ljava/awt/EventFilter;)V+35
j  java.awt.EventDispatchThread.pumpEventsForHierarchy(ILjava/awt/Conditional;Ljava/awt/Component;)V+11
j  java.awt.EventDispatchThread.pumpEvents(ILjava/awt/Conditional;)V+4
j  java.awt.EventDispatchThread.pumpEvents(Ljava/awt/Conditional;)V+3
j  java.awt.EventDispatchThread.run()V+9
v  ~StubRoutines::call_stub
V  [jvm.dll+0x124afa]
V  [jvm.dll+0x1d224e]
V  [jvm.dll+0x124caf]
V  [jvm.dll+0x124d17]
V  [jvm.dll+0xcf06f]
V  [jvm.dll+0x144447]
V  [jvm.dll+0x1445b0]
V  [jvm.dll+0x177bb9]
C  [msvcr100.dll+0x5c6de]  endthreadex+0x3a
C  [msvcr100.dll+0x5c788]  endthreadex+0xe4
C  [kernel32.dll+0x1336a]  BaseThreadInitThunk+0x12
C  [ntdll.dll+0x39f72]  RtlInitializeExceptionChain+0x63
C  [ntdll.dll+0x39f45]  RtlInitializeExceptionChain+0x36

Java frames: (J=compiled Java code, j=interpreted, Vv=VM code)
j  jogamp.opengl.gl4.GL4bcImpl.dispatch_glDrawArrays1(IIIJ)V+0
j  jogamp.opengl.gl4.GL4bcImpl.glDrawArrays(III)V+39
j  processing.opengl.PGL.drawArrays(III)V+6
j  processing.opengl.PGL.drawTexture2D(IIIIIIIIIIIII)V+528
j  processing.opengl.PGL.drawTexture(IIIIIIIIIIIIII)V+32
j  processing.opengl.PGL.endDraw(Z)V+243
j  processing.opengl.PGraphicsOpenGL.endOnscreenDraw()V+7
j  processing.opengl.PGraphicsOpenGL.endDraw()V+61
j  processing.core.PApplet.handleDraw()V+319
j  processing.opengl.PGL$PGLListener.display(Ljavax/media/opengl/GLAutoDrawable;)V+376
j  jogamp.opengl.GLDrawableHelper.displayImpl(Ljavax/media/opengl/GLAutoDrawable;)V+58
j  jogamp.opengl.GLDrawableHelper.display(Ljavax/media/opengl/GLAutoDrawable;)V+2
j  javax.media.opengl.awt.GLCanvas$7.run()V+118
j  jogamp.opengl.GLDrawableHelper.invokeGLImpl(Ljavax/media/opengl/GLDrawable;Ljavax/media/opengl/GLContext;Ljava/lang/Runnable;Ljava/lang/Runnable;)V+206
j  jogamp.opengl.GLDrawableHelper.invokeGL(Ljavax/media/opengl/GLDrawable;Ljavax/media/opengl/GLContext;Ljava/lang/Runnable;Ljava/lang/Runnable;)V+80
j  javax.media.opengl.awt.GLCanvas$8.run()V+73
j  javax.media.opengl.Threading.invoke(ZLjava/lang/Runnable;Ljava/lang/Object;)V+33
j  javax.media.opengl.awt.GLCanvas.display()V+57
j  javax.media.opengl.awt.GLCanvas.paint(Ljava/awt/Graphics;)V+137
j  sun.awt.RepaintArea.paintComponent(Ljava/awt/Component;Ljava/awt/Graphics;)V+6
j  sun.awt.RepaintArea.paint(Ljava/lang/Object;Z)V+326
j  sun.awt.windows.WComponentPeer.handleEvent(Ljava/awt/AWTEvent;)V+155
j  java.awt.Component.dispatchEventImpl(Ljava/awt/AWTEvent;)V+869
j  java.awt.Component.dispatchEvent(Ljava/awt/AWTEvent;)V+2
j  java.awt.EventQueue.dispatchEventImpl(Ljava/awt/AWTEvent;Ljava/lang/Object;)V+41
j  java.awt.EventQueue.access$200(Ljava/awt/EventQueue;Ljava/awt/AWTEvent;Ljava/lang/Object;)V+3
j  java.awt.EventQueue$3.run()Ljava/lang/Void;+12
j  java.awt.EventQueue$3.run()Ljava/lang/Object;+1
v  ~StubRoutines::call_stub
j  java.security.AccessController.doPrivileged(Ljava/security/PrivilegedAction;Ljava/security/AccessControlContext;)Ljava/lang/Object;+0
j  java.security.ProtectionDomain$1.doIntersectionPrivilege(Ljava/security/PrivilegedAction;Ljava/security/AccessControlContext;Ljava/security/AccessControlContext;)Ljava/lang/Object;+28
j  java.security.ProtectionDomain$1.doIntersectionPrivilege(Ljava/security/PrivilegedAction;Ljava/security/AccessControlContext;)Ljava/lang/Object;+6
j  java.awt.EventQueue$4.run()Ljava/lang/Void;+11
j  java.awt.EventQueue$4.run()Ljava/lang/Object;+1
v  ~StubRoutines::call_stub
j  java.security.AccessController.doPrivileged(Ljava/security/PrivilegedAction;Ljava/security/AccessControlContext;)Ljava/lang/Object;+0
j  java.security.ProtectionDomain$1.doIntersectionPrivilege(Ljava/security/PrivilegedAction;Ljava/security/AccessControlContext;Ljava/security/AccessControlContext;)Ljava/lang/Object;+28
j  java.awt.EventQueue.dispatchEvent(Ljava/awt/AWTEvent;)V+73
j  java.awt.EventDispatchThread.pumpOneEventForFilters(I)V+245
j  java.awt.EventDispatchThread.pumpEventsForFilter(ILjava/awt/Conditional;Ljava/awt/EventFilter;)V+35
j  java.awt.EventDispatchThread.pumpEventsForHierarchy(ILjava/awt/Conditional;Ljava/awt/Component;)V+11
j  java.awt.EventDispatchThread.pumpEvents(ILjava/awt/Conditional;)V+4
j  java.awt.EventDispatchThread.pumpEvents(Ljava/awt/Conditional;)V+3
j  java.awt.EventDispatchThread.run()V+9
v  ~StubRoutines::call_stub

---------------  P R O C E S S  ---------------

Java Threads: ( => current thread )
  0x04b58c00 JavaThread "Thread-5" [_thread_blocked, id=3516, stack(0x0ab20000,0x0ab70000)]
  0x07ba5800 JavaThread "Animation Thread-SharedResourceRunner" daemon [_thread_blocked, id=4688, stack(0x07e00000,0x07e50000)]
  0x0052bc00 JavaThread "DestroyJavaVM" [_thread_blocked, id=3936, stack(0x004c0000,0x00510000)]
  0x04b6cc00 JavaThread "Animation Thread" [_thread_blocked, id=1956, stack(0x04f10000,0x04f60000)]
  0x04b66800 JavaThread "D3D Screen Updater" daemon [_thread_blocked, id=4860, stack(0x07910000,0x07960000)]
  0x04acd800 JavaThread "Image Fetcher 0" daemon [_thread_blocked, id=4088, stack(0x067e0000,0x06830000)]
=>0x04adf800 JavaThread "AWT-EventQueue-0" [_thread_in_native, id=5096, stack(0x06850000,0x068a0000)]
  0x04a8d000 JavaThread "AWT-Windows" daemon [_thread_in_native, id=2412, stack(0x04e20000,0x04e70000)]
  0x04a8b800 JavaThread "AWT-Shutdown" [_thread_blocked, id=4068, stack(0x04e70000,0x04ec0000)]
  0x04a88c00 JavaThread "Java2D Disposer" daemon [_thread_blocked, id=4280, stack(0x04ce0000,0x04d30000)]
  0x01e36800 JavaThread "Service Thread" daemon [_thread_blocked, id=880, stack(0x04800000,0x04850000)]
  0x01e32400 JavaThread "C1 CompilerThread0" daemon [_thread_blocked, id=4444, stack(0x048d0000,0x04920000)]
  0x01e31000 JavaThread "Attach Listener" daemon [_thread_blocked, id=3540, stack(0x02360000,0x023b0000)]
  0x01e30800 JavaThread "Signal Dispatcher" daemon [_thread_blocked, id=2844, stack(0x04720000,0x04770000)]
  0x01e12000 JavaThread "Finalizer" daemon [_thread_blocked, id=2572, stack(0x046d0000,0x04720000)]
  0x01e10400 JavaThread "Reference Handler" daemon [_thread_blocked, id=3720, stack(0x04430000,0x04480000)]

Other Threads:
  0x01e0e400 VMThread [stack: 0x04540000,0x04590000] [id=5044]
  0x01e49c00 WatcherThread [stack: 0x04880000,0x048d0000] [id=360]

VM state:not at safepoint (normal execution)

VM Mutex/Monitor currently owned by a thread: None

Heap
 def new generation   total 16512K, used 8754K [0x242a0000, 0x25480000, 0x297f0000)
  eden space 14720K,  55% used [0x242a0000, 0x24a94998, 0x25100000)
  from space 1792K,  33% used [0x252c0000, 0x25358178, 0x25480000)
  to   space 1792K,   0% used [0x25100000, 0x25100000, 0x252c0000)
 tenured generation   total 36496K, used 21895K [0x297f0000, 0x2bb94000, 0x342a0000)
   the space 36496K,  59% used [0x297f0000, 0x2ad51d90, 0x2ad51e00, 0x2bb94000)
 compacting perm gen  total 12288K, used 6488K [0x342a0000, 0x34ea0000, 0x382a0000)
   the space 12288K,  52% used [0x342a0000, 0x348f62e0, 0x348f6400, 0x34ea0000)
    ro space 10240K,  42% used [0x382a0000, 0x386e4240, 0x386e4400, 0x38ca0000)
    rw space 12288K,  54% used [0x38ca0000, 0x39324d58, 0x39324e00, 0x398a0000)

Card table byte_map: [0x02290000,0x02340000] byte_map_base: 0x0216eb00

Polling page: 0x00130000

Code Cache  [0x02400000, 0x02560000, 0x04400000)
 total_blobs=812 nmethods=387 adapters=360 free_code_cache=31361Kb largest_free_block=32114240

Compilation events (10 events):
Event: 3.468 Thread 0x01e32400  377             java.util.ArrayList$SubList$1::next (79 bytes)
Event: 3.468 Thread 0x01e32400 nmethod 377 0x0255c088 code [0x0255c1c0, 0x0255c414]
Event: 3.468 Thread 0x01e32400  378             java.util.ArrayList$SubList$1::checkForComodification (26 bytes)
Event: 3.468 Thread 0x01e32400 nmethod 378 0x0255c688 code [0x0255c790, 0x0255c89c]
Event: 3.468 Thread 0x01e32400  379             java.lang.String::split (326 bytes)
Event: 3.470 Thread 0x01e32400 nmethod 379 0x0255c988 code [0x0255cc00, 0x0255d7e4]
Event: 3.496 Thread 0x01e32400  380             java.util.concurrent.ConcurrentHashMap$HashIterator::advance (96 bytes)
Event: 3.496 Thread 0x01e32400 nmethod 380 0x0255eb08 code [0x0255ec10, 0x0255edd0]
Event: 3.501 Thread 0x01e32400    7 %           processing.opengl.PGL::nativeToJavaARGB @ 101 (339 bytes)
Event: 3.501 Thread 0x01e32400 nmethod 7% 0x0255ef08 code [0x0255f040, 0x0255f4d0]

GC Heap History (10 events):
Event: 2.762 GC heap before
{Heap before GC invocations=8 (full 0):
 def new generation   total 4928K, used 3000K [0x242a0000, 0x247f0000, 0x297f0000)
  eden space 4416K,  67% used [0x242a0000, 0x2458b420, 0x246f0000)
  from space 512K,   2% used [0x246f0000, 0x246f2d88, 0x24770000)
  to   space 512K,   0% used [0x24770000, 0x24770000, 0x247f0000)
 tenured generation   total 10944K, used 5629K [0x297f0000, 0x2a2a0000, 0x342a0000)
   the space 10944K,  51% used [0x297f0000, 0x29d6f5c0, 0x29d6f600, 0x2a2a0000)
 compacting perm gen  total 12288K, used 6337K [0x342a0000, 0x34ea0000, 0x382a0000)
   the space 12288K,  51% used [0x342a0000, 0x348d05a0, 0x348d0600, 0x34ea0000)
    ro space 10240K,  42% used [0x382a0000, 0x386e4240, 0x386e4400, 0x38ca0000)
    rw space 12288K,  54% used [0x38ca0000, 0x39324d58, 0x39324e00, 0x398a0000)
Event: 2.783 GC heap after
Heap after GC invocations=9 (full 1):
 def new generation   total 4992K, used 0K [0x242a0000, 0x24800000, 0x297f0000)
  eden space 4480K,   0% used [0x242a0000, 0x242a0000, 0x24700000)
  from space 512K,   0% used [0x24700000, 0x24700000, 0x24780000)
  to   space 512K,   0% used [0x24780000, 0x24780000, 0x24800000)
 tenured generation   total 10944K, used 5694K [0x297f0000, 0x2a2a0000, 0x342a0000)
   the space 10944K,  52% used [0x297f0000, 0x29d7f900, 0x29d7fa00, 0x2a2a0000)
 compacting perm gen  total 12288K, used 6337K [0x342a0000, 0x34ea0000, 0x382a0000)
   the space 12288K,  51% used [0x342a0000, 0x348d05a0, 0x348d0600, 0x34ea0000)
    ro space 10240K,  42% used [0x382a0000, 0x386e4240, 0x386e4400, 0x38ca0000)
    rw space 12288K,  54% used [0x38ca0000, 0x39324d58, 0x39324e00, 0x398a0000)
}
Event: 2.788 GC heap before
{Heap before GC invocations=9 (full 1):
 def new generation   total 4992K, used 17K [0x242a0000, 0x24800000, 0x297f0000)
  eden space 4480K,   0% used [0x242a0000, 0x242a44c0, 0x24700000)
  from space 512K,   0% used [0x24700000, 0x24700000, 0x24780000)
  to   space 512K,   0% used [0x24780000, 0x24780000, 0x24800000)
 tenured generation   total 19048K, used 13794K [0x297f0000, 0x2aa8a000, 0x342a0000)
   the space 19048K,  72% used [0x297f0000, 0x2a568910, 0x2a568a00, 0x2aa8a000)
 compacting perm gen  total 12288K, used 6337K [0x342a0000, 0x34ea0000, 0x382a0000)
   the space 12288K,  51% used [0x342a0000, 0x348d05d0, 0x348d0600, 0x34ea0000)
    ro space 10240K,  42% used [0x382a0000, 0x386e4240, 0x386e4400, 0x38ca0000)
    rw space 12288K,  54% used [0x38ca0000, 0x39324d58, 0x39324e00, 0x398a0000)
Event: 2.808 GC heap after
Heap after GC invocations=10 (full 2):
 def new generation   total 10368K, used 0K [0x242a0000, 0x24de0000, 0x297f0000)
  eden space 9216K,   0% used [0x242a0000, 0x242a0000, 0x24ba0000)
  from space 1152K,   0% used [0x24ba0000, 0x24ba0000, 0x24cc0000)
  to   space 1152K,   0% used [0x24cc0000, 0x24cc0000, 0x24de0000)
 tenured generation   total 22992K, used 13793K [0x297f0000, 0x2ae64000, 0x342a0000)
   the space 22992K,  59% used [0x297f0000, 0x2a5686f8, 0x2a568800, 0x2ae64000)
 compacting perm gen  total 12288K, used 6337K [0x342a0000, 0x34ea0000, 0x382a0000)
   the space 12288K,  51% used [0x342a0000, 0x348d05d0, 0x348d0600, 0x34ea0000)
    ro space 10240K,  42% used [0x382a0000, 0x386e4240, 0x386e4400, 0x38ca0000)
    rw space 12288K,  54% used [0x38ca0000, 0x39324d58, 0x39324e00, 0x398a0000)
}
Event: 2.896 GC heap before
{Heap before GC invocations=10 (full 2):
 def new generation   total 10368K, used 8192K [0x242a0000, 0x24de0000, 0x297f0000)
  eden space 9216K,  88% used [0x242a0000, 0x24aa01c0, 0x24ba0000)
  from space 1152K,   0% used [0x24ba0000, 0x24ba0000, 0x24cc0000)
  to   space 1152K,   0% used [0x24cc0000, 0x24cc0000, 0x24de0000)
 tenured generation   total 22992K, used 13793K [0x297f0000, 0x2ae64000, 0x342a0000)
   the space 22992K,  59% used [0x297f0000, 0x2a5686f8, 0x2a568800, 0x2ae64000)
 compacting perm gen  total 12288K, used 6337K [0x342a0000, 0x34ea0000, 0x382a0000)
   the space 12288K,  51% used [0x342a0000, 0x348d05f0, 0x348d0600, 0x34ea0000)
    ro space 10240K,  42% used [0x382a0000, 0x386e4240, 0x386e4400, 0x38ca0000)
    rw space 12288K,  54% used [0x38ca0000, 0x39324d58, 0x39324e00, 0x398a0000)
Event: 2.901 GC heap after
Heap after GC invocations=11 (full 2):
 def new generation   total 10368K, used 1K [0x242a0000, 0x24de0000, 0x297f0000)
  eden space 9216K,   0% used [0x242a0000, 0x242a0000, 0x24ba0000)
  from space 1152K,   0% used [0x24cc0000, 0x24cc0438, 0x24de0000)
  to   space 1152K,   0% used [0x24ba0000, 0x24ba0000, 0x24cc0000)
 tenured generation   total 22992K, used 21893K [0x297f0000, 0x2ae64000, 0x342a0000)
   the space 22992K,  95% used [0x297f0000, 0x2ad51708, 0x2ad51800, 0x2ae64000)
 compacting perm gen  total 12288K, used 6337K [0x342a0000, 0x34ea0000, 0x382a0000)
   the space 12288K,  51% used [0x342a0000, 0x348d05f0, 0x348d0600, 0x34ea0000)
    ro space 10240K,  42% used [0x382a0000, 0x386e4240, 0x386e4400, 0x38ca0000)
    rw space 12288K,  54% used [0x38ca0000, 0x39324d58, 0x39324e00, 0x398a0000)
}
Event: 2.905 GC heap before
{Heap before GC invocations=11 (full 2):
 def new generation   total 10368K, used 9067K [0x242a0000, 0x24de0000, 0x297f0000)
  eden space 9216K,  98% used [0x242a0000, 0x24b7ab18, 0x24ba0000)
  from space 1152K,   0% used [0x24cc0000, 0x24cc0438, 0x24de0000)
  to   space 1152K,   0% used [0x24ba0000, 0x24ba0000, 0x24cc0000)
 tenured generation   total 22992K, used 21893K [0x297f0000, 0x2ae64000, 0x342a0000)
   the space 22992K,  95% used [0x297f0000, 0x2ad51708, 0x2ad51800, 0x2ae64000)
 compacting perm gen  total 12288K, used 6337K [0x342a0000, 0x34ea0000, 0x382a0000)
   the space 12288K,  51% used [0x342a0000, 0x348d05f0, 0x348d0600, 0x34ea0000)
    ro space 10240K,  42% used [0x382a0000, 0x386e4240, 0x386e4400, 0x38ca0000)
    rw space 12288K,  54% used [0x38ca0000, 0x39324d58, 0x39324e00, 0x398a0000)
Event: 2.934 GC heap after
Heap after GC invocations=12 (full 3):
 def new generation   total 16512K, used 0K [0x242a0000, 0x25480000, 0x297f0000)
  eden space 14720K,   0% used [0x242a0000, 0x242a0000, 0x25100000)
  from space 1792K,   0% used [0x25100000, 0x25100000, 0x252c0000)
  to   space 1792K,   0% used [0x252c0000, 0x252c0000, 0x25480000)
 tenured generation   total 36496K, used 21895K [0x297f0000, 0x2bb94000, 0x342a0000)
   the space 36496K,  59% used [0x297f0000, 0x2ad51d90, 0x2ad51e00, 0x2bb94000)
 compacting perm gen  total 12288K, used 6337K [0x342a0000, 0x34ea0000, 0x382a0000)
   the space 12288K,  51% used [0x342a0000, 0x348d05f0, 0x348d0600, 0x34ea0000)
    ro space 10240K,  42% used [0x382a0000, 0x386e4240, 0x386e4400, 0x38ca0000)
    rw space 12288K,  54% used [0x38ca0000, 0x39324d58, 0x39324e00, 0x398a0000)
}
Event: 3.471 GC heap before
{Heap before GC invocations=12 (full 3):
 def new generation   total 16512K, used 11602K [0x242a0000, 0x25480000, 0x297f0000)
  eden space 14720K,  78% used [0x242a0000, 0x24df4898, 0x25100000)
  from space 1792K,   0% used [0x25100000, 0x25100000, 0x252c0000)
  to   space 1792K,   0% used [0x252c0000, 0x252c0000, 0x25480000)
 tenured generation   total 36496K, used 21895K [0x297f0000, 0x2bb94000, 0x342a0000)
   the space 36496K,  59% used [0x297f0000, 0x2ad51d90, 0x2ad51e00, 0x2bb94000)
 compacting perm gen  total 12288K, used 6488K [0x342a0000, 0x34ea0000, 0x382a0000)
   the space 12288K,  52% used [0x342a0000, 0x348f62e0, 0x348f6400, 0x34ea0000)
    ro space 10240K,  42% used [0x382a0000, 0x386e4240, 0x386e4400, 0x38ca0000)
    rw space 12288K,  54% used [0x38ca0000, 0x39324d58, 0x39324e00, 0x398a0000)
Event: 3.472 GC heap after
Heap after GC invocations=13 (full 3):
 def new generation   total 16512K, used 608K [0x242a0000, 0x25480000, 0x297f0000)
  eden space 14720K,   0% used [0x242a0000, 0x242a0000, 0x25100000)
  from space 1792K,  33% used [0x252c0000, 0x25358178, 0x25480000)
  to   space 1792K,   0% used [0x25100000, 0x25100000, 0x252c0000)
 tenured generation   total 36496K, used 21895K [0x297f0000, 0x2bb94000, 0x342a0000)
   the space 36496K,  59% used [0x297f0000, 0x2ad51d90, 0x2ad51e00, 0x2bb94000)
 compacting perm gen  total 12288K, used 6488K [0x342a0000, 0x34ea0000, 0x382a0000)
   the space 12288K,  52% used [0x342a0000, 0x348f62e0, 0x348f6400, 0x34ea0000)
    ro space 10240K,  42% used [0x382a0000, 0x386e4240, 0x386e4400, 0x38ca0000)
    rw space 12288K,  54% used [0x38ca0000, 0x39324d58, 0x39324e00, 0x398a0000)
}

Deoptimization events (0 events):
No events

Internal exceptions (10 events):
Event: 3.388 Thread 0x04adf800 Threw 0x24bf4b18 at C:\jdk7u2_32P\jdk7u25\hotspot\src\share\vm\prims\jvm.cpp:1235
Event: 3.389 Thread 0x04adf800 Threw 0x24bfc3b8 at C:\jdk7u2_32P\jdk7u25\hotspot\src\share\vm\prims\jvm.cpp:1235
Event: 3.389 Thread 0x04adf800 Threw 0x24bfe090 at C:\jdk7u2_32P\jdk7u25\hotspot\src\share\vm\prims\jvm.cpp:1235
Event: 3.389 Thread 0x04adf800 Threw 0x24bffbe0 at C:\jdk7u2_32P\jdk7u25\hotspot\src\share\vm\prims\jvm.cpp:1235
Event: 3.409 Thread 0x04adf800 Threw 0x24c03db8 at C:\jdk7u2_32P\jdk7u25\hotspot\src\share\vm\prims\jvm.cpp:1235
Event: 3.409 Thread 0x04adf800 Threw 0x24c05708 at C:\jdk7u2_32P\jdk7u25\hotspot\src\share\vm\prims\jvm.cpp:1235
Event: 3.409 Thread 0x04adf800 Threw 0x24c0b210 at C:\jdk7u2_32P\jdk7u25\hotspot\src\share\vm\prims\jvm.cpp:1235
Event: 3.410 Thread 0x04adf800 Threw 0x24c0e900 at C:\jdk7u2_32P\jdk7u25\hotspot\src\share\vm\prims\jvm.cpp:1235
Event: 3.469 Thread 0x04adf800 Threw 0x24de7258 at C:\jdk7u2_32P\jdk7u25\hotspot\src\share\vm\prims\jvm.cpp:1235
Event: 3.470 Thread 0x04adf800 Threw 0x24de8cf0 at C:\jdk7u2_32P\jdk7u25\hotspot\src\share\vm\prims\jvm.cpp:1235

Events (10 events):
Event: 3.410 loading class 0x07d18cc8
Event: 3.410 loading class 0x07d18cc8 done
Event: 3.427 loading class 0x39985928
Event: 3.438 loading class 0x39985928 done
Event: 3.469 loading class 0x07d18910
Event: 3.469 loading class 0x07d18910 done
Event: 3.470 loading class 0x07aa9120
Event: 3.470 loading class 0x07aa9120 done
Event: 3.471 Executing VM operation: GenCollectForAllocation
Event: 3.472 Executing VM operation: GenCollectForAllocation done


Dynamic libraries:
0x002c0000 - 0x002ef000 	C:\Program Files (x86)\Java\jre7\bin\javaw.exe
0x77dc0000 - 0x77f40000 	C:\Windows\SysWOW64\ntdll.dll
0x766d0000 - 0x767e0000 	C:\Windows\syswow64\kernel32.dll
0x76670000 - 0x766b7000 	C:\Windows\syswow64\KERNELBASE.dll
0x765c0000 - 0x76660000 	C:\Windows\syswow64\ADVAPI32.dll
0x77910000 - 0x779bc000 	C:\Windows\syswow64\msvcrt.dll
0x75b20000 - 0x75b39000 	C:\Windows\SysWOW64\sechost.dll
0x75d90000 - 0x75e80000 	C:\Windows\syswow64\RPCRT4.dll
0x75810000 - 0x75870000 	C:\Windows\syswow64\SspiCli.dll
0x75800000 - 0x7580c000 	C:\Windows\syswow64\CRYPTBASE.dll
0x762b0000 - 0x763b0000 	C:\Windows\syswow64\USER32.dll
0x75a90000 - 0x75b20000 	C:\Windows\syswow64\GDI32.dll
0x767e0000 - 0x767ea000 	C:\Windows\syswow64\LPK.dll
0x77720000 - 0x777bd000 	C:\Windows\syswow64\USP10.dll
0x72d00000 - 0x72e9e000 	C:\Windows\WinSxS\x86_microsoft.windows.common-controls_6595b64144ccf1df_6.0.7601.17514_none_41e6975e2bd6f2b2\COMCTL32.dll
0x763b0000 - 0x76407000 	C:\Windows\syswow64\SHLWAPI.dll
0x76530000 - 0x76590000 	C:\Windows\system32\IMM32.DLL
0x77840000 - 0x7790c000 	C:\Windows\syswow64\MSCTF.dll
0x67740000 - 0x677fe000 	C:\Program Files (x86)\Java\jre7\bin\msvcr100.dll
0x65420000 - 0x65762000 	C:\Program Files (x86)\Java\jre7\bin\client\jvm.dll
0x72350000 - 0x72357000 	C:\Windows\system32\WSOCK32.dll
0x76410000 - 0x76445000 	C:\Windows\syswow64\WS2_32.dll
0x765b0000 - 0x765b6000 	C:\Windows\syswow64\NSI.dll
0x755b0000 - 0x755e2000 	C:\Windows\system32\WINMM.dll
0x76590000 - 0x76595000 	C:\Windows\syswow64\PSAPI.DLL
0x746d0000 - 0x746dc000 	C:\Program Files (x86)\Java\jre7\bin\verify.dll
0x67720000 - 0x67740000 	C:\Program Files (x86)\Java\jre7\bin\java.dll
0x67700000 - 0x67713000 	C:\Program Files (x86)\Java\jre7\bin\zip.dll
0x66fc0000 - 0x67104000 	C:\Program Files (x86)\Java\jre7\bin\awt.dll
0x76920000 - 0x769af000 	C:\Windows\syswow64\OLEAUT32.dll
0x75870000 - 0x759cc000 	C:\Windows\syswow64\ole32.dll
0x728d0000 - 0x728e3000 	C:\Windows\system32\DWMAPI.DLL
0x728f0000 - 0x72970000 	C:\Windows\system32\uxtheme.dll
0x65250000 - 0x65413000 	C:\Windows\system32\d3d9.dll
0x75730000 - 0x75739000 	C:\Windows\system32\VERSION.dll
0x676f0000 - 0x676f6000 	C:\Windows\system32\d3d8thk.dll
0x645f0000 - 0x65249000 	C:\Windows\system32\nvd3dum.dll
0x75580000 - 0x755a5000 	C:\Windows\system32\powrprof.dll
0x75e80000 - 0x7601d000 	C:\Windows\syswow64\SETUPAPI.dll
0x759d0000 - 0x759f7000 	C:\Windows\syswow64\CFGMGR32.dll
0x76020000 - 0x76032000 	C:\Windows\syswow64\DEVOBJ.dll
0x66540000 - 0x6666c000 	C:\Program Files (x86)\NVIDIA Corporation\3D Vision\nvSCPAPI.dll
0x769b0000 - 0x775fa000 	C:\Windows\syswow64\SHELL32.dll
0x676b0000 - 0x676e1000 	C:\Program Files (x86)\Java\jre7\bin\fontmanager.dll
0x75a00000 - 0x75a83000 	C:\Windows\syswow64\CLBCatQ.DLL
0x72b50000 - 0x72b66000 	C:\Windows\system32\CRYPTSP.dll
0x72b10000 - 0x72b4b000 	C:\Windows\system32\rsaenh.dll
0x72bb0000 - 0x72bc7000 	C:\Windows\system32\USERENV.dll
0x73480000 - 0x7348b000 	C:\Windows\system32\profapi.dll
0x66fa0000 - 0x66fb4000 	C:\Program Files (x86)\Java\jre7\bin\net.dll
0x735d0000 - 0x7360c000 	C:\Windows\system32\mswsock.dll
0x72b00000 - 0x72b06000 	C:\Windows\System32\wship6.dll
0x72af0000 - 0x72b00000 	C:\Windows\system32\NLAapi.dll
0x72ae0000 - 0x72af0000 	C:\Windows\system32\napinsp.dll
0x72ac0000 - 0x72ad2000 	C:\Windows\system32\pnrpnsp.dll
0x72a70000 - 0x72ab4000 	C:\Windows\system32\DNSAPI.dll
0x72a60000 - 0x72a68000 	C:\Windows\System32\winrnr.dll
0x72a50000 - 0x72a55000 	C:\Windows\System32\wshtcpip.dll
0x73120000 - 0x7313c000 	C:\Windows\system32\IPHLPAPI.DLL
0x73110000 - 0x73117000 	C:\Windows\system32\WINNSI.DLL
0x72a40000 - 0x72a46000 	C:\Windows\system32\rasadhlp.dll
0x72a00000 - 0x72a38000 	C:\Windows\System32\fwpuclnt.dll
0x66f90000 - 0x66f9f000 	C:\Program Files (x86)\Java\jre7\bin\nio.dll
0x637c0000 - 0x637ca000 	C:\Users\Jacques\AppData\Local\Temp\jogamp_0000\file_cache\jln2686241593437326440\jln7093518121644973870\gluegen-rt.dll
0x66f70000 - 0x66f76000 	C:\Program Files (x86)\Java\jre7\bin\jawt.dll
0x6a440000 - 0x6a44a000 	C:\Users\Jacques\AppData\Local\Temp\jogamp_0000\file_cache\jln2686241593437326440\jln7093518121644973870\nativewindow_awt.dll
0x6c100000 - 0x6c110000 	C:\Users\Jacques\AppData\Local\Temp\jogamp_0000\file_cache\jln2686241593437326440\jln7093518121644973870\nativewindow_win32.dll
0x69be0000 - 0x69ca8000 	C:\Windows\system32\OpenGL32.dll
0x69bb0000 - 0x69bd2000 	C:\Windows\system32\GLU32.dll
0x72ea0000 - 0x72f87000 	C:\Windows\system32\DDRAW.dll
0x73180000 - 0x73186000 	C:\Windows\system32\DCIMAN32.dll
0x64500000 - 0x6456c000 	C:\Users\Jacques\AppData\Local\Temp\jogamp_0000\file_cache\jln2686241593437326440\jln7093518121644973870\jogl_desktop.dll
0x082a0000 - 0x097db000 	C:\Windows\system32\nvoglv32.DLL
0x75d60000 - 0x75d8e000 	C:\Windows\syswow64\WINTRUST.dll
0x77600000 - 0x77720000 	C:\Windows\syswow64\CRYPT32.dll
0x766c0000 - 0x766cc000 	C:\Windows\syswow64\MSASN1.dll
0x756a0000 - 0x756c1000 	C:\Windows\system32\ntmarta.dll
0x75b50000 - 0x75b95000 	C:\Windows\syswow64\WLDAP32.dll
0x66f40000 - 0x66f70000 	C:\Program Files (x86)\Java\jre7\bin\t2k.dll
0x72bd0000 - 0x72cbb000 	C:\Windows\system32\dbghelp.dll

VM Arguments:
jvm_args: -Djava.library.path=C:\Users\Jacques\Documents\GitHub\Sketchup-Blocks\EclipseProject\SketchupBlocks\libs;C:\Users\Jacques\Documents\GitHub\Sketchup-Blocks\EclipseProject\SketchupBlocks\libs -Dfile.encoding=Cp1252 
java_command: sketchupblocks.base.SketchupBlocks
Launcher Type: SUN_STANDARD

Environment Variables:
PATH=C:\Program Files (x86)\NVIDIA Corporation\PhysX\Common;C:\Program Files\NVIDIA GPU Computing Toolkit\CUDA\v5.5\bin;C:\Program Files\NVIDIA GPU Computing Toolkit\CUDA\v5.5\libnvvp;C:\Program Files (x86)\AMD APP\bin\x86_64;C:\Program Files (x86)\AMD APP\bin\x86;C:\Windows\system32;C:\Windows;C:\Windows\System32\Wbem;C:\Windows\System32\WindowsPowerShell\v1.0\;C:\MinGW\bin;C:\MinGW\msys\1.0\bin;C:\Program Files\Microsoft\Web Platform Installer\;C:\Program Files (x86)\Microsoft ASP.NET\ASP.NET Web Pages\v1.0\;C:\Program Files (x86)\Windows Kits\8.0\Windows Performance Toolkit\;C:\Program Files\Microsoft SQL Server\110\Tools\Binn\;C:\Program Files\Java\jdk1.7.0_25\bin;
USERNAME=Jacques
OS=Windows_NT
PROCESSOR_IDENTIFIER=AMD64 Family 21 Model 1 Stepping 2, AuthenticAMD



---------------  S Y S T E M  ---------------

OS: Windows 7 , 64 bit Build 7601 Service Pack 1

CPU:total 6 (6 cores per cpu, 1 threads per core) family 21 model 1 stepping 2, cmov, cx8, fxsr, mmx, sse, sse2, sse3, ssse3, sse4.1, sse4.2, popcnt, avx, mmxext, 3dnowpref, lzcnt, sse4a, tsc, tscinvbit, tscinv

Memory: 4k page, physical 8054708k(5310880k free), swap 16107556k(13046208k free)

vm_info: Java HotSpot(TM) Client VM (23.25-b01) for windows-x86 JRE (1.7.0_25-b17), built on Jun 21 2013 13:06:48 by "java_re" with unknown MS VC++:1600

time: Sat Sep 21 20:44:07 2013
elapsed time: 3 seconds

