#
# A fatal error has been detected by the Java Runtime Environment:
#
#  EXCEPTION_ACCESS_VIOLATION (0xc0000005) at pc=0x0041fcb6, pid=4636, tid=4856
#
# JRE version: 7.0_25-b17
# Java VM: Java HotSpot(TM) Client VM (23.25-b01 mixed mode, sharing windows-x86 )
# Problematic frame:
# C  0x0041fcb6
#
# Failed to write core dump. Minidumps are not enabled by default on client versions of Windows
#
# If you would like to submit a bug report, please visit:
#   http://bugreport.sun.com/bugreport/crash.jsp
# The crash happened outside the Java Virtual Machine in native code.
# See problematic frame for where to report the bug.
#

---------------  T H R E A D  ---------------

Current thread (0x04bc6400):  JavaThread "AWT-EventQueue-0" [_thread_in_native, id=4856, stack(0x064b0000,0x06500000)]

siginfo: ExceptionCode=0xc0000005, reading address 0x00000000

Registers:
EAX=0x0af601e0, EBX=0x09340000, ECX=0x00000000, EDX=0x00000004
ESP=0x064fe814, EBP=0x064fe85c, ESI=0x00000000, EDI=0x00000000
EIP=0x0041fcb6, EFLAGS=0x00010246

Top of Stack: (sp=0x064fe814)
0x064fe814:   00000004 09050020 09340000 00000004
0x064fe824:   064fe85c 60f5c322 09340000 0af601e0
0x064fe834:   00000000 00000004 09050020 09340000
0x064fe844:   00000004 083e1248 0af601e0 00000080
0x064fe854:   09050020 00000000 064fe87c 60f5a572
0x064fe864:   00340000 00000005 00000000 00000004
0x064fe874:   00000005 09340000 064fe8a8 6070718d
0x064fe884:   09340000 00000005 00000000 00000004 

Instructions: (pc=0x0041fcb6)
0x0041fc96:   18 8b 44 24 1c 8b 4c 24 20 8b 54 24 24 8b 35 88
0x0041fca6:   ba 36 09 8b b6 c4 02 00 00 8b f9 c1 e7 04 03 f7
0x0041fcb6:   8b 3e 8b 6e 04 89 38 89 68 04 8b 7e 08 8b 6e 0c
0x0041fcc6:   89 78 08 89 68 0c 8b 35 88 ba 36 09 8b b6 f0 02 


Register to memory mapping:

EAX=0x0af601e0 is an unknown value
EBX=0x09340000 is an unknown value
ECX=0x00000000 is an unknown value
EDX=0x00000004 is an unknown value
ESP=0x064fe814 is pointing into the stack for thread: 0x04bc6400
EBP=0x064fe85c is pointing into the stack for thread: 0x04bc6400
ESI=0x00000000 is an unknown value
EDI=0x00000000 is an unknown value


Stack: [0x064b0000,0x06500000],  sp=0x064fe814,  free space=314k
Native frames: (J=compiled Java code, j=interpreted, Vv=VM code, C=native code)
C  0x0041fcb6
C  [nvoglv32.DLL+0x9ca572]  DrvPresentBuffers+0x116f62
C  [nvoglv32.DLL+0x17718d]
C  [jogl_desktop.dll+0x971d]  Java_jogamp_opengl_gl4_GL4bcImpl_dispatch_1glDrawArrays1__IIIJ+0x1d
j  jogamp.opengl.gl4.GL4bcImpl.dispatch_glDrawArrays1(IIIJ)V+0
j  jogamp.opengl.gl4.GL4bcImpl.glDrawArrays(III)V+39
j  processing.opengl.PGL.drawArrays(III)V+6
j  processing.opengl.PGL.drawTexture2D(IIIIIIIIIIIII)V+528
j  processing.opengl.PGL.drawTexture(IIIIIIIIIIIIII)V+32
j  processing.opengl.PGL.endDraw(Z)V+243
j  processing.opengl.PGraphicsOpenGL.endOnscreenDraw()V+7
j  processing.opengl.PGraphicsOpenGL.endDraw()V+61
j  processing.core.PApplet.handleDraw()V+319
j  processing.opengl.PGL$PGLListener.display(Ljavax/media/opengl/GLAutoDrawable;)V+376
j  jogamp.opengl.GLDrawableHelper.displayImpl(Ljavax/media/opengl/GLAutoDrawable;)V+58
j  jogamp.opengl.GLDrawableHelper.display(Ljavax/media/opengl/GLAutoDrawable;)V+2
j  javax.media.opengl.awt.GLCanvas$7.run()V+118
j  jogamp.opengl.GLDrawableHelper.invokeGLImpl(Ljavax/media/opengl/GLDrawable;Ljavax/media/opengl/GLContext;Ljava/lang/Runnable;Ljava/lang/Runnable;)V+206
j  jogamp.opengl.GLDrawableHelper.invokeGL(Ljavax/media/opengl/GLDrawable;Ljavax/media/opengl/GLContext;Ljava/lang/Runnable;Ljava/lang/Runnable;)V+80
j  javax.media.opengl.awt.GLCanvas$8.run()V+73
j  javax.media.opengl.Threading.invoke(ZLjava/lang/Runnable;Ljava/lang/Object;)V+33
j  javax.media.opengl.awt.GLCanvas.display()V+57
j  javax.media.opengl.awt.GLCanvas.paint(Ljava/awt/Graphics;)V+137
j  sun.awt.RepaintArea.paintComponent(Ljava/awt/Component;Ljava/awt/Graphics;)V+6
j  sun.awt.RepaintArea.paint(Ljava/lang/Object;Z)V+326
j  sun.awt.windows.WComponentPeer.handleEvent(Ljava/awt/AWTEvent;)V+155
j  java.awt.Component.dispatchEventImpl(Ljava/awt/AWTEvent;)V+869
j  java.awt.Component.dispatchEvent(Ljava/awt/AWTEvent;)V+2
j  java.awt.EventQueue.dispatchEventImpl(Ljava/awt/AWTEvent;Ljava/lang/Object;)V+41
j  java.awt.EventQueue.access$200(Ljava/awt/EventQueue;Ljava/awt/AWTEvent;Ljava/lang/Object;)V+3
j  java.awt.EventQueue$3.run()Ljava/lang/Void;+12
j  java.awt.EventQueue$3.run()Ljava/lang/Object;+1
v  ~StubRoutines::call_stub
V  [jvm.dll+0x124afa]
V  [jvm.dll+0x1d224e]
V  [jvm.dll+0x124b7d]
V  [jvm.dll+0xd8e34]
C  [java.dll+0x102f]  Java_java_security_AccessController_doPrivileged__Ljava_security_PrivilegedAction_2Ljava_security_AccessControlContext_2+0x17
j  java.security.ProtectionDomain$1.doIntersectionPrivilege(Ljava/security/PrivilegedAction;Ljava/security/AccessControlContext;Ljava/security/AccessControlContext;)Ljava/lang/Object;+28
j  java.security.ProtectionDomain$1.doIntersectionPrivilege(Ljava/security/PrivilegedAction;Ljava/security/AccessControlContext;)Ljava/lang/Object;+6
j  java.awt.EventQueue$4.run()Ljava/lang/Void;+11
j  java.awt.EventQueue$4.run()Ljava/lang/Object;+1
v  ~StubRoutines::call_stub
V  [jvm.dll+0x124afa]
V  [jvm.dll+0x1d224e]
V  [jvm.dll+0x124b7d]
V  [jvm.dll+0xd8e34]
C  [java.dll+0x102f]  Java_java_security_AccessController_doPrivileged__Ljava_security_PrivilegedAction_2Ljava_security_AccessControlContext_2+0x17
j  java.security.ProtectionDomain$1.doIntersectionPrivilege(Ljava/security/PrivilegedAction;Ljava/security/AccessControlContext;Ljava/security/AccessControlContext;)Ljava/lang/Object;+28
j  java.awt.EventQueue.dispatchEvent(Ljava/awt/AWTEvent;)V+73
j  java.awt.EventDispatchThread.pumpOneEventForFilters(I)V+245
j  java.awt.EventDispatchThread.pumpEventsForFilter(ILjava/awt/Conditional;Ljava/awt/EventFilter;)V+35
j  java.awt.EventDispatchThread.pumpEventsForHierarchy(ILjava/awt/Conditional;Ljava/awt/Component;)V+11
j  java.awt.EventDispatchThread.pumpEvents(ILjava/awt/Conditional;)V+4
j  java.awt.EventDispatchThread.pumpEvents(Ljava/awt/Conditional;)V+3
j  java.awt.EventDispatchThread.run()V+9
v  ~StubRoutines::call_stub
V  [jvm.dll+0x124afa]
V  [jvm.dll+0x1d224e]
V  [jvm.dll+0x124caf]
V  [jvm.dll+0x124d17]
V  [jvm.dll+0xcf06f]
V  [jvm.dll+0x144447]
V  [jvm.dll+0x1445b0]
V  [jvm.dll+0x177bb9]
C  [msvcr100.dll+0x5c6de]  endthreadex+0x3a
C  [msvcr100.dll+0x5c788]  endthreadex+0xe4
C  [kernel32.dll+0x1336a]  BaseThreadInitThunk+0x12
C  [ntdll.dll+0x39f72]  RtlInitializeExceptionChain+0x63
C  [ntdll.dll+0x39f45]  RtlInitializeExceptionChain+0x36

Java frames: (J=compiled Java code, j=interpreted, Vv=VM code)
j  jogamp.opengl.gl4.GL4bcImpl.dispatch_glDrawArrays1(IIIJ)V+0
j  jogamp.opengl.gl4.GL4bcImpl.glDrawArrays(III)V+39
j  processing.opengl.PGL.drawArrays(III)V+6
j  processing.opengl.PGL.drawTexture2D(IIIIIIIIIIIII)V+528
j  processing.opengl.PGL.drawTexture(IIIIIIIIIIIIII)V+32
j  processing.opengl.PGL.endDraw(Z)V+243
j  processing.opengl.PGraphicsOpenGL.endOnscreenDraw()V+7
j  processing.opengl.PGraphicsOpenGL.endDraw()V+61
j  processing.core.PApplet.handleDraw()V+319
j  processing.opengl.PGL$PGLListener.display(Ljavax/media/opengl/GLAutoDrawable;)V+376
j  jogamp.opengl.GLDrawableHelper.displayImpl(Ljavax/media/opengl/GLAutoDrawable;)V+58
j  jogamp.opengl.GLDrawableHelper.display(Ljavax/media/opengl/GLAutoDrawable;)V+2
j  javax.media.opengl.awt.GLCanvas$7.run()V+118
j  jogamp.opengl.GLDrawableHelper.invokeGLImpl(Ljavax/media/opengl/GLDrawable;Ljavax/media/opengl/GLContext;Ljava/lang/Runnable;Ljava/lang/Runnable;)V+206
j  jogamp.opengl.GLDrawableHelper.invokeGL(Ljavax/media/opengl/GLDrawable;Ljavax/media/opengl/GLContext;Ljava/lang/Runnable;Ljava/lang/Runnable;)V+80
j  javax.media.opengl.awt.GLCanvas$8.run()V+73
j  javax.media.opengl.Threading.invoke(ZLjava/lang/Runnable;Ljava/lang/Object;)V+33
j  javax.media.opengl.awt.GLCanvas.display()V+57
j  javax.media.opengl.awt.GLCanvas.paint(Ljava/awt/Graphics;)V+137
j  sun.awt.RepaintArea.paintComponent(Ljava/awt/Component;Ljava/awt/Graphics;)V+6
j  sun.awt.RepaintArea.paint(Ljava/lang/Object;Z)V+326
j  sun.awt.windows.WComponentPeer.handleEvent(Ljava/awt/AWTEvent;)V+155
j  java.awt.Component.dispatchEventImpl(Ljava/awt/AWTEvent;)V+869
j  java.awt.Component.dispatchEvent(Ljava/awt/AWTEvent;)V+2
j  java.awt.EventQueue.dispatchEventImpl(Ljava/awt/AWTEvent;Ljava/lang/Object;)V+41
j  java.awt.EventQueue.access$200(Ljava/awt/EventQueue;Ljava/awt/AWTEvent;Ljava/lang/Object;)V+3
j  java.awt.EventQueue$3.run()Ljava/lang/Void;+12
j  java.awt.EventQueue$3.run()Ljava/lang/Object;+1
v  ~StubRoutines::call_stub
j  java.security.AccessController.doPrivileged(Ljava/security/PrivilegedAction;Ljava/security/AccessControlContext;)Ljava/lang/Object;+0
j  java.security.ProtectionDomain$1.doIntersectionPrivilege(Ljava/security/PrivilegedAction;Ljava/security/AccessControlContext;Ljava/security/AccessControlContext;)Ljava/lang/Object;+28
j  java.security.ProtectionDomain$1.doIntersectionPrivilege(Ljava/security/PrivilegedAction;Ljava/security/AccessControlContext;)Ljava/lang/Object;+6
j  java.awt.EventQueue$4.run()Ljava/lang/Void;+11
j  java.awt.EventQueue$4.run()Ljava/lang/Object;+1
v  ~StubRoutines::call_stub
j  java.security.AccessController.doPrivileged(Ljava/security/PrivilegedAction;Ljava/security/AccessControlContext;)Ljava/lang/Object;+0
j  java.security.ProtectionDomain$1.doIntersectionPrivilege(Ljava/security/PrivilegedAction;Ljava/security/AccessControlContext;Ljava/security/AccessControlContext;)Ljava/lang/Object;+28
j  java.awt.EventQueue.dispatchEvent(Ljava/awt/AWTEvent;)V+73
j  java.awt.EventDispatchThread.pumpOneEventForFilters(I)V+245
j  java.awt.EventDispatchThread.pumpEventsForFilter(ILjava/awt/Conditional;Ljava/awt/EventFilter;)V+35
j  java.awt.EventDispatchThread.pumpEventsForHierarchy(ILjava/awt/Conditional;Ljava/awt/Component;)V+11
j  java.awt.EventDispatchThread.pumpEvents(ILjava/awt/Conditional;)V+4
j  java.awt.EventDispatchThread.pumpEvents(Ljava/awt/Conditional;)V+3
j  java.awt.EventDispatchThread.run()V+9
v  ~StubRoutines::call_stub

---------------  P R O C E S S  ---------------

Java Threads: ( => current thread )
  0x04c37800 JavaThread "Thread-5" [_thread_blocked, id=4396, stack(0x09650000,0x096a0000)]
  0x07a04000 JavaThread "Animation Thread-SharedResourceRunner" daemon [_thread_blocked, id=5796, stack(0x07dc0000,0x07e10000)]
  0x001abc00 JavaThread "DestroyJavaVM" [_thread_blocked, id=4876, stack(0x00eb0000,0x00f00000)]
  0x04c41800 JavaThread "Animation Thread" [_thread_blocked, id=6004, stack(0x078c0000,0x07910000)]
  0x04c4a000 JavaThread "D3D Screen Updater" daemon [_thread_blocked, id=5600, stack(0x07620000,0x07670000)]
  0x04c08000 JavaThread "Image Fetcher 0" daemon [_thread_blocked, id=4860, stack(0x076d0000,0x07720000)]
=>0x04bc6400 JavaThread "AWT-EventQueue-0" [_thread_in_native, id=4856, stack(0x064b0000,0x06500000)]
  0x04ba1c00 JavaThread "AWT-Windows" daemon [_thread_in_native, id=552, stack(0x048b0000,0x04900000)]
  0x04ba0000 JavaThread "AWT-Shutdown" [_thread_blocked, id=4612, stack(0x01130000,0x01180000)]
  0x04b9f800 JavaThread "Java2D Disposer" daemon [_thread_blocked, id=3524, stack(0x04e00000,0x04e50000)]
  0x00590800 JavaThread "Service Thread" daemon [_thread_blocked, id=556, stack(0x04a50000,0x04aa0000)]
  0x0058bc00 JavaThread "C1 CompilerThread0" daemon [_thread_blocked, id=2996, stack(0x04980000,0x049d0000)]
  0x0058a000 JavaThread "Attach Listener" daemon [_thread_blocked, id=5060, stack(0x047b0000,0x04800000)]
  0x00589000 JavaThread "Signal Dispatcher" daemon [_thread_blocked, id=692, stack(0x01070000,0x010c0000)]
  0x00572000 JavaThread "Finalizer" daemon [_thread_blocked, id=5608, stack(0x04750000,0x047a0000)]
  0x00570400 JavaThread "Reference Handler" daemon [_thread_blocked, id=2496, stack(0x012a0000,0x012f0000)]

Other Threads:
  0x0056e400 VMThread [stack: 0x011c0000,0x01210000] [id=5552]
  0x005a3400 WatcherThread [stack: 0x049f0000,0x04a40000] [id=5520]

VM state:not at safepoint (normal execution)

VM Mutex/Monitor currently owned by a thread: None

Heap
 def new generation   total 16512K, used 8749K [0x242a0000, 0x25480000, 0x297f0000)
  eden space 14720K,  55% used [0x242a0000, 0x24a93678, 0x25100000)
  from space 1792K,  33% used [0x252c0000, 0x253580e0, 0x25480000)
  to   space 1792K,   0% used [0x25100000, 0x25100000, 0x252c0000)
 tenured generation   total 36484K, used 21889K [0x297f0000, 0x2bb91000, 0x342a0000)
   the space 36484K,  59% used [0x297f0000, 0x2ad504f0, 0x2ad50600, 0x2bb91000)
 compacting perm gen  total 12288K, used 6488K [0x342a0000, 0x34ea0000, 0x382a0000)
   the space 12288K,  52% used [0x342a0000, 0x348f62b0, 0x348f6400, 0x34ea0000)
    ro space 10240K,  42% used [0x382a0000, 0x386e4240, 0x386e4400, 0x38ca0000)
    rw space 12288K,  54% used [0x38ca0000, 0x39324d58, 0x39324e00, 0x398a0000)

Card table byte_map: [0x00f80000,0x01030000] byte_map_base: 0x00e5eb00

Polling page: 0x00130000

Code Cache  [0x02750000, 0x028b8000, 0x04750000)
 total_blobs=825 nmethods=400 adapters=360 free_code_cache=31352Kb largest_free_block=32104832

Compilation events (10 events):
Event: 2.282 Thread 0x0058bc00  389             com.sun.org.apache.xerces.internal.xni.XMLString::toString (32 bytes)
Event: 2.282 Thread 0x0058bc00 nmethod 389 0x028ae2c8 code [0x028ae3d0, 0x028ae4dc]
Event: 2.282 Thread 0x0058bc00  390             java.util.ArrayList$SubList$1::next (79 bytes)
Event: 2.282 Thread 0x0058bc00 nmethod 390 0x028ae548 code [0x028ae680, 0x028ae8d4]
Event: 2.282 Thread 0x0058bc00  391             java.util.ArrayList$SubList$1::checkForComodification (26 bytes)
Event: 2.282 Thread 0x0058bc00 nmethod 391 0x028aeb48 code [0x028aec50, 0x028aed5c]
Event: 2.282 Thread 0x0058bc00  392             java.lang.String::split (326 bytes)
Event: 2.285 Thread 0x0058bc00 nmethod 392 0x028aee48 code [0x028af0c0, 0x028afca4]
Event: 2.314 Thread 0x0058bc00    7 %           processing.opengl.PGL::nativeToJavaARGB @ 101 (339 bytes)
Event: 2.314 Thread 0x0058bc00 nmethod 7% 0x028b0fc8 code [0x028b1100, 0x028b1590]

GC Heap History (10 events):
Event: 1.672 GC heap before
{Heap before GC invocations=8 (full 0):
 def new generation   total 4928K, used 3002K [0x242a0000, 0x247f0000, 0x297f0000)
  eden space 4416K,  67% used [0x242a0000, 0x2458bcb8, 0x246f0000)
  from space 512K,   2% used [0x246f0000, 0x246f2d88, 0x24770000)
  to   space 512K,   0% used [0x24770000, 0x24770000, 0x247f0000)
 tenured generation   total 10944K, used 5558K [0x297f0000, 0x2a2a0000, 0x342a0000)
   the space 10944K,  50% used [0x297f0000, 0x29d5db18, 0x29d5dc00, 0x2a2a0000)
 compacting perm gen  total 12288K, used 6337K [0x342a0000, 0x34ea0000, 0x382a0000)
   the space 12288K,  51% used [0x342a0000, 0x348d0570, 0x348d0600, 0x34ea0000)
    ro space 10240K,  42% used [0x382a0000, 0x386e4240, 0x386e4400, 0x38ca0000)
    rw space 12288K,  54% used [0x38ca0000, 0x39324d58, 0x39324e00, 0x398a0000)
Event: 1.693 GC heap after
Heap after GC invocations=9 (full 1):
 def new generation   total 4992K, used 0K [0x242a0000, 0x24800000, 0x297f0000)
  eden space 4480K,   0% used [0x242a0000, 0x242a0000, 0x24700000)
  from space 512K,   0% used [0x24700000, 0x24700000, 0x24780000)
  to   space 512K,   0% used [0x24780000, 0x24780000, 0x24800000)
 tenured generation   total 10944K, used 5736K [0x297f0000, 0x2a2a0000, 0x342a0000)
   the space 10944K,  52% used [0x297f0000, 0x29d8a150, 0x29d8a200, 0x2a2a0000)
 compacting perm gen  total 12288K, used 6337K [0x342a0000, 0x34ea0000, 0x382a0000)
   the space 12288K,  51% used [0x342a0000, 0x348d0570, 0x348d0600, 0x34ea0000)
    ro space 10240K,  42% used [0x382a0000, 0x386e4240, 0x386e4400, 0x38ca0000)
    rw space 12288K,  54% used [0x38ca0000, 0x39324d58, 0x39324e00, 0x398a0000)
}
Event: 1.698 GC heap before
{Heap before GC invocations=9 (full 1):
 def new generation   total 4992K, used 13K [0x242a0000, 0x24800000, 0x297f0000)
  eden space 4480K,   0% used [0x242a0000, 0x242a35e8, 0x24700000)
  from space 512K,   0% used [0x24700000, 0x24700000, 0x24780000)
  to   space 512K,   0% used [0x24780000, 0x24780000, 0x24800000)
 tenured generation   total 19048K, used 13836K [0x297f0000, 0x2aa8a000, 0x342a0000)
   the space 19048K,  72% used [0x297f0000, 0x2a573160, 0x2a573200, 0x2aa8a000)
 compacting perm gen  total 12288K, used 6337K [0x342a0000, 0x34ea0000, 0x382a0000)
   the space 12288K,  51% used [0x342a0000, 0x348d05a0, 0x348d0600, 0x34ea0000)
    ro space 10240K,  42% used [0x382a0000, 0x386e4240, 0x386e4400, 0x38ca0000)
    rw space 12288K,  54% used [0x38ca0000, 0x39324d58, 0x39324e00, 0x398a0000)
Event: 1.718 GC heap after
Heap after GC invocations=10 (full 2):
 def new generation   total 10368K, used 0K [0x242a0000, 0x24de0000, 0x297f0000)
  eden space 9216K,   0% used [0x242a0000, 0x242a0000, 0x24ba0000)
  from space 1152K,   0% used [0x24ba0000, 0x24ba0000, 0x24cc0000)
  to   space 1152K,   0% used [0x24cc0000, 0x24cc0000, 0x24de0000)
 tenured generation   total 22980K, used 13787K [0x297f0000, 0x2ae61000, 0x342a0000)
   the space 22980K,  59% used [0x297f0000, 0x2a566e58, 0x2a567000, 0x2ae61000)
 compacting perm gen  total 12288K, used 6337K [0x342a0000, 0x34ea0000, 0x382a0000)
   the space 12288K,  51% used [0x342a0000, 0x348d05a0, 0x348d0600, 0x34ea0000)
    ro space 10240K,  42% used [0x382a0000, 0x386e4240, 0x386e4400, 0x38ca0000)
    rw space 12288K,  54% used [0x38ca0000, 0x39324d58, 0x39324e00, 0x398a0000)
}
Event: 1.807 GC heap before
{Heap before GC invocations=10 (full 2):
 def new generation   total 10368K, used 8189K [0x242a0000, 0x24de0000, 0x297f0000)
  eden space 9216K,  88% used [0x242a0000, 0x24a9f620, 0x24ba0000)
  from space 1152K,   0% used [0x24ba0000, 0x24ba0000, 0x24cc0000)
  to   space 1152K,   0% used [0x24cc0000, 0x24cc0000, 0x24de0000)
 tenured generation   total 22980K, used 13787K [0x297f0000, 0x2ae61000, 0x342a0000)
   the space 22980K,  59% used [0x297f0000, 0x2a566e58, 0x2a567000, 0x2ae61000)
 compacting perm gen  total 12288K, used 6337K [0x342a0000, 0x34ea0000, 0x382a0000)
   the space 12288K,  51% used [0x342a0000, 0x348d05c0, 0x348d0600, 0x34ea0000)
    ro space 10240K,  42% used [0x382a0000, 0x386e4240, 0x386e4400, 0x38ca0000)
    rw space 12288K,  54% used [0x38ca0000, 0x39324d58, 0x39324e00, 0x398a0000)
Event: 1.812 GC heap after
Heap after GC invocations=11 (full 2):
 def new generation   total 10368K, used 1K [0x242a0000, 0x24de0000, 0x297f0000)
  eden space 9216K,   0% used [0x242a0000, 0x242a0000, 0x24ba0000)
  from space 1152K,   0% used [0x24cc0000, 0x24cc0438, 0x24de0000)
  to   space 1152K,   0% used [0x24ba0000, 0x24ba0000, 0x24cc0000)
 tenured generation   total 22980K, used 21887K [0x297f0000, 0x2ae61000, 0x342a0000)
   the space 22980K,  95% used [0x297f0000, 0x2ad4fe68, 0x2ad50000, 0x2ae61000)
 compacting perm gen  total 12288K, used 6337K [0x342a0000, 0x34ea0000, 0x382a0000)
   the space 12288K,  51% used [0x342a0000, 0x348d05c0, 0x348d0600, 0x34ea0000)
    ro space 10240K,  42% used [0x382a0000, 0x386e4240, 0x386e4400, 0x38ca0000)
    rw space 12288K,  54% used [0x38ca0000, 0x39324d58, 0x39324e00, 0x398a0000)
}
Event: 1.816 GC heap before
{Heap before GC invocations=11 (full 2):
 def new generation   total 10368K, used 9067K [0x242a0000, 0x24de0000, 0x297f0000)
  eden space 9216K,  98% used [0x242a0000, 0x24b7ab08, 0x24ba0000)
  from space 1152K,   0% used [0x24cc0000, 0x24cc0438, 0x24de0000)
  to   space 1152K,   0% used [0x24ba0000, 0x24ba0000, 0x24cc0000)
 tenured generation   total 22980K, used 21887K [0x297f0000, 0x2ae61000, 0x342a0000)
   the space 22980K,  95% used [0x297f0000, 0x2ad4fe68, 0x2ad50000, 0x2ae61000)
 compacting perm gen  total 12288K, used 6337K [0x342a0000, 0x34ea0000, 0x382a0000)
   the space 12288K,  51% used [0x342a0000, 0x348d05c0, 0x348d0600, 0x34ea0000)
    ro space 10240K,  42% used [0x382a0000, 0x386e4240, 0x386e4400, 0x38ca0000)
    rw space 12288K,  54% used [0x38ca0000, 0x39324d58, 0x39324e00, 0x398a0000)
Event: 1.845 GC heap after
Heap after GC invocations=12 (full 3):
 def new generation   total 16512K, used 0K [0x242a0000, 0x25480000, 0x297f0000)
  eden space 14720K,   0% used [0x242a0000, 0x242a0000, 0x25100000)
  from space 1792K,   0% used [0x25100000, 0x25100000, 0x252c0000)
  to   space 1792K,   0% used [0x252c0000, 0x252c0000, 0x25480000)
 tenured generation   total 36484K, used 21889K [0x297f0000, 0x2bb91000, 0x342a0000)
   the space 36484K,  59% used [0x297f0000, 0x2ad504f0, 0x2ad50600, 0x2bb91000)
 compacting perm gen  total 12288K, used 6337K [0x342a0000, 0x34ea0000, 0x382a0000)
   the space 12288K,  51% used [0x342a0000, 0x348d05c0, 0x348d0600, 0x34ea0000)
    ro space 10240K,  42% used [0x382a0000, 0x386e4240, 0x386e4400, 0x38ca0000)
    rw space 12288K,  54% used [0x38ca0000, 0x39324d58, 0x39324e00, 0x398a0000)
}
Event: 2.283 GC heap before
{Heap before GC invocations=12 (full 3):
 def new generation   total 16512K, used 11593K [0x242a0000, 0x25480000, 0x297f0000)
  eden space 14720K,  78% used [0x242a0000, 0x24df2558, 0x25100000)
  from space 1792K,   0% used [0x25100000, 0x25100000, 0x252c0000)
  to   space 1792K,   0% used [0x252c0000, 0x252c0000, 0x25480000)
 tenured generation   total 36484K, used 21889K [0x297f0000, 0x2bb91000, 0x342a0000)
   the space 36484K,  59% used [0x297f0000, 0x2ad504f0, 0x2ad50600, 0x2bb91000)
 compacting perm gen  total 12288K, used 6488K [0x342a0000, 0x34ea0000, 0x382a0000)
   the space 12288K,  52% used [0x342a0000, 0x348f62b0, 0x348f6400, 0x34ea0000)
    ro space 10240K,  42% used [0x382a0000, 0x386e4240, 0x386e4400, 0x38ca0000)
    rw space 12288K,  54% used [0x38ca0000, 0x39324d58, 0x39324e00, 0x398a0000)
Event: 2.285 GC heap after
Heap after GC invocations=13 (full 3):
 def new generation   total 16512K, used 608K [0x242a0000, 0x25480000, 0x297f0000)
  eden space 14720K,   0% used [0x242a0000, 0x242a0000, 0x25100000)
  from space 1792K,  33% used [0x252c0000, 0x253580e0, 0x25480000)
  to   space 1792K,   0% used [0x25100000, 0x25100000, 0x252c0000)
 tenured generation   total 36484K, used 21889K [0x297f0000, 0x2bb91000, 0x342a0000)
   the space 36484K,  59% used [0x297f0000, 0x2ad504f0, 0x2ad50600, 0x2bb91000)
 compacting perm gen  total 12288K, used 6488K [0x342a0000, 0x34ea0000, 0x382a0000)
   the space 12288K,  52% used [0x342a0000, 0x348f62b0, 0x348f6400, 0x34ea0000)
    ro space 10240K,  42% used [0x382a0000, 0x386e4240, 0x386e4400, 0x38ca0000)
    rw space 12288K,  54% used [0x38ca0000, 0x39324d58, 0x39324e00, 0x398a0000)
}

Deoptimization events (0 events):
No events

Internal exceptions (10 events):
Event: 2.218 Thread 0x04bc6400 Threw 0x24bf3a48 at C:\jdk7u2_32P\jdk7u25\hotspot\src\share\vm\prims\jvm.cpp:1235
Event: 2.229 Thread 0x04bc6400 Threw 0x24bfb2e8 at C:\jdk7u2_32P\jdk7u25\hotspot\src\share\vm\prims\jvm.cpp:1235
Event: 2.230 Thread 0x04bc6400 Threw 0x24bfcfc0 at C:\jdk7u2_32P\jdk7u25\hotspot\src\share\vm\prims\jvm.cpp:1235
Event: 2.230 Thread 0x04bc6400 Threw 0x24bfeb10 at C:\jdk7u2_32P\jdk7u25\hotspot\src\share\vm\prims\jvm.cpp:1235
Event: 2.231 Thread 0x04bc6400 Threw 0x24c02ce0 at C:\jdk7u2_32P\jdk7u25\hotspot\src\share\vm\prims\jvm.cpp:1235
Event: 2.231 Thread 0x04bc6400 Threw 0x24c04630 at C:\jdk7u2_32P\jdk7u25\hotspot\src\share\vm\prims\jvm.cpp:1235
Event: 2.232 Thread 0x04bc6400 Threw 0x24c0a150 at C:\jdk7u2_32P\jdk7u25\hotspot\src\share\vm\prims\jvm.cpp:1235
Event: 2.240 Thread 0x04bc6400 Threw 0x24c0d9d0 at C:\jdk7u2_32P\jdk7u25\hotspot\src\share\vm\prims\jvm.cpp:1235
Event: 2.282 Thread 0x04bc6400 Threw 0x24de1ba8 at C:\jdk7u2_32P\jdk7u25\hotspot\src\share\vm\prims\jvm.cpp:1235
Event: 2.282 Thread 0x04bc6400 Threw 0x24de3640 at C:\jdk7u2_32P\jdk7u25\hotspot\src\share\vm\prims\jvm.cpp:1235

Events (10 events):
Event: 2.240 loading class 0x07c9c748
Event: 2.240 loading class 0x07c9c748 done
Event: 2.253 loading class 0x39985928
Event: 2.253 loading class 0x39985928 done
Event: 2.282 loading class 0x07c9c390
Event: 2.282 loading class 0x07c9c390 done
Event: 2.282 loading class 0x07ca2c30
Event: 2.282 loading class 0x07ca2c30 done
Event: 2.283 Executing VM operation: GenCollectForAllocation
Event: 2.285 Executing VM operation: GenCollectForAllocation done


Dynamic libraries:
0x01320000 - 0x0134f000 	C:\Program Files (x86)\Java\jre7\bin\javaw.exe
0x76f70000 - 0x770f0000 	C:\Windows\SysWOW64\ntdll.dll
0x750e0000 - 0x751f0000 	C:\Windows\syswow64\kernel32.dll
0x76810000 - 0x76857000 	C:\Windows\syswow64\KERNELBASE.dll
0x74ed0000 - 0x74f70000 	C:\Windows\syswow64\ADVAPI32.dll
0x74e20000 - 0x74ecc000 	C:\Windows\syswow64\msvcrt.dll
0x762f0000 - 0x76309000 	C:\Windows\SysWOW64\sechost.dll
0x74b90000 - 0x74c80000 	C:\Windows\syswow64\RPCRT4.dll
0x749c0000 - 0x74a20000 	C:\Windows\syswow64\SspiCli.dll
0x749b0000 - 0x749bc000 	C:\Windows\syswow64\CRYPTBASE.dll
0x74a20000 - 0x74b20000 	C:\Windows\syswow64\USER32.dll
0x752e0000 - 0x75370000 	C:\Windows\syswow64\GDI32.dll
0x74b80000 - 0x74b8a000 	C:\Windows\syswow64\LPK.dll
0x74cc0000 - 0x74d5d000 	C:\Windows\syswow64\USP10.dll
0x719d0000 - 0x71b6e000 	C:\Windows\WinSxS\x86_microsoft.windows.common-controls_6595b64144ccf1df_6.0.7601.17514_none_41e6975e2bd6f2b2\COMCTL32.dll
0x74dc0000 - 0x74e17000 	C:\Windows\syswow64\SHLWAPI.dll
0x74b20000 - 0x74b80000 	C:\Windows\system32\IMM32.DLL
0x75200000 - 0x752cc000 	C:\Windows\syswow64\MSCTF.dll
0x6fc10000 - 0x6fcce000 	C:\Program Files (x86)\Java\jre7\bin\msvcr100.dll
0x644a0000 - 0x647e2000 	C:\Program Files (x86)\Java\jre7\bin\client\jvm.dll
0x70d00000 - 0x70d07000 	C:\Windows\system32\WSOCK32.dll
0x762b0000 - 0x762e5000 	C:\Windows\syswow64\WS2_32.dll
0x75470000 - 0x75476000 	C:\Windows\syswow64\NSI.dll
0x74760000 - 0x74792000 	C:\Windows\system32\WINMM.dll
0x74cb0000 - 0x74cb5000 	C:\Windows\syswow64\PSAPI.DLL
0x73710000 - 0x7371c000 	C:\Program Files (x86)\Java\jre7\bin\verify.dll
0x6a210000 - 0x6a230000 	C:\Program Files (x86)\Java\jre7\bin\java.dll
0x6a1f0000 - 0x6a203000 	C:\Program Files (x86)\Java\jre7\bin\zip.dll
0x64b20000 - 0x64c64000 	C:\Program Files (x86)\Java\jre7\bin\awt.dll
0x75370000 - 0x753ff000 	C:\Windows\syswow64\OLEAUT32.dll
0x74f80000 - 0x750dc000 	C:\Windows\syswow64\ole32.dll
0x71e00000 - 0x71e13000 	C:\Windows\system32\DWMAPI.DLL
0x716b0000 - 0x71730000 	C:\Windows\system32\uxtheme.dll
0x69980000 - 0x69b43000 	C:\Windows\system32\d3d9.dll
0x748e0000 - 0x748e9000 	C:\Windows\system32\VERSION.dll
0x69ca0000 - 0x69ca6000 	C:\Windows\system32\d3d8thk.dll
0x62a20000 - 0x63679000 	C:\Windows\system32\nvd3dum.dll
0x74730000 - 0x74755000 	C:\Windows\system32\powrprof.dll
0x76510000 - 0x766ad000 	C:\Windows\syswow64\SETUPAPI.dll
0x74c80000 - 0x74ca7000 	C:\Windows\syswow64\CFGMGR32.dll
0x76290000 - 0x762a2000 	C:\Windows\syswow64\DEVOBJ.dll
0x62270000 - 0x6239c000 	C:\Program Files (x86)\NVIDIA Corporation\3D Vision\nvSCPAPI.dll
0x75480000 - 0x760ca000 	C:\Windows\syswow64\SHELL32.dll
0x6a1b0000 - 0x6a1e1000 	C:\Program Files (x86)\Java\jre7\bin\fontmanager.dll
0x76ae0000 - 0x76b63000 	C:\Windows\syswow64\CLBCatQ.DLL
0x71de0000 - 0x71df6000 	C:\Windows\system32\CRYPTSP.dll
0x71670000 - 0x716ab000 	C:\Windows\system32\rsaenh.dll
0x71880000 - 0x71897000 	C:\Windows\system32\USERENV.dll
0x722f0000 - 0x722fb000 	C:\Windows\system32\profapi.dll
0x6a190000 - 0x6a1a4000 	C:\Program Files (x86)\Java\jre7\bin\net.dll
0x72440000 - 0x7247c000 	C:\Windows\system32\mswsock.dll
0x719c0000 - 0x719c6000 	C:\Windows\System32\wship6.dll
0x719b0000 - 0x719c0000 	C:\Windows\system32\NLAapi.dll
0x719a0000 - 0x719b0000 	C:\Windows\system32\napinsp.dll
0x71650000 - 0x71662000 	C:\Windows\system32\pnrpnsp.dll
0x71600000 - 0x71644000 	C:\Windows\system32\DNSAPI.dll
0x715f0000 - 0x715f8000 	C:\Windows\System32\winrnr.dll
0x715e0000 - 0x715e5000 	C:\Windows\System32\wshtcpip.dll
0x720f0000 - 0x7210c000 	C:\Windows\system32\IPHLPAPI.DLL
0x720e0000 - 0x720e7000 	C:\Windows\system32\WINNSI.DLL
0x715d0000 - 0x715d6000 	C:\Windows\system32\rasadhlp.dll
0x71520000 - 0x71558000 	C:\Windows\System32\fwpuclnt.dll
0x6f940000 - 0x6f94f000 	C:\Program Files (x86)\Java\jre7\bin\nio.dll
0x637c0000 - 0x637ca000 	C:\Users\Jacques\AppData\Local\Temp\jogamp_0000\file_cache\jln8037621636469244859\jln3020686772403801690\gluegen-rt.dll
0x6f850000 - 0x6f856000 	C:\Program Files (x86)\Java\jre7\bin\jawt.dll
0x6a440000 - 0x6a44a000 	C:\Users\Jacques\AppData\Local\Temp\jogamp_0000\file_cache\jln8037621636469244859\jln3020686772403801690\nativewindow_awt.dll
0x6c100000 - 0x6c110000 	C:\Users\Jacques\AppData\Local\Temp\jogamp_0000\file_cache\jln8037621636469244859\jln3020686772403801690\nativewindow_win32.dll
0x68a30000 - 0x68af8000 	C:\Windows\system32\OpenGL32.dll
0x698a0000 - 0x698c2000 	C:\Windows\system32\GLU32.dll
0x71b70000 - 0x71c57000 	C:\Windows\system32\DDRAW.dll
0x71e20000 - 0x71e26000 	C:\Windows\system32\DCIMAN32.dll
0x07f30000 - 0x07f9c000 	C:\Users\Jacques\AppData\Local\Temp\jogamp_0000\file_cache\jln8037621636469244859\jln3020686772403801690\jogl_desktop.dll
0x60590000 - 0x61acb000 	C:\Windows\system32\nvoglv32.DLL
0x76ab0000 - 0x76ade000 	C:\Windows\syswow64\WINTRUST.dll
0x760d0000 - 0x761f0000 	C:\Windows\syswow64\CRYPT32.dll
0x75460000 - 0x7546c000 	C:\Windows\syswow64\MSASN1.dll
0x74850000 - 0x74871000 	C:\Windows\system32\ntmarta.dll
0x74d60000 - 0x74da5000 	C:\Windows\syswow64\WLDAP32.dll
0x6a160000 - 0x6a190000 	C:\Program Files (x86)\Java\jre7\bin\t2k.dll
0x718a0000 - 0x7198b000 	C:\Windows\system32\dbghelp.dll

VM Arguments:
jvm_args: -Djava.library.path=C:\Users\Jacques\Documents\GitHub\Sketchup-Blocks\EclipseProject\SketchupBlocks\libs;C:\Users\Jacques\Documents\GitHub\Sketchup-Blocks\EclipseProject\SketchupBlocks\libs -Dfile.encoding=Cp1252 
java_command: sketchupblocks.base.SketchupBlocks
Launcher Type: SUN_STANDARD

Environment Variables:
PATH=C:\Program Files (x86)\NVIDIA Corporation\PhysX\Common;C:\Program Files\NVIDIA GPU Computing Toolkit\CUDA\v5.5\bin;C:\Program Files\NVIDIA GPU Computing Toolkit\CUDA\v5.5\libnvvp;C:\Program Files (x86)\AMD APP\bin\x86_64;C:\Program Files (x86)\AMD APP\bin\x86;C:\Windows\system32;C:\Windows;C:\Windows\System32\Wbem;C:\Windows\System32\WindowsPowerShell\v1.0\;C:\MinGW\bin;C:\MinGW\msys\1.0\bin;C:\Program Files\Microsoft\Web Platform Installer\;C:\Program Files (x86)\Microsoft ASP.NET\ASP.NET Web Pages\v1.0\;C:\Program Files (x86)\Windows Kits\8.0\Windows Performance Toolkit\;C:\Program Files\Microsoft SQL Server\110\Tools\Binn\;C:\Program Files\Java\jdk1.7.0_25\bin;
USERNAME=Jacques
OS=Windows_NT
PROCESSOR_IDENTIFIER=AMD64 Family 21 Model 1 Stepping 2, AuthenticAMD



---------------  S Y S T E M  ---------------

OS: Windows 7 , 64 bit Build 7601 Service Pack 1

CPU:total 6 (6 cores per cpu, 1 threads per core) family 21 model 1 stepping 2, cmov, cx8, fxsr, mmx, sse, sse2, sse3, ssse3, sse4.1, sse4.2, popcnt, avx, mmxext, 3dnowpref, lzcnt, sse4a, tsc, tscinvbit, tscinv

Memory: 4k page, physical 8054708k(5371332k free), swap 16107556k(13024952k free)

vm_info: Java HotSpot(TM) Client VM (23.25-b01) for windows-x86 JRE (1.7.0_25-b17), built on Jun 21 2013 13:06:48 by "java_re" with unknown MS VC++:1600

time: Sat Sep 21 18:48:29 2013
elapsed time: 2 seconds

