#
# A fatal error has been detected by the Java Runtime Environment:
#
#  EXCEPTION_ACCESS_VIOLATION (0xc0000005) at pc=0x0087fcb6, pid=4036, tid=6076
#
# JRE version: 7.0_25-b17
# Java VM: Java HotSpot(TM) Client VM (23.25-b01 mixed mode, sharing windows-x86 )
# Problematic frame:
# C  0x0087fcb6
#
# Failed to write core dump. Minidumps are not enabled by default on client versions of Windows
#
# If you would like to submit a bug report, please visit:
#   http://bugreport.sun.com/bugreport/crash.jsp
# The crash happened outside the Java Virtual Machine in native code.
# See problematic frame for where to report the bug.
#

---------------  T H R E A D  ---------------

Current thread (0x04c3e000):  JavaThread "AWT-EventQueue-0" [_thread_in_native, id=6076, stack(0x06970000,0x069c0000)]

siginfo: ExceptionCode=0xc0000005, reading address 0x00000000

Registers:
EAX=0x0b0801e0, EBX=0x09460000, ECX=0x00000000, EDX=0x00000004
ESP=0x069be6a4, EBP=0x069be6ec, ESI=0x00000000, EDI=0x00000000
EIP=0x0087fcb6, EFLAGS=0x00010246

Top of Stack: (sp=0x069be6a4)
0x069be6a4:   00000004 09170020 09460000 00000004
0x069be6b4:   069be6ec 6230c322 09460000 0b0801e0
0x069be6c4:   00000000 00000004 09170020 09460000
0x069be6d4:   00000004 085b3110 0b0801e0 00000080
0x069be6e4:   09170020 00000000 069be70c 6230a572
0x069be6f4:   00460000 00000005 00000000 00000004
0x069be704:   00000005 09460000 069be738 61ab718d
0x069be714:   09460000 00000005 00000000 00000004 

Instructions: (pc=0x0087fcb6)
0x0087fc96:   18 8b 44 24 1c 8b 4c 24 20 8b 54 24 24 8b 35 88
0x0087fca6:   ba 48 09 8b b6 c4 02 00 00 8b f9 c1 e7 04 03 f7
0x0087fcb6:   8b 3e 8b 6e 04 89 38 89 68 04 8b 7e 08 8b 6e 0c
0x0087fcc6:   89 78 08 89 68 0c 8b 35 88 ba 48 09 8b b6 f0 02 


Register to memory mapping:

EAX=0x0b0801e0 is an unknown value
EBX=0x09460000 is an unknown value
ECX=0x00000000 is an unknown value
EDX=0x00000004 is an unknown value
ESP=0x069be6a4 is pointing into the stack for thread: 0x04c3e000
EBP=0x069be6ec is pointing into the stack for thread: 0x04c3e000
ESI=0x00000000 is an unknown value
EDI=0x00000000 is an unknown value


Stack: [0x06970000,0x069c0000],  sp=0x069be6a4,  free space=313k
Native frames: (J=compiled Java code, j=interpreted, Vv=VM code, C=native code)
C  0x0087fcb6
C  [nvoglv32.DLL+0x9ca572]  DrvPresentBuffers+0x116f62
C  [nvoglv32.DLL+0x17718d]
C  [jogl_desktop.dll+0x971d]  Java_jogamp_opengl_gl4_GL4bcImpl_dispatch_1glDrawArrays1__IIIJ+0x1d
j  jogamp.opengl.gl4.GL4bcImpl.dispatch_glDrawArrays1(IIIJ)V+0
j  jogamp.opengl.gl4.GL4bcImpl.glDrawArrays(III)V+39
j  processing.opengl.PGL.drawArrays(III)V+6
j  processing.opengl.PGL.drawTexture2D(IIIIIIIIIIIII)V+528
j  processing.opengl.PGL.drawTexture(IIIIIIIIIIIIII)V+32
j  processing.opengl.PGL.endDraw(Z)V+243
j  processing.opengl.PGraphicsOpenGL.endOnscreenDraw()V+7
j  processing.opengl.PGraphicsOpenGL.endDraw()V+61
j  processing.core.PApplet.handleDraw()V+319
j  processing.opengl.PGL$PGLListener.display(Ljavax/media/opengl/GLAutoDrawable;)V+376
j  jogamp.opengl.GLDrawableHelper.displayImpl(Ljavax/media/opengl/GLAutoDrawable;)V+58
j  jogamp.opengl.GLDrawableHelper.display(Ljavax/media/opengl/GLAutoDrawable;)V+2
j  javax.media.opengl.awt.GLCanvas$7.run()V+118
j  jogamp.opengl.GLDrawableHelper.invokeGLImpl(Ljavax/media/opengl/GLDrawable;Ljavax/media/opengl/GLContext;Ljava/lang/Runnable;Ljava/lang/Runnable;)V+206
j  jogamp.opengl.GLDrawableHelper.invokeGL(Ljavax/media/opengl/GLDrawable;Ljavax/media/opengl/GLContext;Ljava/lang/Runnable;Ljava/lang/Runnable;)V+80
j  javax.media.opengl.awt.GLCanvas$8.run()V+73
j  javax.media.opengl.Threading.invoke(ZLjava/lang/Runnable;Ljava/lang/Object;)V+33
j  javax.media.opengl.awt.GLCanvas.display()V+57
j  javax.media.opengl.awt.GLCanvas.paint(Ljava/awt/Graphics;)V+137
j  sun.awt.RepaintArea.paintComponent(Ljava/awt/Component;Ljava/awt/Graphics;)V+6
j  sun.awt.RepaintArea.paint(Ljava/lang/Object;Z)V+326
j  sun.awt.windows.WComponentPeer.handleEvent(Ljava/awt/AWTEvent;)V+155
j  java.awt.Component.dispatchEventImpl(Ljava/awt/AWTEvent;)V+869
j  java.awt.Component.dispatchEvent(Ljava/awt/AWTEvent;)V+2
j  java.awt.EventQueue.dispatchEventImpl(Ljava/awt/AWTEvent;Ljava/lang/Object;)V+41
j  java.awt.EventQueue.access$200(Ljava/awt/EventQueue;Ljava/awt/AWTEvent;Ljava/lang/Object;)V+3
j  java.awt.EventQueue$3.run()Ljava/lang/Void;+12
j  java.awt.EventQueue$3.run()Ljava/lang/Object;+1
v  ~StubRoutines::call_stub
V  [jvm.dll+0x124afa]
V  [jvm.dll+0x1d224e]
V  [jvm.dll+0x124b7d]
V  [jvm.dll+0xd8e34]
C  [java.dll+0x102f]  Java_java_security_AccessController_doPrivileged__Ljava_security_PrivilegedAction_2Ljava_security_AccessControlContext_2+0x17
j  java.security.ProtectionDomain$1.doIntersectionPrivilege(Ljava/security/PrivilegedAction;Ljava/security/AccessControlContext;Ljava/security/AccessControlContext;)Ljava/lang/Object;+28
j  java.security.ProtectionDomain$1.doIntersectionPrivilege(Ljava/security/PrivilegedAction;Ljava/security/AccessControlContext;)Ljava/lang/Object;+6
j  java.awt.EventQueue$4.run()Ljava/lang/Void;+11
j  java.awt.EventQueue$4.run()Ljava/lang/Object;+1
v  ~StubRoutines::call_stub
V  [jvm.dll+0x124afa]
V  [jvm.dll+0x1d224e]
V  [jvm.dll+0x124b7d]
V  [jvm.dll+0xd8e34]
C  [java.dll+0x102f]  Java_java_security_AccessController_doPrivileged__Ljava_security_PrivilegedAction_2Ljava_security_AccessControlContext_2+0x17
j  java.security.ProtectionDomain$1.doIntersectionPrivilege(Ljava/security/PrivilegedAction;Ljava/security/AccessControlContext;Ljava/security/AccessControlContext;)Ljava/lang/Object;+28
j  java.awt.EventQueue.dispatchEvent(Ljava/awt/AWTEvent;)V+73
j  java.awt.EventDispatchThread.pumpOneEventForFilters(I)V+245
j  java.awt.EventDispatchThread.pumpEventsForFilter(ILjava/awt/Conditional;Ljava/awt/EventFilter;)V+35
j  java.awt.EventDispatchThread.pumpEventsForHierarchy(ILjava/awt/Conditional;Ljava/awt/Component;)V+11
j  java.awt.EventDispatchThread.pumpEvents(ILjava/awt/Conditional;)V+4
j  java.awt.EventDispatchThread.pumpEvents(Ljava/awt/Conditional;)V+3
j  java.awt.EventDispatchThread.run()V+9
v  ~StubRoutines::call_stub
V  [jvm.dll+0x124afa]
V  [jvm.dll+0x1d224e]
V  [jvm.dll+0x124caf]
V  [jvm.dll+0x124d17]
V  [jvm.dll+0xcf06f]
V  [jvm.dll+0x144447]
V  [jvm.dll+0x1445b0]
V  [jvm.dll+0x177bb9]
C  [msvcr100.dll+0x5c6de]  endthreadex+0x3a
C  [msvcr100.dll+0x5c788]  endthreadex+0xe4
C  [kernel32.dll+0x1336a]  BaseThreadInitThunk+0x12
C  [ntdll.dll+0x39f72]  RtlInitializeExceptionChain+0x63
C  [ntdll.dll+0x39f45]  RtlInitializeExceptionChain+0x36

Java frames: (J=compiled Java code, j=interpreted, Vv=VM code)
j  jogamp.opengl.gl4.GL4bcImpl.dispatch_glDrawArrays1(IIIJ)V+0
j  jogamp.opengl.gl4.GL4bcImpl.glDrawArrays(III)V+39
j  processing.opengl.PGL.drawArrays(III)V+6
j  processing.opengl.PGL.drawTexture2D(IIIIIIIIIIIII)V+528
j  processing.opengl.PGL.drawTexture(IIIIIIIIIIIIII)V+32
j  processing.opengl.PGL.endDraw(Z)V+243
j  processing.opengl.PGraphicsOpenGL.endOnscreenDraw()V+7
j  processing.opengl.PGraphicsOpenGL.endDraw()V+61
j  processing.core.PApplet.handleDraw()V+319
j  processing.opengl.PGL$PGLListener.display(Ljavax/media/opengl/GLAutoDrawable;)V+376
j  jogamp.opengl.GLDrawableHelper.displayImpl(Ljavax/media/opengl/GLAutoDrawable;)V+58
j  jogamp.opengl.GLDrawableHelper.display(Ljavax/media/opengl/GLAutoDrawable;)V+2
j  javax.media.opengl.awt.GLCanvas$7.run()V+118
j  jogamp.opengl.GLDrawableHelper.invokeGLImpl(Ljavax/media/opengl/GLDrawable;Ljavax/media/opengl/GLContext;Ljava/lang/Runnable;Ljava/lang/Runnable;)V+206
j  jogamp.opengl.GLDrawableHelper.invokeGL(Ljavax/media/opengl/GLDrawable;Ljavax/media/opengl/GLContext;Ljava/lang/Runnable;Ljava/lang/Runnable;)V+80
j  javax.media.opengl.awt.GLCanvas$8.run()V+73
j  javax.media.opengl.Threading.invoke(ZLjava/lang/Runnable;Ljava/lang/Object;)V+33
j  javax.media.opengl.awt.GLCanvas.display()V+57
j  javax.media.opengl.awt.GLCanvas.paint(Ljava/awt/Graphics;)V+137
j  sun.awt.RepaintArea.paintComponent(Ljava/awt/Component;Ljava/awt/Graphics;)V+6
j  sun.awt.RepaintArea.paint(Ljava/lang/Object;Z)V+326
j  sun.awt.windows.WComponentPeer.handleEvent(Ljava/awt/AWTEvent;)V+155
j  java.awt.Component.dispatchEventImpl(Ljava/awt/AWTEvent;)V+869
j  java.awt.Component.dispatchEvent(Ljava/awt/AWTEvent;)V+2
j  java.awt.EventQueue.dispatchEventImpl(Ljava/awt/AWTEvent;Ljava/lang/Object;)V+41
j  java.awt.EventQueue.access$200(Ljava/awt/EventQueue;Ljava/awt/AWTEvent;Ljava/lang/Object;)V+3
j  java.awt.EventQueue$3.run()Ljava/lang/Void;+12
j  java.awt.EventQueue$3.run()Ljava/lang/Object;+1
v  ~StubRoutines::call_stub
j  java.security.AccessController.doPrivileged(Ljava/security/PrivilegedAction;Ljava/security/AccessControlContext;)Ljava/lang/Object;+0
j  java.security.ProtectionDomain$1.doIntersectionPrivilege(Ljava/security/PrivilegedAction;Ljava/security/AccessControlContext;Ljava/security/AccessControlContext;)Ljava/lang/Object;+28
j  java.security.ProtectionDomain$1.doIntersectionPrivilege(Ljava/security/PrivilegedAction;Ljava/security/AccessControlContext;)Ljava/lang/Object;+6
j  java.awt.EventQueue$4.run()Ljava/lang/Void;+11
j  java.awt.EventQueue$4.run()Ljava/lang/Object;+1
v  ~StubRoutines::call_stub
j  java.security.AccessController.doPrivileged(Ljava/security/PrivilegedAction;Ljava/security/AccessControlContext;)Ljava/lang/Object;+0
j  java.security.ProtectionDomain$1.doIntersectionPrivilege(Ljava/security/PrivilegedAction;Ljava/security/AccessControlContext;Ljava/security/AccessControlContext;)Ljava/lang/Object;+28
j  java.awt.EventQueue.dispatchEvent(Ljava/awt/AWTEvent;)V+73
j  java.awt.EventDispatchThread.pumpOneEventForFilters(I)V+245
j  java.awt.EventDispatchThread.pumpEventsForFilter(ILjava/awt/Conditional;Ljava/awt/EventFilter;)V+35
j  java.awt.EventDispatchThread.pumpEventsForHierarchy(ILjava/awt/Conditional;Ljava/awt/Component;)V+11
j  java.awt.EventDispatchThread.pumpEvents(ILjava/awt/Conditional;)V+4
j  java.awt.EventDispatchThread.pumpEvents(Ljava/awt/Conditional;)V+3
j  java.awt.EventDispatchThread.run()V+9
v  ~StubRoutines::call_stub

---------------  P R O C E S S  ---------------

Java Threads: ( => current thread )
  0x04c8b800 JavaThread "Thread-5" [_thread_blocked, id=5656, stack(0x095f0000,0x09640000)]
  0x07ba2c00 JavaThread "Animation Thread-SharedResourceRunner" daemon [_thread_blocked, id=1476, stack(0x07fd0000,0x08020000)]
  0x002dbc00 JavaThread "DestroyJavaVM" [_thread_blocked, id=5172, stack(0x00330000,0x00380000)]
  0x04ca0c00 JavaThread "Animation Thread" [_thread_blocked, id=5920, stack(0x07a40000,0x07a90000)]
  0x04ca0000 JavaThread "D3D Screen Updater" daemon [_thread_blocked, id=6096, stack(0x07880000,0x078d0000)]
  0x04c69c00 JavaThread "Image Fetcher 0" daemon [_thread_blocked, id=6084, stack(0x065a0000,0x065f0000)]
=>0x04c3e000 JavaThread "AWT-EventQueue-0" [_thread_in_native, id=6076, stack(0x06970000,0x069c0000)]
  0x04c03c00 JavaThread "AWT-Windows" daemon [_thread_in_native, id=5116, stack(0x049a0000,0x049f0000)]
  0x04c02800 JavaThread "AWT-Shutdown" [_thread_blocked, id=5052, stack(0x04f50000,0x04fa0000)]
  0x04c00000 JavaThread "Java2D Disposer" daemon [_thread_blocked, id=6128, stack(0x04a60000,0x04ab0000)]
  0x00670c00 JavaThread "Service Thread" daemon [_thread_blocked, id=5588, stack(0x021c0000,0x02210000)]
  0x0066c400 JavaThread "C1 CompilerThread0" daemon [_thread_blocked, id=6028, stack(0x049f0000,0x04a40000)]
  0x0066a400 JavaThread "Attach Listener" daemon [_thread_blocked, id=4584, stack(0x02220000,0x02270000)]
  0x00667400 JavaThread "Signal Dispatcher" daemon [_thread_blocked, id=2856, stack(0x048f0000,0x04940000)]
  0x00655400 JavaThread "Finalizer" daemon [_thread_blocked, id=4320, stack(0x027a0000,0x027f0000)]
  0x00650400 JavaThread "Reference Handler" daemon [_thread_blocked, id=2864, stack(0x020e0000,0x02130000)]

Other Threads:
  0x0064e400 VMThread [stack: 0x00820000,0x00870000] [id=2860]
  0x00688c00 WatcherThread [stack: 0x04b00000,0x04b50000] [id=2852]

VM state:not at safepoint (normal execution)

VM Mutex/Monitor currently owned by a thread: None

Heap
 def new generation   total 16512K, used 8748K [0x242a0000, 0x25480000, 0x297f0000)
  eden space 14720K,  55% used [0x242a0000, 0x24a92db8, 0x25100000)
  from space 1792K,  33% used [0x252c0000, 0x25358340, 0x25480000)
  to   space 1792K,   0% used [0x25100000, 0x25100000, 0x252c0000)
 tenured generation   total 36548K, used 21928K [0x297f0000, 0x2bba1000, 0x342a0000)
   the space 36548K,  59% used [0x297f0000, 0x2ad5a090, 0x2ad5a200, 0x2bba1000)
 compacting perm gen  total 12288K, used 6488K [0x342a0000, 0x34ea0000, 0x382a0000)
   the space 12288K,  52% used [0x342a0000, 0x348f62d0, 0x348f6400, 0x34ea0000)
    ro space 10240K,  42% used [0x382a0000, 0x386e4240, 0x386e4400, 0x38ca0000)
    rw space 12288K,  54% used [0x38ca0000, 0x39324d58, 0x39324e00, 0x398a0000)

Card table byte_map: [0x003c0000,0x00470000] byte_map_base: 0x0029eb00

Polling page: 0x00170000

Code Cache  [0x028c0000, 0x02a28000, 0x048c0000)
 total_blobs=841 nmethods=416 adapters=360 free_code_cache=31335Kb largest_free_block=32088000

Compilation events (10 events):
Event: 1.717 Thread 0x0066c400  405             com.sun.org.apache.xerces.internal.xni.XMLString::toString (32 bytes)
Event: 1.717 Thread 0x0066c400 nmethod 405 0x02a22488 code [0x02a22590, 0x02a2269c]
Event: 1.717 Thread 0x0066c400  406             java.util.ArrayList$SubList$1::next (79 bytes)
Event: 1.718 Thread 0x0066c400 nmethod 406 0x02a22708 code [0x02a22840, 0x02a22a94]
Event: 1.718 Thread 0x0066c400  407             java.util.ArrayList$SubList$1::checkForComodification (26 bytes)
Event: 1.718 Thread 0x0066c400 nmethod 407 0x02a22d08 code [0x02a22e10, 0x02a22f1c]
Event: 1.718 Thread 0x0066c400  408             java.lang.String::split (326 bytes)
Event: 1.720 Thread 0x0066c400 nmethod 408 0x02a23008 code [0x02a23280, 0x02a23e64]
Event: 1.748 Thread 0x0066c400    7 %           processing.opengl.PGL::nativeToJavaARGB @ 101 (339 bytes)
Event: 1.748 Thread 0x0066c400 nmethod 7% 0x02a25188 code [0x02a252c0, 0x02a25750]

GC Heap History (10 events):
Event: 1.254 GC heap before
{Heap before GC invocations=8 (full 0):
 def new generation   total 4928K, used 2996K [0x242a0000, 0x247f0000, 0x297f0000)
  eden space 4416K,  67% used [0x242a0000, 0x2458a468, 0x246f0000)
  from space 512K,   2% used [0x246f0000, 0x246f2d88, 0x24770000)
  to   space 512K,   0% used [0x24770000, 0x24770000, 0x247f0000)
 tenured generation   total 10944K, used 5665K [0x297f0000, 0x2a2a0000, 0x342a0000)
   the space 10944K,  51% used [0x297f0000, 0x29d78458, 0x29d78600, 0x2a2a0000)
 compacting perm gen  total 12288K, used 6337K [0x342a0000, 0x34ea0000, 0x382a0000)
   the space 12288K,  51% used [0x342a0000, 0x348d0590, 0x348d0600, 0x34ea0000)
    ro space 10240K,  42% used [0x382a0000, 0x386e4240, 0x386e4400, 0x38ca0000)
    rw space 12288K,  54% used [0x38ca0000, 0x39324d58, 0x39324e00, 0x398a0000)
Event: 1.275 GC heap after
Heap after GC invocations=9 (full 1):
 def new generation   total 4992K, used 0K [0x242a0000, 0x24800000, 0x297f0000)
  eden space 4480K,   0% used [0x242a0000, 0x242a0000, 0x24700000)
  from space 512K,   0% used [0x24700000, 0x24700000, 0x24780000)
  to   space 512K,   0% used [0x24780000, 0x24780000, 0x24800000)
 tenured generation   total 10944K, used 5783K [0x297f0000, 0x2a2a0000, 0x342a0000)
   the space 10944K,  52% used [0x297f0000, 0x29d95df8, 0x29d95e00, 0x2a2a0000)
 compacting perm gen  total 12288K, used 6337K [0x342a0000, 0x34ea0000, 0x382a0000)
   the space 12288K,  51% used [0x342a0000, 0x348d0590, 0x348d0600, 0x34ea0000)
    ro space 10240K,  42% used [0x382a0000, 0x386e4240, 0x386e4400, 0x38ca0000)
    rw space 12288K,  54% used [0x38ca0000, 0x39324d58, 0x39324e00, 0x398a0000)
}
Event: 1.280 GC heap before
{Heap before GC invocations=9 (full 1):
 def new generation   total 4992K, used 13K [0x242a0000, 0x24800000, 0x297f0000)
  eden space 4480K,   0% used [0x242a0000, 0x242a35e8, 0x24700000)
  from space 512K,   0% used [0x24700000, 0x24700000, 0x24780000)
  to   space 512K,   0% used [0x24780000, 0x24780000, 0x24800000)
 tenured generation   total 19048K, used 13883K [0x297f0000, 0x2aa8a000, 0x342a0000)
   the space 19048K,  72% used [0x297f0000, 0x2a57ee08, 0x2a57f000, 0x2aa8a000)
 compacting perm gen  total 12288K, used 6337K [0x342a0000, 0x34ea0000, 0x382a0000)
   the space 12288K,  51% used [0x342a0000, 0x348d05c0, 0x348d0600, 0x34ea0000)
    ro space 10240K,  42% used [0x382a0000, 0x386e4240, 0x386e4400, 0x38ca0000)
    rw space 12288K,  54% used [0x38ca0000, 0x39324d58, 0x39324e00, 0x398a0000)
Event: 1.301 GC heap after
Heap after GC invocations=10 (full 2):
 def new generation   total 10432K, used 0K [0x242a0000, 0x24df0000, 0x297f0000)
  eden space 9280K,   0% used [0x242a0000, 0x242a0000, 0x24bb0000)
  from space 1152K,   0% used [0x24bb0000, 0x24bb0000, 0x24cd0000)
  to   space 1152K,   0% used [0x24cd0000, 0x24cd0000, 0x24df0000)
 tenured generation   total 23044K, used 13826K [0x297f0000, 0x2ae71000, 0x342a0000)
   the space 23044K,  59% used [0x297f0000, 0x2a570830, 0x2a570a00, 0x2ae71000)
 compacting perm gen  total 12288K, used 6337K [0x342a0000, 0x34ea0000, 0x382a0000)
   the space 12288K,  51% used [0x342a0000, 0x348d05c0, 0x348d0600, 0x34ea0000)
    ro space 10240K,  42% used [0x382a0000, 0x386e4240, 0x386e4400, 0x38ca0000)
    rw space 12288K,  54% used [0x38ca0000, 0x39324d58, 0x39324e00, 0x398a0000)
}
Event: 1.389 GC heap before
{Heap before GC invocations=10 (full 2):
 def new generation   total 10432K, used 8226K [0x242a0000, 0x24df0000, 0x297f0000)
  eden space 9280K,  88% used [0x242a0000, 0x24aa8bf0, 0x24bb0000)
  from space 1152K,   0% used [0x24bb0000, 0x24bb0000, 0x24cd0000)
  to   space 1152K,   0% used [0x24cd0000, 0x24cd0000, 0x24df0000)
 tenured generation   total 23044K, used 13826K [0x297f0000, 0x2ae71000, 0x342a0000)
   the space 23044K,  59% used [0x297f0000, 0x2a570830, 0x2a570a00, 0x2ae71000)
 compacting perm gen  total 12288K, used 6337K [0x342a0000, 0x34ea0000, 0x382a0000)
   the space 12288K,  51% used [0x342a0000, 0x348d05e0, 0x348d0600, 0x34ea0000)
    ro space 10240K,  42% used [0x382a0000, 0x386e4240, 0x386e4400, 0x38ca0000)
    rw space 12288K,  54% used [0x38ca0000, 0x39324d58, 0x39324e00, 0x398a0000)
Event: 1.394 GC heap after
Heap after GC invocations=11 (full 2):
 def new generation   total 10432K, used 1K [0x242a0000, 0x24df0000, 0x297f0000)
  eden space 9280K,   0% used [0x242a0000, 0x242a0000, 0x24bb0000)
  from space 1152K,   0% used [0x24cd0000, 0x24cd0600, 0x24df0000)
  to   space 1152K,   0% used [0x24bb0000, 0x24bb0000, 0x24cd0000)
 tenured generation   total 23044K, used 21926K [0x297f0000, 0x2ae71000, 0x342a0000)
   the space 23044K,  95% used [0x297f0000, 0x2ad59840, 0x2ad59a00, 0x2ae71000)
 compacting perm gen  total 12288K, used 6337K [0x342a0000, 0x34ea0000, 0x382a0000)
   the space 12288K,  51% used [0x342a0000, 0x348d05e0, 0x348d0600, 0x34ea0000)
    ro space 10240K,  42% used [0x382a0000, 0x386e4240, 0x386e4400, 0x38ca0000)
    rw space 12288K,  54% used [0x38ca0000, 0x39324d58, 0x39324e00, 0x398a0000)
}
Event: 1.398 GC heap before
{Heap before GC invocations=11 (full 2):
 def new generation   total 10432K, used 9068K [0x242a0000, 0x24df0000, 0x297f0000)
  eden space 9280K,  97% used [0x242a0000, 0x24b7ab90, 0x24bb0000)
  from space 1152K,   0% used [0x24cd0000, 0x24cd0600, 0x24df0000)
  to   space 1152K,   0% used [0x24bb0000, 0x24bb0000, 0x24cd0000)
 tenured generation   total 23044K, used 21926K [0x297f0000, 0x2ae71000, 0x342a0000)
   the space 23044K,  95% used [0x297f0000, 0x2ad59840, 0x2ad59a00, 0x2ae71000)
 compacting perm gen  total 12288K, used 6337K [0x342a0000, 0x34ea0000, 0x382a0000)
   the space 12288K,  51% used [0x342a0000, 0x348d05e0, 0x348d0600, 0x34ea0000)
    ro space 10240K,  42% used [0x382a0000, 0x386e4240, 0x386e4400, 0x38ca0000)
    rw space 12288K,  54% used [0x38ca0000, 0x39324d58, 0x39324e00, 0x398a0000)
Event: 1.426 GC heap after
Heap after GC invocations=12 (full 3):
 def new generation   total 16512K, used 0K [0x242a0000, 0x25480000, 0x297f0000)
  eden space 14720K,   0% used [0x242a0000, 0x242a0000, 0x25100000)
  from space 1792K,   0% used [0x25100000, 0x25100000, 0x252c0000)
  to   space 1792K,   0% used [0x252c0000, 0x252c0000, 0x25480000)
 tenured generation   total 36548K, used 21928K [0x297f0000, 0x2bba1000, 0x342a0000)
   the space 36548K,  59% used [0x297f0000, 0x2ad5a090, 0x2ad5a200, 0x2bba1000)
 compacting perm gen  total 12288K, used 6337K [0x342a0000, 0x34ea0000, 0x382a0000)
   the space 12288K,  51% used [0x342a0000, 0x348d05e0, 0x348d0600, 0x34ea0000)
    ro space 10240K,  42% used [0x382a0000, 0x386e4240, 0x386e4400, 0x38ca0000)
    rw space 12288K,  54% used [0x38ca0000, 0x39324d58, 0x39324e00, 0x398a0000)
}
Event: 1.718 GC heap before
{Heap before GC invocations=12 (full 3):
 def new generation   total 16512K, used 11606K [0x242a0000, 0x25480000, 0x297f0000)
  eden space 14720K,  78% used [0x242a0000, 0x24df5880, 0x25100000)
  from space 1792K,   0% used [0x25100000, 0x25100000, 0x252c0000)
  to   space 1792K,   0% used [0x252c0000, 0x252c0000, 0x25480000)
 tenured generation   total 36548K, used 21928K [0x297f0000, 0x2bba1000, 0x342a0000)
   the space 36548K,  59% used [0x297f0000, 0x2ad5a090, 0x2ad5a200, 0x2bba1000)
 compacting perm gen  total 12288K, used 6488K [0x342a0000, 0x34ea0000, 0x382a0000)
   the space 12288K,  52% used [0x342a0000, 0x348f62d0, 0x348f6400, 0x34ea0000)
    ro space 10240K,  42% used [0x382a0000, 0x386e4240, 0x386e4400, 0x38ca0000)
    rw space 12288K,  54% used [0x38ca0000, 0x39324d58, 0x39324e00, 0x398a0000)
Event: 1.720 GC heap after
Heap after GC invocations=13 (full 3):
 def new generation   total 16512K, used 608K [0x242a0000, 0x25480000, 0x297f0000)
  eden space 14720K,   0% used [0x242a0000, 0x242a0000, 0x25100000)
  from space 1792K,  33% used [0x252c0000, 0x25358340, 0x25480000)
  to   space 1792K,   0% used [0x25100000, 0x25100000, 0x252c0000)
 tenured generation   total 36548K, used 21928K [0x297f0000, 0x2bba1000, 0x342a0000)
   the space 36548K,  59% used [0x297f0000, 0x2ad5a090, 0x2ad5a200, 0x2bba1000)
 compacting perm gen  total 12288K, used 6488K [0x342a0000, 0x34ea0000, 0x382a0000)
   the space 12288K,  52% used [0x342a0000, 0x348f62d0, 0x348f6400, 0x34ea0000)
    ro space 10240K,  42% used [0x382a0000, 0x386e4240, 0x386e4400, 0x38ca0000)
    rw space 12288K,  54% used [0x38ca0000, 0x39324d58, 0x39324e00, 0x398a0000)
}

Deoptimization events (0 events):
No events

Internal exceptions (10 events):
Event: 1.682 Thread 0x04c3e000 Threw 0x24bf6e88 at C:\jdk7u2_32P\jdk7u25\hotspot\src\share\vm\prims\jvm.cpp:1235
Event: 1.682 Thread 0x04c3e000 Threw 0x24bf9978 at C:\jdk7u2_32P\jdk7u25\hotspot\src\share\vm\prims\jvm.cpp:1235
Event: 1.683 Thread 0x04c3e000 Threw 0x24c00408 at C:\jdk7u2_32P\jdk7u25\hotspot\src\share\vm\prims\jvm.cpp:1235
Event: 1.683 Thread 0x04c3e000 Threw 0x24c01f58 at C:\jdk7u2_32P\jdk7u25\hotspot\src\share\vm\prims\jvm.cpp:1235
Event: 1.683 Thread 0x04c3e000 Threw 0x24c04138 at C:\jdk7u2_32P\jdk7u25\hotspot\src\share\vm\prims\jvm.cpp:1235
Event: 1.684 Thread 0x04c3e000 Threw 0x24c0bb00 at C:\jdk7u2_32P\jdk7u25\hotspot\src\share\vm\prims\jvm.cpp:1235
Event: 1.684 Thread 0x04c3e000 Threw 0x24c0d5a0 at C:\jdk7u2_32P\jdk7u25\hotspot\src\share\vm\prims\jvm.cpp:1235
Event: 1.684 Thread 0x04c3e000 Threw 0x24c10ca8 at C:\jdk7u2_32P\jdk7u25\hotspot\src\share\vm\prims\jvm.cpp:1235
Event: 1.717 Thread 0x04c3e000 Threw 0x24de9548 at C:\jdk7u2_32P\jdk7u25\hotspot\src\share\vm\prims\jvm.cpp:1235
Event: 1.717 Thread 0x04c3e000 Threw 0x24deafe0 at C:\jdk7u2_32P\jdk7u25\hotspot\src\share\vm\prims\jvm.cpp:1235

Events (10 events):
Event: 1.684 loading class 0x07e40630
Event: 1.684 loading class 0x07e40630 done
Event: 1.688 loading class 0x39985928
Event: 1.689 loading class 0x39985928 done
Event: 1.717 loading class 0x07e40278
Event: 1.717 loading class 0x07e40278 done
Event: 1.717 loading class 0x07e22fb0
Event: 1.717 loading class 0x07e22fb0 done
Event: 1.718 Executing VM operation: GenCollectForAllocation
Event: 1.720 Executing VM operation: GenCollectForAllocation done


Dynamic libraries:
0x00390000 - 0x003bf000 	C:\Program Files (x86)\Java\jre7\bin\javaw.exe
0x77040000 - 0x771c0000 	C:\Windows\SysWOW64\ntdll.dll
0x74b80000 - 0x74c90000 	C:\Windows\syswow64\kernel32.dll
0x75980000 - 0x759c7000 	C:\Windows\syswow64\KERNELBASE.dll
0x74e10000 - 0x74eb0000 	C:\Windows\syswow64\ADVAPI32.dll
0x75250000 - 0x752fc000 	C:\Windows\syswow64\msvcrt.dll
0x74fb0000 - 0x74fc9000 	C:\Windows\SysWOW64\sechost.dll
0x759d0000 - 0x75ac0000 	C:\Windows\syswow64\RPCRT4.dll
0x74a90000 - 0x74af0000 	C:\Windows\syswow64\SspiCli.dll
0x74a80000 - 0x74a8c000 	C:\Windows\syswow64\CRYPTBASE.dll
0x75300000 - 0x75400000 	C:\Windows\syswow64\USER32.dll
0x74ef0000 - 0x74f80000 	C:\Windows\syswow64\GDI32.dll
0x74ca0000 - 0x74caa000 	C:\Windows\syswow64\LPK.dll
0x75650000 - 0x756ed000 	C:\Windows\syswow64\USP10.dll
0x717e0000 - 0x7197e000 	C:\Windows\WinSxS\x86_microsoft.windows.common-controls_6595b64144ccf1df_6.0.7601.17514_none_41e6975e2bd6f2b2\COMCTL32.dll
0x755a0000 - 0x755f7000 	C:\Windows\syswow64\SHLWAPI.dll
0x75900000 - 0x75960000 	C:\Windows\system32\IMM32.DLL
0x75170000 - 0x7523c000 	C:\Windows\syswow64\MSCTF.dll
0x64210000 - 0x642ce000 	C:\Program Files (x86)\Java\jre7\bin\msvcr100.dll
0x63de0000 - 0x64122000 	C:\Program Files (x86)\Java\jre7\bin\client\jvm.dll
0x713a0000 - 0x713a7000 	C:\Windows\system32\WSOCK32.dll
0x75fb0000 - 0x75fe5000 	C:\Windows\syswow64\WS2_32.dll
0x74c90000 - 0x74c96000 	C:\Windows\syswow64\NSI.dll
0x74830000 - 0x74862000 	C:\Windows\system32\WINMM.dll
0x75160000 - 0x75165000 	C:\Windows\syswow64\PSAPI.DLL
0x64ec0000 - 0x64ecc000 	C:\Program Files (x86)\Java\jre7\bin\verify.dll
0x64ea0000 - 0x64ec0000 	C:\Program Files (x86)\Java\jre7\bin\java.dll
0x64e80000 - 0x64e93000 	C:\Program Files (x86)\Java\jre7\bin\zip.dll
0x64860000 - 0x649a4000 	C:\Program Files (x86)\Java\jre7\bin\awt.dll
0x74af0000 - 0x74b7f000 	C:\Windows\syswow64\OLEAUT32.dll
0x74cb0000 - 0x74e0c000 	C:\Windows\syswow64\ole32.dll
0x721b0000 - 0x721c3000 	C:\Windows\system32\DWMAPI.DLL
0x720b0000 - 0x72130000 	C:\Windows\system32\uxtheme.dll
0x63c10000 - 0x63dd3000 	C:\Windows\system32\d3d9.dll
0x749b0000 - 0x749b9000 	C:\Windows\system32\VERSION.dll
0x711a0000 - 0x711a6000 	C:\Windows\system32\d3d8thk.dll
0x62fb0000 - 0x63c09000 	C:\Windows\system32\nvd3dum.dll
0x74800000 - 0x74825000 	C:\Windows\system32\powrprof.dll
0x75ac0000 - 0x75c5d000 	C:\Windows\syswow64\SETUPAPI.dll
0x75f80000 - 0x75fa7000 	C:\Windows\syswow64\CFGMGR32.dll
0x75960000 - 0x75972000 	C:\Windows\syswow64\DEVOBJ.dll
0x62e80000 - 0x62fac000 	C:\Program Files (x86)\NVIDIA Corporation\3D Vision\nvSCPAPI.dll
0x75ff0000 - 0x76c3a000 	C:\Windows\syswow64\SHELL32.dll
0x641d0000 - 0x64201000 	C:\Program Files (x86)\Java\jre7\bin\fontmanager.dll
0x75ef0000 - 0x75f73000 	C:\Windows\syswow64\CLBCatQ.DLL
0x73bd0000 - 0x73be6000 	C:\Windows\system32\CRYPTSP.dll
0x73b90000 - 0x73bcb000 	C:\Windows\system32\rsaenh.dll
0x72040000 - 0x72057000 	C:\Windows\system32\USERENV.dll
0x72700000 - 0x7270b000 	C:\Windows\system32\profapi.dll
0x641b0000 - 0x641c4000 	C:\Program Files (x86)\Java\jre7\bin\net.dll
0x72850000 - 0x7288c000 	C:\Windows\system32\mswsock.dll
0x71fb0000 - 0x71fb6000 	C:\Windows\System32\wship6.dll
0x73b80000 - 0x73b90000 	C:\Windows\system32\NLAapi.dll
0x73b70000 - 0x73b80000 	C:\Windows\system32\napinsp.dll
0x73b50000 - 0x73b62000 	C:\Windows\system32\pnrpnsp.dll
0x713c0000 - 0x71404000 	C:\Windows\system32\DNSAPI.dll
0x73b40000 - 0x73b48000 	C:\Windows\System32\winrnr.dll
0x71410000 - 0x71415000 	C:\Windows\System32\wshtcpip.dll
0x71f90000 - 0x71fac000 	C:\Windows\system32\IPHLPAPI.DLL
0x71f80000 - 0x71f87000 	C:\Windows\system32\WINNSI.DLL
0x713b0000 - 0x713b6000 	C:\Windows\system32\rasadhlp.dll
0x71140000 - 0x71178000 	C:\Windows\System32\fwpuclnt.dll
0x64e70000 - 0x64e7f000 	C:\Program Files (x86)\Java\jre7\bin\nio.dll
0x006a0000 - 0x006aa000 	C:\Users\Jacques\AppData\Local\Temp\jogamp_0000\file_cache\jln6317005757407327675\jln2229437880008501774\gluegen-rt.dll
0x64e60000 - 0x64e66000 	C:\Program Files (x86)\Java\jre7\bin\jawt.dll
0x6a440000 - 0x6a44a000 	C:\Users\Jacques\AppData\Local\Temp\jogamp_0000\file_cache\jln6317005757407327675\jln2229437880008501774\nativewindow_awt.dll
0x6c100000 - 0x6c110000 	C:\Users\Jacques\AppData\Local\Temp\jogamp_0000\file_cache\jln6317005757407327675\jln2229437880008501774\nativewindow_win32.dll
0x687e0000 - 0x688a8000 	C:\Windows\system32\OpenGL32.dll
0x687b0000 - 0x687d2000 	C:\Windows\system32\GLU32.dll
0x721e0000 - 0x722c7000 	C:\Windows\system32\DDRAW.dll
0x721d0000 - 0x721d6000 	C:\Windows\system32\DCIMAN32.dll
0x64500000 - 0x6456c000 	C:\Users\Jacques\AppData\Local\Temp\jogamp_0000\file_cache\jln6317005757407327675\jln2229437880008501774\jogl_desktop.dll
0x61940000 - 0x62e7b000 	C:\Windows\system32\nvoglv32.DLL
0x758b0000 - 0x758de000 	C:\Windows\syswow64\WINTRUST.dll
0x75400000 - 0x75520000 	C:\Windows\syswow64\CRYPT32.dll
0x75240000 - 0x7524c000 	C:\Windows\syswow64\MSASN1.dll
0x74920000 - 0x74941000 	C:\Windows\system32\ntmarta.dll
0x75600000 - 0x75645000 	C:\Windows\syswow64\WLDAP32.dll
0x64180000 - 0x641b0000 	C:\Program Files (x86)\Java\jre7\bin\t2k.dll
0x714b0000 - 0x7159b000 	C:\Windows\system32\dbghelp.dll

VM Arguments:
jvm_args: -Djava.library.path=C:\Users\Jacques\Documents\GitHub\Sketchup-Blocks\EclipseProject\SketchupBlocks\libs;C:\Users\Jacques\Documents\GitHub\Sketchup-Blocks\EclipseProject\SketchupBlocks\libs -Dfile.encoding=Cp1252 
java_command: sketchupblocks.base.SketchupBlocks
Launcher Type: SUN_STANDARD

Environment Variables:
PATH=C:\Program Files (x86)\NVIDIA Corporation\PhysX\Common;C:\Program Files\NVIDIA GPU Computing Toolkit\CUDA\v5.5\bin;C:\Program Files\NVIDIA GPU Computing Toolkit\CUDA\v5.5\libnvvp;C:\Program Files (x86)\AMD APP\bin\x86_64;C:\Program Files (x86)\AMD APP\bin\x86;C:\Windows\system32;C:\Windows;C:\Windows\System32\Wbem;C:\Windows\System32\WindowsPowerShell\v1.0\;C:\MinGW\bin;C:\MinGW\msys\1.0\bin;C:\Program Files\Microsoft\Web Platform Installer\;C:\Program Files (x86)\Microsoft ASP.NET\ASP.NET Web Pages\v1.0\;C:\Program Files (x86)\Windows Kits\8.0\Windows Performance Toolkit\;C:\Program Files\Microsoft SQL Server\110\Tools\Binn\;C:\Program Files\Java\jdk1.7.0_25\bin;
USERNAME=Jacques
OS=Windows_NT
PROCESSOR_IDENTIFIER=AMD64 Family 21 Model 1 Stepping 2, AuthenticAMD



---------------  S Y S T E M  ---------------

OS: Windows 7 , 64 bit Build 7601 Service Pack 1

CPU:total 6 (6 cores per cpu, 1 threads per core) family 21 model 1 stepping 2, cmov, cx8, fxsr, mmx, sse, sse2, sse3, ssse3, sse4.1, sse4.2, popcnt, avx, mmxext, 3dnowpref, lzcnt, sse4a, tsc, tscinvbit, tscinv

Memory: 4k page, physical 8054708k(5561472k free), swap 16107556k(13322420k free)

vm_info: Java HotSpot(TM) Client VM (23.25-b01) for windows-x86 JRE (1.7.0_25-b17), built on Jun 21 2013 13:06:48 by "java_re" with unknown MS VC++:1600

time: Sat Sep 21 20:52:56 2013
elapsed time: 1 seconds

