#
# A fatal error has been detected by the Java Runtime Environment:
#
#  EXCEPTION_ACCESS_VIOLATION (0xc0000005) at pc=0x024dfcb6, pid=5900, tid=3916
#
# JRE version: 7.0_25-b17
# Java VM: Java HotSpot(TM) Client VM (23.25-b01 mixed mode, sharing windows-x86 )
# Problematic frame:
# C  0x024dfcb6
#
# Failed to write core dump. Minidumps are not enabled by default on client versions of Windows
#
# If you would like to submit a bug report, please visit:
#   http://bugreport.sun.com/bugreport/crash.jsp
# The crash happened outside the Java Virtual Machine in native code.
# See problematic frame for where to report the bug.
#

---------------  T H R E A D  ---------------

Current thread (0x04c63000):  JavaThread "AWT-EventQueue-0" [_thread_in_native, id=3916, stack(0x06820000,0x06870000)]

siginfo: ExceptionCode=0xc0000005, reading address 0x00000000

Registers:
EAX=0x0a8101e0, EBX=0x081e0000, ECX=0x00000000, EDX=0x00000004
ESP=0x0686e844, EBP=0x0686e88c, ESI=0x00000000, EDI=0x00000000
EIP=0x024dfcb6, EFLAGS=0x00010246

Top of Stack: (sp=0x0686e844)
0x0686e844:   00000004 09180020 081e0000 00000004
0x0686e854:   0686e88c 5c3dc322 081e0000 0a8101e0
0x0686e864:   00000000 00000004 09180020 081e0000
0x0686e874:   00000004 088032d0 0a8101e0 00000080
0x0686e884:   09180020 00000000 0686e8ac 5c3da572
0x0686e894:   001e0000 00000005 00000000 00000004
0x0686e8a4:   00000005 081e0000 0686e8d8 5bb8718d
0x0686e8b4:   081e0000 00000005 00000000 00000004 

Instructions: (pc=0x024dfcb6)
0x024dfc96:   18 8b 44 24 1c 8b 4c 24 20 8b 54 24 24 8b 35 88
0x024dfca6:   ba 20 08 8b b6 c4 02 00 00 8b f9 c1 e7 04 03 f7
0x024dfcb6:   8b 3e 8b 6e 04 89 38 89 68 04 8b 7e 08 8b 6e 0c
0x024dfcc6:   89 78 08 89 68 0c 8b 35 88 ba 20 08 8b b6 f0 02 


Register to memory mapping:

EAX=0x0a8101e0 is an unknown value
EBX=0x081e0000 is an unknown value
ECX=0x00000000 is an unknown value
EDX=0x00000004 is an unknown value
ESP=0x0686e844 is pointing into the stack for thread: 0x04c63000
EBP=0x0686e88c is pointing into the stack for thread: 0x04c63000
ESI=0x00000000 is an unknown value
EDI=0x00000000 is an unknown value


Stack: [0x06820000,0x06870000],  sp=0x0686e844,  free space=314k
Native frames: (J=compiled Java code, j=interpreted, Vv=VM code, C=native code)
C  0x024dfcb6
C  [nvoglv32.DLL+0x9ca572]  DrvPresentBuffers+0x116f62
C  [nvoglv32.DLL+0x17718d]
C  [jogl_desktop.dll+0x971d]  Java_jogamp_opengl_gl4_GL4bcImpl_dispatch_1glDrawArrays1__IIIJ+0x1d
j  jogamp.opengl.gl4.GL4bcImpl.dispatch_glDrawArrays1(IIIJ)V+0
j  jogamp.opengl.gl4.GL4bcImpl.glDrawArrays(III)V+39
j  processing.opengl.PGL.drawArrays(III)V+6
j  processing.opengl.PGL.drawTexture2D(IIIIIIIIIIIII)V+528
j  processing.opengl.PGL.drawTexture(IIIIIIIIIIIIII)V+32
j  processing.opengl.PGL.endDraw(Z)V+243
j  processing.opengl.PGraphicsOpenGL.endOnscreenDraw()V+7
j  processing.opengl.PGraphicsOpenGL.endDraw()V+61
j  processing.core.PApplet.handleDraw()V+319
j  processing.opengl.PGL$PGLListener.display(Ljavax/media/opengl/GLAutoDrawable;)V+376
j  jogamp.opengl.GLDrawableHelper.displayImpl(Ljavax/media/opengl/GLAutoDrawable;)V+58
j  jogamp.opengl.GLDrawableHelper.display(Ljavax/media/opengl/GLAutoDrawable;)V+2
j  javax.media.opengl.awt.GLCanvas$7.run()V+118
j  jogamp.opengl.GLDrawableHelper.invokeGLImpl(Ljavax/media/opengl/GLDrawable;Ljavax/media/opengl/GLContext;Ljava/lang/Runnable;Ljava/lang/Runnable;)V+206
j  jogamp.opengl.GLDrawableHelper.invokeGL(Ljavax/media/opengl/GLDrawable;Ljavax/media/opengl/GLContext;Ljava/lang/Runnable;Ljava/lang/Runnable;)V+80
j  javax.media.opengl.awt.GLCanvas$8.run()V+73
j  javax.media.opengl.Threading.invoke(ZLjava/lang/Runnable;Ljava/lang/Object;)V+33
j  javax.media.opengl.awt.GLCanvas.display()V+57
j  javax.media.opengl.awt.GLCanvas.paint(Ljava/awt/Graphics;)V+137
j  sun.awt.RepaintArea.paintComponent(Ljava/awt/Component;Ljava/awt/Graphics;)V+6
j  sun.awt.RepaintArea.paint(Ljava/lang/Object;Z)V+326
j  sun.awt.windows.WComponentPeer.handleEvent(Ljava/awt/AWTEvent;)V+155
j  java.awt.Component.dispatchEventImpl(Ljava/awt/AWTEvent;)V+869
j  java.awt.Component.dispatchEvent(Ljava/awt/AWTEvent;)V+2
j  java.awt.EventQueue.dispatchEventImpl(Ljava/awt/AWTEvent;Ljava/lang/Object;)V+41
j  java.awt.EventQueue.access$200(Ljava/awt/EventQueue;Ljava/awt/AWTEvent;Ljava/lang/Object;)V+3
j  java.awt.EventQueue$3.run()Ljava/lang/Void;+12
j  java.awt.EventQueue$3.run()Ljava/lang/Object;+1
v  ~StubRoutines::call_stub
V  [jvm.dll+0x124afa]
V  [jvm.dll+0x1d224e]
V  [jvm.dll+0x124b7d]
V  [jvm.dll+0xd8e34]
C  [java.dll+0x102f]  Java_java_security_AccessController_doPrivileged__Ljava_security_PrivilegedAction_2Ljava_security_AccessControlContext_2+0x17
j  java.security.ProtectionDomain$1.doIntersectionPrivilege(Ljava/security/PrivilegedAction;Ljava/security/AccessControlContext;Ljava/security/AccessControlContext;)Ljava/lang/Object;+28
j  java.security.ProtectionDomain$1.doIntersectionPrivilege(Ljava/security/PrivilegedAction;Ljava/security/AccessControlContext;)Ljava/lang/Object;+6
j  java.awt.EventQueue$4.run()Ljava/lang/Void;+11
j  java.awt.EventQueue$4.run()Ljava/lang/Object;+1
v  ~StubRoutines::call_stub
V  [jvm.dll+0x124afa]
V  [jvm.dll+0x1d224e]
V  [jvm.dll+0x124b7d]
V  [jvm.dll+0xd8e34]
C  [java.dll+0x102f]  Java_java_security_AccessController_doPrivileged__Ljava_security_PrivilegedAction_2Ljava_security_AccessControlContext_2+0x17
j  java.security.ProtectionDomain$1.doIntersectionPrivilege(Ljava/security/PrivilegedAction;Ljava/security/AccessControlContext;Ljava/security/AccessControlContext;)Ljava/lang/Object;+28
j  java.awt.EventQueue.dispatchEvent(Ljava/awt/AWTEvent;)V+73
j  java.awt.EventDispatchThread.pumpOneEventForFilters(I)V+245
j  java.awt.EventDispatchThread.pumpEventsForFilter(ILjava/awt/Conditional;Ljava/awt/EventFilter;)V+35
j  java.awt.EventDispatchThread.pumpEventsForHierarchy(ILjava/awt/Conditional;Ljava/awt/Component;)V+11
j  java.awt.EventDispatchThread.pumpEvents(ILjava/awt/Conditional;)V+4
j  java.awt.EventDispatchThread.pumpEvents(Ljava/awt/Conditional;)V+3
j  java.awt.EventDispatchThread.run()V+9
v  ~StubRoutines::call_stub
V  [jvm.dll+0x124afa]
V  [jvm.dll+0x1d224e]
V  [jvm.dll+0x124caf]
V  [jvm.dll+0x124d17]
V  [jvm.dll+0xcf06f]
V  [jvm.dll+0x144447]
V  [jvm.dll+0x1445b0]
V  [jvm.dll+0x177bb9]
C  [msvcr100.dll+0x5c6de]  endthreadex+0x3a
C  [msvcr100.dll+0x5c788]  endthreadex+0xe4
C  [kernel32.dll+0x1336a]  BaseThreadInitThunk+0x12
C  [ntdll.dll+0x39f72]  RtlInitializeExceptionChain+0x63
C  [ntdll.dll+0x39f45]  RtlInitializeExceptionChain+0x36

Java frames: (J=compiled Java code, j=interpreted, Vv=VM code)
j  jogamp.opengl.gl4.GL4bcImpl.dispatch_glDrawArrays1(IIIJ)V+0
j  jogamp.opengl.gl4.GL4bcImpl.glDrawArrays(III)V+39
j  processing.opengl.PGL.drawArrays(III)V+6
j  processing.opengl.PGL.drawTexture2D(IIIIIIIIIIIII)V+528
j  processing.opengl.PGL.drawTexture(IIIIIIIIIIIIII)V+32
j  processing.opengl.PGL.endDraw(Z)V+243
j  processing.opengl.PGraphicsOpenGL.endOnscreenDraw()V+7
j  processing.opengl.PGraphicsOpenGL.endDraw()V+61
j  processing.core.PApplet.handleDraw()V+319
j  processing.opengl.PGL$PGLListener.display(Ljavax/media/opengl/GLAutoDrawable;)V+376
j  jogamp.opengl.GLDrawableHelper.displayImpl(Ljavax/media/opengl/GLAutoDrawable;)V+58
j  jogamp.opengl.GLDrawableHelper.display(Ljavax/media/opengl/GLAutoDrawable;)V+2
j  javax.media.opengl.awt.GLCanvas$7.run()V+118
j  jogamp.opengl.GLDrawableHelper.invokeGLImpl(Ljavax/media/opengl/GLDrawable;Ljavax/media/opengl/GLContext;Ljava/lang/Runnable;Ljava/lang/Runnable;)V+206
j  jogamp.opengl.GLDrawableHelper.invokeGL(Ljavax/media/opengl/GLDrawable;Ljavax/media/opengl/GLContext;Ljava/lang/Runnable;Ljava/lang/Runnable;)V+80
j  javax.media.opengl.awt.GLCanvas$8.run()V+73
j  javax.media.opengl.Threading.invoke(ZLjava/lang/Runnable;Ljava/lang/Object;)V+33
j  javax.media.opengl.awt.GLCanvas.display()V+57
j  javax.media.opengl.awt.GLCanvas.paint(Ljava/awt/Graphics;)V+137
j  sun.awt.RepaintArea.paintComponent(Ljava/awt/Component;Ljava/awt/Graphics;)V+6
j  sun.awt.RepaintArea.paint(Ljava/lang/Object;Z)V+326
j  sun.awt.windows.WComponentPeer.handleEvent(Ljava/awt/AWTEvent;)V+155
j  java.awt.Component.dispatchEventImpl(Ljava/awt/AWTEvent;)V+869
j  java.awt.Component.dispatchEvent(Ljava/awt/AWTEvent;)V+2
j  java.awt.EventQueue.dispatchEventImpl(Ljava/awt/AWTEvent;Ljava/lang/Object;)V+41
j  java.awt.EventQueue.access$200(Ljava/awt/EventQueue;Ljava/awt/AWTEvent;Ljava/lang/Object;)V+3
j  java.awt.EventQueue$3.run()Ljava/lang/Void;+12
j  java.awt.EventQueue$3.run()Ljava/lang/Object;+1
v  ~StubRoutines::call_stub
j  java.security.AccessController.doPrivileged(Ljava/security/PrivilegedAction;Ljava/security/AccessControlContext;)Ljava/lang/Object;+0
j  java.security.ProtectionDomain$1.doIntersectionPrivilege(Ljava/security/PrivilegedAction;Ljava/security/AccessControlContext;Ljava/security/AccessControlContext;)Ljava/lang/Object;+28
j  java.security.ProtectionDomain$1.doIntersectionPrivilege(Ljava/security/PrivilegedAction;Ljava/security/AccessControlContext;)Ljava/lang/Object;+6
j  java.awt.EventQueue$4.run()Ljava/lang/Void;+11
j  java.awt.EventQueue$4.run()Ljava/lang/Object;+1
v  ~StubRoutines::call_stub
j  java.security.AccessController.doPrivileged(Ljava/security/PrivilegedAction;Ljava/security/AccessControlContext;)Ljava/lang/Object;+0
j  java.security.ProtectionDomain$1.doIntersectionPrivilege(Ljava/security/PrivilegedAction;Ljava/security/AccessControlContext;Ljava/security/AccessControlContext;)Ljava/lang/Object;+28
j  java.awt.EventQueue.dispatchEvent(Ljava/awt/AWTEvent;)V+73
j  java.awt.EventDispatchThread.pumpOneEventForFilters(I)V+245
j  java.awt.EventDispatchThread.pumpEventsForFilter(ILjava/awt/Conditional;Ljava/awt/EventFilter;)V+35
j  java.awt.EventDispatchThread.pumpEventsForHierarchy(ILjava/awt/Conditional;Ljava/awt/Component;)V+11
j  java.awt.EventDispatchThread.pumpEvents(ILjava/awt/Conditional;)V+4
j  java.awt.EventDispatchThread.pumpEvents(Ljava/awt/Conditional;)V+3
j  java.awt.EventDispatchThread.run()V+9
v  ~StubRoutines::call_stub

---------------  P R O C E S S  ---------------

Java Threads: ( => current thread )
  0x04cc2c00 JavaThread "Thread-5" [_thread_blocked, id=4984, stack(0x09650000,0x096a0000)]
  0x07aa5000 JavaThread "Animation Thread-SharedResourceRunner" daemon [_thread_blocked, id=5324, stack(0x066e0000,0x06730000)]
  0x0260bc00 JavaThread "DestroyJavaVM" [_thread_blocked, id=4796, stack(0x00580000,0x005d0000)]
  0x04cd1800 JavaThread "Animation Thread" [_thread_blocked, id=364, stack(0x07960000,0x079b0000)]
  0x04cc8000 JavaThread "D3D Screen Updater" daemon [_thread_blocked, id=5448, stack(0x078c0000,0x07910000)]
  0x04c90000 JavaThread "Image Fetcher 0" daemon [_thread_blocked, id=3324, stack(0x06780000,0x067d0000)]
=>0x04c63000 JavaThread "AWT-EventQueue-0" [_thread_in_native, id=3916, stack(0x06820000,0x06870000)]
  0x04c28000 JavaThread "AWT-Windows" daemon [_thread_in_native, id=6136, stack(0x047e0000,0x04830000)]
  0x04c27800 JavaThread "AWT-Shutdown" [_thread_blocked, id=5456, stack(0x04e60000,0x04eb0000)]
  0x04c24c00 JavaThread "Java2D Disposer" daemon [_thread_blocked, id=5744, stack(0x049c0000,0x04a10000)]
  0x003cd400 JavaThread "Service Thread" daemon [_thread_blocked, id=4852, stack(0x026b0000,0x02700000)]
  0x003cc000 JavaThread "C1 CompilerThread0" daemon [_thread_blocked, id=3572, stack(0x01f50000,0x01fa0000)]
  0x003ca400 JavaThread "Attach Listener" daemon [_thread_blocked, id=4580, stack(0x04930000,0x04980000)]
  0x003c7400 JavaThread "Signal Dispatcher" daemon [_thread_blocked, id=4988, stack(0x02570000,0x025c0000)]
  0x003b5400 JavaThread "Finalizer" daemon [_thread_blocked, id=5968, stack(0x005e0000,0x00630000)]
  0x003b0400 JavaThread "Reference Handler" daemon [_thread_blocked, id=5064, stack(0x02480000,0x024d0000)]

Other Threads:
  0x003ae400 VMThread [stack: 0x01fd0000,0x02020000] [id=1576]
  0x003e0400 WatcherThread [stack: 0x04b20000,0x04b70000] [id=3936]

VM state:not at safepoint (normal execution)

VM Mutex/Monitor currently owned by a thread: None

Heap
 def new generation   total 16448K, used 8747K [0x242a0000, 0x25470000, 0x297f0000)
  eden space 14656K,  55% used [0x242a0000, 0x24a92df8, 0x250f0000)
  from space 1792K,  33% used [0x252b0000, 0x253480e0, 0x25470000)
  to   space 1792K,   0% used [0x250f0000, 0x250f0000, 0x252b0000)
 tenured generation   total 36440K, used 21862K [0x297f0000, 0x2bb86000, 0x342a0000)
   the space 36440K,  59% used [0x297f0000, 0x2ad49ac0, 0x2ad49c00, 0x2bb86000)
 compacting perm gen  total 12288K, used 6488K [0x342a0000, 0x34ea0000, 0x382a0000)
   the space 12288K,  52% used [0x342a0000, 0x348f6260, 0x348f6400, 0x34ea0000)
    ro space 10240K,  42% used [0x382a0000, 0x386e4240, 0x386e4400, 0x38ca0000)
    rw space 12288K,  54% used [0x38ca0000, 0x39324d58, 0x39324e00, 0x398a0000)

Card table byte_map: [0x01e90000,0x01f40000] byte_map_base: 0x01d6eb00

Polling page: 0x00190000

Code Cache  [0x027e0000, 0x02948000, 0x047e0000)
 total_blobs=816 nmethods=391 adapters=360 free_code_cache=31358Kb largest_free_block=32111168

Compilation events (10 events):
Event: 1.746 Thread 0x003cc000  380             com.sun.org.apache.xerces.internal.xni.XMLString::toString (32 bytes)
Event: 1.746 Thread 0x003cc000 nmethod 380 0x0293ca08 code [0x0293cb10, 0x0293cc1c]
Event: 1.746 Thread 0x003cc000  381             java.util.ArrayList$SubList$1::next (79 bytes)
Event: 1.746 Thread 0x003cc000 nmethod 381 0x0293cc88 code [0x0293cdc0, 0x0293d014]
Event: 1.746 Thread 0x003cc000  382             java.util.ArrayList$SubList$1::checkForComodification (26 bytes)
Event: 1.746 Thread 0x003cc000 nmethod 382 0x0293d288 code [0x0293d390, 0x0293d49c]
Event: 1.746 Thread 0x003cc000  383             java.lang.String::split (326 bytes)
Event: 1.749 Thread 0x003cc000 nmethod 383 0x0293d588 code [0x0293d800, 0x0293e3e4]
Event: 1.769 Thread 0x003cc000    7 %           processing.opengl.PGL::nativeToJavaARGB @ 101 (339 bytes)
Event: 1.769 Thread 0x003cc000 nmethod 7% 0x0293f708 code [0x0293f840, 0x0293fcd0]

GC Heap History (10 events):
Event: 1.275 GC heap before
{Heap before GC invocations=8 (full 0):
 def new generation   total 4928K, used 3000K [0x242a0000, 0x247f0000, 0x297f0000)
  eden space 4416K,  67% used [0x242a0000, 0x2458b350, 0x246f0000)
  from space 512K,   2% used [0x246f0000, 0x246f2d88, 0x24770000)
  to   space 512K,   0% used [0x24770000, 0x24770000, 0x247f0000)
 tenured generation   total 10944K, used 5572K [0x297f0000, 0x2a2a0000, 0x342a0000)
   the space 10944K,  50% used [0x297f0000, 0x29d61168, 0x29d61200, 0x2a2a0000)
 compacting perm gen  total 12288K, used 6337K [0x342a0000, 0x34ea0000, 0x382a0000)
   the space 12288K,  51% used [0x342a0000, 0x348d0520, 0x348d0600, 0x34ea0000)
    ro space 10240K,  42% used [0x382a0000, 0x386e4240, 0x386e4400, 0x38ca0000)
    rw space 12288K,  54% used [0x38ca0000, 0x39324d58, 0x39324e00, 0x398a0000)
Event: 1.296 GC heap after
Heap after GC invocations=9 (full 1):
 def new generation   total 4992K, used 0K [0x242a0000, 0x24800000, 0x297f0000)
  eden space 4480K,   0% used [0x242a0000, 0x242a0000, 0x24700000)
  from space 512K,   0% used [0x24700000, 0x24700000, 0x24780000)
  to   space 512K,   0% used [0x24780000, 0x24780000, 0x24800000)
 tenured generation   total 10944K, used 5709K [0x297f0000, 0x2a2a0000, 0x342a0000)
   the space 10944K,  52% used [0x297f0000, 0x29d83720, 0x29d83800, 0x2a2a0000)
 compacting perm gen  total 12288K, used 6337K [0x342a0000, 0x34ea0000, 0x382a0000)
   the space 12288K,  51% used [0x342a0000, 0x348d0520, 0x348d0600, 0x34ea0000)
    ro space 10240K,  42% used [0x382a0000, 0x386e4240, 0x386e4400, 0x38ca0000)
    rw space 12288K,  54% used [0x38ca0000, 0x39324d58, 0x39324e00, 0x398a0000)
}
Event: 1.301 GC heap before
{Heap before GC invocations=9 (full 1):
 def new generation   total 4992K, used 13K [0x242a0000, 0x24800000, 0x297f0000)
  eden space 4480K,   0% used [0x242a0000, 0x242a35e8, 0x24700000)
  from space 512K,   0% used [0x24700000, 0x24700000, 0x24780000)
  to   space 512K,   0% used [0x24780000, 0x24780000, 0x24800000)
 tenured generation   total 19048K, used 13809K [0x297f0000, 0x2aa8a000, 0x342a0000)
   the space 19048K,  72% used [0x297f0000, 0x2a56c730, 0x2a56c800, 0x2aa8a000)
 compacting perm gen  total 12288K, used 6337K [0x342a0000, 0x34ea0000, 0x382a0000)
   the space 12288K,  51% used [0x342a0000, 0x348d0550, 0x348d0600, 0x34ea0000)
    ro space 10240K,  42% used [0x382a0000, 0x386e4240, 0x386e4400, 0x38ca0000)
    rw space 12288K,  54% used [0x38ca0000, 0x39324d58, 0x39324e00, 0x398a0000)
Event: 1.322 GC heap after
Heap after GC invocations=10 (full 2):
 def new generation   total 10368K, used 0K [0x242a0000, 0x24de0000, 0x297f0000)
  eden space 9216K,   0% used [0x242a0000, 0x242a0000, 0x24ba0000)
  from space 1152K,   0% used [0x24ba0000, 0x24ba0000, 0x24cc0000)
  to   space 1152K,   0% used [0x24cc0000, 0x24cc0000, 0x24de0000)
 tenured generation   total 22936K, used 13761K [0x297f0000, 0x2ae56000, 0x342a0000)
   the space 22936K,  59% used [0x297f0000, 0x2a560428, 0x2a560600, 0x2ae56000)
 compacting perm gen  total 12288K, used 6337K [0x342a0000, 0x34ea0000, 0x382a0000)
   the space 12288K,  51% used [0x342a0000, 0x348d0550, 0x348d0600, 0x34ea0000)
    ro space 10240K,  42% used [0x382a0000, 0x386e4240, 0x386e4400, 0x38ca0000)
    rw space 12288K,  54% used [0x38ca0000, 0x39324d58, 0x39324e00, 0x398a0000)
}
Event: 1.411 GC heap before
{Heap before GC invocations=10 (full 2):
 def new generation   total 10368K, used 8193K [0x242a0000, 0x24de0000, 0x297f0000)
  eden space 9216K,  88% used [0x242a0000, 0x24aa0750, 0x24ba0000)
  from space 1152K,   0% used [0x24ba0000, 0x24ba0000, 0x24cc0000)
  to   space 1152K,   0% used [0x24cc0000, 0x24cc0000, 0x24de0000)
 tenured generation   total 22936K, used 13761K [0x297f0000, 0x2ae56000, 0x342a0000)
   the space 22936K,  59% used [0x297f0000, 0x2a560428, 0x2a560600, 0x2ae56000)
 compacting perm gen  total 12288K, used 6337K [0x342a0000, 0x34ea0000, 0x382a0000)
   the space 12288K,  51% used [0x342a0000, 0x348d0570, 0x348d0600, 0x34ea0000)
    ro space 10240K,  42% used [0x382a0000, 0x386e4240, 0x386e4400, 0x38ca0000)
    rw space 12288K,  54% used [0x38ca0000, 0x39324d58, 0x39324e00, 0x398a0000)
Event: 1.416 GC heap after
Heap after GC invocations=11 (full 2):
 def new generation   total 10368K, used 1K [0x242a0000, 0x24de0000, 0x297f0000)
  eden space 9216K,   0% used [0x242a0000, 0x242a0000, 0x24ba0000)
  from space 1152K,   0% used [0x24cc0000, 0x24cc0438, 0x24de0000)
  to   space 1152K,   0% used [0x24ba0000, 0x24ba0000, 0x24cc0000)
 tenured generation   total 22936K, used 21861K [0x297f0000, 0x2ae56000, 0x342a0000)
   the space 22936K,  95% used [0x297f0000, 0x2ad49438, 0x2ad49600, 0x2ae56000)
 compacting perm gen  total 12288K, used 6337K [0x342a0000, 0x34ea0000, 0x382a0000)
   the space 12288K,  51% used [0x342a0000, 0x348d0570, 0x348d0600, 0x34ea0000)
    ro space 10240K,  42% used [0x382a0000, 0x386e4240, 0x386e4400, 0x38ca0000)
    rw space 12288K,  54% used [0x38ca0000, 0x39324d58, 0x39324e00, 0x398a0000)
}
Event: 1.420 GC heap before
{Heap before GC invocations=11 (full 2):
 def new generation   total 10368K, used 9067K [0x242a0000, 0x24de0000, 0x297f0000)
  eden space 9216K,  98% used [0x242a0000, 0x24b7ab10, 0x24ba0000)
  from space 1152K,   0% used [0x24cc0000, 0x24cc0438, 0x24de0000)
  to   space 1152K,   0% used [0x24ba0000, 0x24ba0000, 0x24cc0000)
 tenured generation   total 22936K, used 21861K [0x297f0000, 0x2ae56000, 0x342a0000)
   the space 22936K,  95% used [0x297f0000, 0x2ad49438, 0x2ad49600, 0x2ae56000)
 compacting perm gen  total 12288K, used 6337K [0x342a0000, 0x34ea0000, 0x382a0000)
   the space 12288K,  51% used [0x342a0000, 0x348d0570, 0x348d0600, 0x34ea0000)
    ro space 10240K,  42% used [0x382a0000, 0x386e4240, 0x386e4400, 0x38ca0000)
    rw space 12288K,  54% used [0x38ca0000, 0x39324d58, 0x39324e00, 0x398a0000)
Event: 1.448 GC heap after
Heap after GC invocations=12 (full 3):
 def new generation   total 16448K, used 0K [0x242a0000, 0x25470000, 0x297f0000)
  eden space 14656K,   0% used [0x242a0000, 0x242a0000, 0x250f0000)
  from space 1792K,   0% used [0x250f0000, 0x250f0000, 0x252b0000)
  to   space 1792K,   0% used [0x252b0000, 0x252b0000, 0x25470000)
 tenured generation   total 36440K, used 21862K [0x297f0000, 0x2bb86000, 0x342a0000)
   the space 36440K,  59% used [0x297f0000, 0x2ad49ac0, 0x2ad49c00, 0x2bb86000)
 compacting perm gen  total 12288K, used 6337K [0x342a0000, 0x34ea0000, 0x382a0000)
   the space 12288K,  51% used [0x342a0000, 0x348d0570, 0x348d0600, 0x34ea0000)
    ro space 10240K,  42% used [0x382a0000, 0x386e4240, 0x386e4400, 0x38ca0000)
    rw space 12288K,  54% used [0x38ca0000, 0x39324d58, 0x39324e00, 0x398a0000)
}
Event: 1.747 GC heap before
{Heap before GC invocations=12 (full 3):
 def new generation   total 16448K, used 11631K [0x242a0000, 0x25470000, 0x297f0000)
  eden space 14656K,  79% used [0x242a0000, 0x24dfbc40, 0x250f0000)
  from space 1792K,   0% used [0x250f0000, 0x250f0000, 0x252b0000)
  to   space 1792K,   0% used [0x252b0000, 0x252b0000, 0x25470000)
 tenured generation   total 36440K, used 21862K [0x297f0000, 0x2bb86000, 0x342a0000)
   the space 36440K,  59% used [0x297f0000, 0x2ad49ac0, 0x2ad49c00, 0x2bb86000)
 compacting perm gen  total 12288K, used 6488K [0x342a0000, 0x34ea0000, 0x382a0000)
   the space 12288K,  52% used [0x342a0000, 0x348f6260, 0x348f6400, 0x34ea0000)
    ro space 10240K,  42% used [0x382a0000, 0x386e4240, 0x386e4400, 0x38ca0000)
    rw space 12288K,  54% used [0x38ca0000, 0x39324d58, 0x39324e00, 0x398a0000)
Event: 1.748 GC heap after
Heap after GC invocations=13 (full 3):
 def new generation   total 16448K, used 608K [0x242a0000, 0x25470000, 0x297f0000)
  eden space 14656K,   0% used [0x242a0000, 0x242a0000, 0x250f0000)
  from space 1792K,  33% used [0x252b0000, 0x253480e0, 0x25470000)
  to   space 1792K,   0% used [0x250f0000, 0x250f0000, 0x252b0000)
 tenured generation   total 36440K, used 21862K [0x297f0000, 0x2bb86000, 0x342a0000)
   the space 36440K,  59% used [0x297f0000, 0x2ad49ac0, 0x2ad49c00, 0x2bb86000)
 compacting perm gen  total 12288K, used 6488K [0x342a0000, 0x34ea0000, 0x382a0000)
   the space 12288K,  52% used [0x342a0000, 0x348f6260, 0x348f6400, 0x34ea0000)
    ro space 10240K,  42% used [0x382a0000, 0x386e4240, 0x386e4400, 0x38ca0000)
    rw space 12288K,  54% used [0x38ca0000, 0x39324d58, 0x39324e00, 0x398a0000)
}

Deoptimization events (0 events):
No events

Internal exceptions (10 events):
Event: 1.708 Thread 0x04c63000 Threw 0x24bf4a10 at C:\jdk7u2_32P\jdk7u25\hotspot\src\share\vm\prims\jvm.cpp:1235
Event: 1.709 Thread 0x04c63000 Threw 0x24bf74b0 at C:\jdk7u2_32P\jdk7u25\hotspot\src\share\vm\prims\jvm.cpp:1235
Event: 1.709 Thread 0x04c63000 Threw 0x24bfdf50 at C:\jdk7u2_32P\jdk7u25\hotspot\src\share\vm\prims\jvm.cpp:1235
Event: 1.709 Thread 0x04c63000 Threw 0x24bffaa0 at C:\jdk7u2_32P\jdk7u25\hotspot\src\share\vm\prims\jvm.cpp:1235
Event: 1.710 Thread 0x04c63000 Threw 0x24c03c88 at C:\jdk7u2_32P\jdk7u25\hotspot\src\share\vm\prims\jvm.cpp:1235
Event: 1.710 Thread 0x04c63000 Threw 0x24c055d8 at C:\jdk7u2_32P\jdk7u25\hotspot\src\share\vm\prims\jvm.cpp:1235
Event: 1.710 Thread 0x04c63000 Threw 0x24c0b190 at C:\jdk7u2_32P\jdk7u25\hotspot\src\share\vm\prims\jvm.cpp:1235
Event: 1.711 Thread 0x04c63000 Threw 0x24c0e8c8 at C:\jdk7u2_32P\jdk7u25\hotspot\src\share\vm\prims\jvm.cpp:1235
Event: 1.746 Thread 0x04c63000 Threw 0x24deb200 at C:\jdk7u2_32P\jdk7u25\hotspot\src\share\vm\prims\jvm.cpp:1235
Event: 1.746 Thread 0x04c63000 Threw 0x24decc98 at C:\jdk7u2_32P\jdk7u25\hotspot\src\share\vm\prims\jvm.cpp:1235

Events (10 events):
Event: 1.711 loading class 0x07d52368
Event: 1.711 loading class 0x07d52368 done
Event: 1.715 loading class 0x39985928
Event: 1.715 loading class 0x39985928 done
Event: 1.746 loading class 0x07d51fb0
Event: 1.746 loading class 0x07d51fb0 done
Event: 1.746 loading class 0x07d54c08
Event: 1.746 loading class 0x07d54c08 done
Event: 1.747 Executing VM operation: GenCollectForAllocation
Event: 1.748 Executing VM operation: GenCollectForAllocation done


Dynamic libraries:
0x002c0000 - 0x002ef000 	C:\Program Files (x86)\Java\jre7\bin\javaw.exe
0x76f70000 - 0x770f0000 	C:\Windows\SysWOW64\ntdll.dll
0x750e0000 - 0x751f0000 	C:\Windows\syswow64\kernel32.dll
0x76810000 - 0x76857000 	C:\Windows\syswow64\KERNELBASE.dll
0x74ed0000 - 0x74f70000 	C:\Windows\syswow64\ADVAPI32.dll
0x74e20000 - 0x74ecc000 	C:\Windows\syswow64\msvcrt.dll
0x762f0000 - 0x76309000 	C:\Windows\SysWOW64\sechost.dll
0x74b90000 - 0x74c80000 	C:\Windows\syswow64\RPCRT4.dll
0x749c0000 - 0x74a20000 	C:\Windows\syswow64\SspiCli.dll
0x749b0000 - 0x749bc000 	C:\Windows\syswow64\CRYPTBASE.dll
0x74a20000 - 0x74b20000 	C:\Windows\syswow64\USER32.dll
0x752e0000 - 0x75370000 	C:\Windows\syswow64\GDI32.dll
0x74b80000 - 0x74b8a000 	C:\Windows\syswow64\LPK.dll
0x74cc0000 - 0x74d5d000 	C:\Windows\syswow64\USP10.dll
0x719d0000 - 0x71b6e000 	C:\Windows\WinSxS\x86_microsoft.windows.common-controls_6595b64144ccf1df_6.0.7601.17514_none_41e6975e2bd6f2b2\COMCTL32.dll
0x74dc0000 - 0x74e17000 	C:\Windows\syswow64\SHLWAPI.dll
0x74b20000 - 0x74b80000 	C:\Windows\system32\IMM32.DLL
0x75200000 - 0x752cc000 	C:\Windows\syswow64\MSCTF.dll
0x6a170000 - 0x6a22e000 	C:\Program Files (x86)\Java\jre7\bin\msvcr100.dll
0x64150000 - 0x64492000 	C:\Program Files (x86)\Java\jre7\bin\client\jvm.dll
0x70d00000 - 0x70d07000 	C:\Windows\system32\WSOCK32.dll
0x762b0000 - 0x762e5000 	C:\Windows\syswow64\WS2_32.dll
0x75470000 - 0x75476000 	C:\Windows\syswow64\NSI.dll
0x74760000 - 0x74792000 	C:\Windows\system32\WINMM.dll
0x74cb0000 - 0x74cb5000 	C:\Windows\syswow64\PSAPI.DLL
0x6fcc0000 - 0x6fccc000 	C:\Program Files (x86)\Java\jre7\bin\verify.dll
0x6fca0000 - 0x6fcc0000 	C:\Program Files (x86)\Java\jre7\bin\java.dll
0x6fc80000 - 0x6fc93000 	C:\Program Files (x86)\Java\jre7\bin\zip.dll
0x646a0000 - 0x647e4000 	C:\Program Files (x86)\Java\jre7\bin\awt.dll
0x75370000 - 0x753ff000 	C:\Windows\syswow64\OLEAUT32.dll
0x74f80000 - 0x750dc000 	C:\Windows\syswow64\ole32.dll
0x71e00000 - 0x71e13000 	C:\Windows\system32\DWMAPI.DLL
0x716b0000 - 0x71730000 	C:\Windows\system32\uxtheme.dll
0x69980000 - 0x69b43000 	C:\Windows\system32\d3d9.dll
0x748e0000 - 0x748e9000 	C:\Windows\system32\VERSION.dll
0x69ca0000 - 0x69ca6000 	C:\Windows\system32\d3d8thk.dll
0x62a20000 - 0x63679000 	C:\Windows\system32\nvd3dum.dll
0x74730000 - 0x74755000 	C:\Windows\system32\powrprof.dll
0x76510000 - 0x766ad000 	C:\Windows\syswow64\SETUPAPI.dll
0x74c80000 - 0x74ca7000 	C:\Windows\syswow64\CFGMGR32.dll
0x76290000 - 0x762a2000 	C:\Windows\syswow64\DEVOBJ.dll
0x62270000 - 0x6239c000 	C:\Program Files (x86)\NVIDIA Corporation\3D Vision\nvSCPAPI.dll
0x75480000 - 0x760ca000 	C:\Windows\syswow64\SHELL32.dll
0x6fc40000 - 0x6fc71000 	C:\Program Files (x86)\Java\jre7\bin\fontmanager.dll
0x76ae0000 - 0x76b63000 	C:\Windows\syswow64\CLBCatQ.DLL
0x71de0000 - 0x71df6000 	C:\Windows\system32\CRYPTSP.dll
0x71670000 - 0x716ab000 	C:\Windows\system32\rsaenh.dll
0x71880000 - 0x71897000 	C:\Windows\system32\USERENV.dll
0x722f0000 - 0x722fb000 	C:\Windows\system32\profapi.dll
0x6fc20000 - 0x6fc34000 	C:\Program Files (x86)\Java\jre7\bin\net.dll
0x72440000 - 0x7247c000 	C:\Windows\system32\mswsock.dll
0x719c0000 - 0x719c6000 	C:\Windows\System32\wship6.dll
0x719b0000 - 0x719c0000 	C:\Windows\system32\NLAapi.dll
0x719a0000 - 0x719b0000 	C:\Windows\system32\napinsp.dll
0x71650000 - 0x71662000 	C:\Windows\system32\pnrpnsp.dll
0x71600000 - 0x71644000 	C:\Windows\system32\DNSAPI.dll
0x715f0000 - 0x715f8000 	C:\Windows\System32\winrnr.dll
0x715e0000 - 0x715e5000 	C:\Windows\System32\wshtcpip.dll
0x720f0000 - 0x7210c000 	C:\Windows\system32\IPHLPAPI.DLL
0x720e0000 - 0x720e7000 	C:\Windows\system32\WINNSI.DLL
0x715d0000 - 0x715d6000 	C:\Windows\system32\rasadhlp.dll
0x71520000 - 0x71558000 	C:\Windows\System32\fwpuclnt.dll
0x73710000 - 0x7371f000 	C:\Program Files (x86)\Java\jre7\bin\nio.dll
0x637c0000 - 0x637ca000 	C:\Users\Jacques\AppData\Local\Temp\jogamp_0000\file_cache\jln312412281885027932\jln8925403561765607230\gluegen-rt.dll
0x6fc10000 - 0x6fc16000 	C:\Program Files (x86)\Java\jre7\bin\jawt.dll
0x6a440000 - 0x6a44a000 	C:\Users\Jacques\AppData\Local\Temp\jogamp_0000\file_cache\jln312412281885027932\jln8925403561765607230\nativewindow_awt.dll
0x6c100000 - 0x6c110000 	C:\Users\Jacques\AppData\Local\Temp\jogamp_0000\file_cache\jln312412281885027932\jln8925403561765607230\nativewindow_win32.dll
0x68a30000 - 0x68af8000 	C:\Windows\system32\OpenGL32.dll
0x698a0000 - 0x698c2000 	C:\Windows\system32\GLU32.dll
0x71b70000 - 0x71c57000 	C:\Windows\system32\DDRAW.dll
0x71e20000 - 0x71e26000 	C:\Windows\system32\DCIMAN32.dll
0x64500000 - 0x6456c000 	C:\Users\Jacques\AppData\Local\Temp\jogamp_0000\file_cache\jln312412281885027932\jln8925403561765607230\jogl_desktop.dll
0x5ba10000 - 0x5cf4b000 	C:\Windows\system32\nvoglv32.DLL
0x76ab0000 - 0x76ade000 	C:\Windows\syswow64\WINTRUST.dll
0x760d0000 - 0x761f0000 	C:\Windows\syswow64\CRYPT32.dll
0x75460000 - 0x7546c000 	C:\Windows\syswow64\MSASN1.dll
0x74850000 - 0x74871000 	C:\Windows\system32\ntmarta.dll
0x74d60000 - 0x74da5000 	C:\Windows\syswow64\WLDAP32.dll
0x6a140000 - 0x6a170000 	C:\Program Files (x86)\Java\jre7\bin\t2k.dll
0x718a0000 - 0x7198b000 	C:\Windows\system32\dbghelp.dll

VM Arguments:
jvm_args: -Djava.library.path=C:\Users\Jacques\Documents\GitHub\Sketchup-Blocks\EclipseProject\SketchupBlocks\libs;C:\Users\Jacques\Documents\GitHub\Sketchup-Blocks\EclipseProject\SketchupBlocks\libs -Dfile.encoding=Cp1252 
java_command: sketchupblocks.base.SketchupBlocks
Launcher Type: SUN_STANDARD

Environment Variables:
PATH=C:\Program Files (x86)\NVIDIA Corporation\PhysX\Common;C:\Program Files\NVIDIA GPU Computing Toolkit\CUDA\v5.5\bin;C:\Program Files\NVIDIA GPU Computing Toolkit\CUDA\v5.5\libnvvp;C:\Program Files (x86)\AMD APP\bin\x86_64;C:\Program Files (x86)\AMD APP\bin\x86;C:\Windows\system32;C:\Windows;C:\Windows\System32\Wbem;C:\Windows\System32\WindowsPowerShell\v1.0\;C:\MinGW\bin;C:\MinGW\msys\1.0\bin;C:\Program Files\Microsoft\Web Platform Installer\;C:\Program Files (x86)\Microsoft ASP.NET\ASP.NET Web Pages\v1.0\;C:\Program Files (x86)\Windows Kits\8.0\Windows Performance Toolkit\;C:\Program Files\Microsoft SQL Server\110\Tools\Binn\;C:\Program Files\Java\jdk1.7.0_25\bin;
USERNAME=Jacques
OS=Windows_NT
PROCESSOR_IDENTIFIER=AMD64 Family 21 Model 1 Stepping 2, AuthenticAMD



---------------  S Y S T E M  ---------------

OS: Windows 7 , 64 bit Build 7601 Service Pack 1

CPU:total 6 (6 cores per cpu, 1 threads per core) family 21 model 1 stepping 2, cmov, cx8, fxsr, mmx, sse, sse2, sse3, ssse3, sse4.1, sse4.2, popcnt, avx, mmxext, 3dnowpref, lzcnt, sse4a, tsc, tscinvbit, tscinv

Memory: 4k page, physical 8054708k(5355536k free), swap 16107556k(12989024k free)

vm_info: Java HotSpot(TM) Client VM (23.25-b01) for windows-x86 JRE (1.7.0_25-b17), built on Jun 21 2013 13:06:48 by "java_re" with unknown MS VC++:1600

time: Sat Sep 21 18:48:34 2013
elapsed time: 1 seconds

